running egg_info
writing ../build/motors/motors.egg-info/PKG-INFO
writing dependency_links to ../build/motors/motors.egg-info/dependency_links.txt
writing entry points to ../build/motors/motors.egg-info/entry_points.txt
writing requirements to ../build/motors/motors.egg-info/requires.txt
writing top-level names to ../build/motors/motors.egg-info/top_level.txt
reading manifest file '../build/motors/motors.egg-info/SOURCES.txt'
writing manifest file '../build/motors/motors.egg-info/SOURCES.txt'
running build
running build_py
copying motors/drivetrain.py -> /home/waldo/ros2_ws/src/build/motors/build/lib/motors
running install
running install_lib
copying /home/waldo/ros2_ws/src/build/motors/build/lib/motors/drivetrain.py -> /home/waldo/ros2_ws/src/install/motors/lib/python3.10/site-packages/motors
byte-compiling /home/waldo/ros2_ws/src/install/motors/lib/python3.10/site-packages/motors/drivetrain.py to drivetrain.cpython-310.pyc
running install_data
running install_egg_info
removing '/home/waldo/ros2_ws/src/install/motors/lib/python3.10/site-packages/motors-0.0.0-py3.10.egg-info' (and everything under it)
Copying ../build/motors/motors.egg-info to /home/waldo/ros2_ws/src/install/motors/lib/python3.10/site-packages/motors-0.0.0-py3.10.egg-info
running install_scripts
Installing arm script to /home/waldo/ros2_ws/src/install/motors/lib/motors
Installing drive script to /home/waldo/ros2_ws/src/install/motors/lib/motors
writing list of installed files to '/home/waldo/ros2_ws/src/build/motors/install.log'
