[0.618s] DEBUG:colcon:Command line arguments: ['/home/waldo/.local/bin/colcon', 'build', '--symlink-install']
[0.618s] DEBUG:colcon:Parsed command line arguments: Namespace(log_base=None, log_level=None, verb_name='build', build_base='build', install_base='install', merge_install=False, symlink_install=True, test_result_base=None, continue_on_error=False, executor='parallel', parallel_workers=4, event_handlers=None, ignore_user_meta=False, metas=['./colcon.meta'], base_paths=['.'], packages_ignore=None, packages_ignore_regex=None, paths=None, packages_up_to=None, packages_up_to_regex=None, packages_above=None, packages_above_and_dependencies=None, packages_above_depth=None, packages_select_by_dep=None, packages_skip_by_dep=None, packages_skip_up_to=None, packages_select_build_failed=False, packages_skip_build_finished=False, packages_select_test_failures=False, packages_skip_test_passed=False, packages_select=None, packages_skip=None, packages_select_regex=None, packages_skip_regex=None, packages_start=None, packages_end=None, cmake_args=None, cmake_target=None, cmake_target_skip_unavailable=False, cmake_clean_cache=False, cmake_clean_first=False, cmake_force_configure=False, ament_cmake_args=None, catkin_cmake_args=None, catkin_skip_building_tests=False, verb_parser=<colcon_defaults.argument_parser.defaults.DefaultArgumentsDecorator object at 0xffff9483d6c0>, verb_extension=<colcon_core.verb.build.BuildVerb object at 0xffff94a6e3b0>, main=<bound method BuildVerb.main of <colcon_core.verb.build.BuildVerb object at 0xffff94a6e3b0>>)
[1.304s] Level 1:colcon.colcon_core.package_discovery:discover_packages(colcon_meta) check parameters
[1.313s] Level 1:colcon.colcon_core.package_discovery:discover_packages(recursive) check parameters
[1.313s] Level 1:colcon.colcon_core.package_discovery:discover_packages(ignore) check parameters
[1.313s] Level 1:colcon.colcon_core.package_discovery:discover_packages(path) check parameters
[1.314s] Level 1:colcon.colcon_core.package_discovery:discover_packages(colcon_meta) discover
[1.314s] Level 1:colcon.colcon_core.package_discovery:discover_packages(recursive) discover
[1.314s] INFO:colcon.colcon_core.package_discovery:Crawling recursively for packages in '/home/waldo/ros2_ws'
[1.315s] Level 1:colcon.colcon_core.package_identification:_identify(.) by extensions ['ignore', 'ignore_ament_install']
[1.315s] Level 1:colcon.colcon_core.package_identification:_identify(.) by extension 'ignore'
[1.315s] Level 1:colcon.colcon_core.package_identification:_identify(.) by extension 'ignore_ament_install'
[1.316s] Level 1:colcon.colcon_core.package_identification:_identify(.) by extensions ['colcon_pkg']
[1.316s] Level 1:colcon.colcon_core.package_identification:_identify(.) by extension 'colcon_pkg'
[1.316s] Level 1:colcon.colcon_core.package_identification:_identify(.) by extensions ['colcon_meta']
[1.316s] Level 1:colcon.colcon_core.package_identification:_identify(.) by extension 'colcon_meta'
[1.316s] Level 1:colcon.colcon_core.package_identification:_identify(.) by extensions ['ros']
[1.316s] Level 1:colcon.colcon_core.package_identification:_identify(.) by extension 'ros'
[1.373s] Level 1:colcon.colcon_core.package_identification:_identify(.) by extensions ['cmake', 'python']
[1.374s] Level 1:colcon.colcon_core.package_identification:_identify(.) by extension 'cmake'
[1.374s] Level 1:colcon.colcon_core.package_identification:_identify(.) by extension 'python'
[1.374s] Level 1:colcon.colcon_core.package_identification:_identify(.) by extensions ['python_setup_py']
[1.374s] Level 1:colcon.colcon_core.package_identification:_identify(.) by extension 'python_setup_py'
[1.375s] Level 1:colcon.colcon_core.package_identification:_identify(build) by extensions ['ignore', 'ignore_ament_install']
[1.375s] Level 1:colcon.colcon_core.package_identification:_identify(build) by extension 'ignore'
[1.376s] Level 1:colcon.colcon_core.package_identification:_identify(build) ignored
[1.376s] Level 1:colcon.colcon_core.package_identification:_identify(install) by extensions ['ignore', 'ignore_ament_install']
[1.377s] Level 1:colcon.colcon_core.package_identification:_identify(install) by extension 'ignore'
[1.377s] Level 1:colcon.colcon_core.package_identification:_identify(install) ignored
[1.378s] Level 1:colcon.colcon_core.package_identification:_identify(log) by extensions ['ignore', 'ignore_ament_install']
[1.378s] Level 1:colcon.colcon_core.package_identification:_identify(log) by extension 'ignore'
[1.378s] Level 1:colcon.colcon_core.package_identification:_identify(log) ignored
[1.379s] Level 1:colcon.colcon_core.package_identification:_identify(src) by extensions ['ignore', 'ignore_ament_install']
[1.379s] Level 1:colcon.colcon_core.package_identification:_identify(src) by extension 'ignore'
[1.379s] Level 1:colcon.colcon_core.package_identification:_identify(src) by extension 'ignore_ament_install'
[1.380s] Level 1:colcon.colcon_core.package_identification:_identify(src) by extensions ['colcon_pkg']
[1.380s] Level 1:colcon.colcon_core.package_identification:_identify(src) by extension 'colcon_pkg'
[1.380s] Level 1:colcon.colcon_core.package_identification:_identify(src) by extensions ['colcon_meta']
[1.380s] Level 1:colcon.colcon_core.package_identification:_identify(src) by extension 'colcon_meta'
[1.380s] Level 1:colcon.colcon_core.package_identification:_identify(src) by extensions ['ros']
[1.380s] Level 1:colcon.colcon_core.package_identification:_identify(src) by extension 'ros'
[1.381s] Level 1:colcon.colcon_core.package_identification:_identify(src) by extensions ['cmake', 'python']
[1.381s] Level 1:colcon.colcon_core.package_identification:_identify(src) by extension 'cmake'
[1.381s] Level 1:colcon.colcon_core.package_identification:_identify(src) by extension 'python'
[1.381s] Level 1:colcon.colcon_core.package_identification:_identify(src) by extensions ['python_setup_py']
[1.382s] Level 1:colcon.colcon_core.package_identification:_identify(src) by extension 'python_setup_py'
[1.382s] Level 1:colcon.colcon_core.package_identification:_identify(src/build) by extensions ['ignore', 'ignore_ament_install']
[1.383s] Level 1:colcon.colcon_core.package_identification:_identify(src/build) by extension 'ignore'
[1.383s] Level 1:colcon.colcon_core.package_identification:_identify(src/build) ignored
[1.383s] Level 1:colcon.colcon_core.package_identification:_identify(src/install) by extensions ['ignore', 'ignore_ament_install']
[1.384s] Level 1:colcon.colcon_core.package_identification:_identify(src/install) by extension 'ignore'
[1.384s] Level 1:colcon.colcon_core.package_identification:_identify(src/install) ignored
[1.385s] Level 1:colcon.colcon_core.package_identification:_identify(src/log) by extensions ['ignore', 'ignore_ament_install']
[1.385s] Level 1:colcon.colcon_core.package_identification:_identify(src/log) by extension 'ignore'
[1.385s] Level 1:colcon.colcon_core.package_identification:_identify(src/log) ignored
[1.386s] Level 1:colcon.colcon_core.package_identification:_identify(src/motor_interfaces) by extensions ['ignore', 'ignore_ament_install']
[1.386s] Level 1:colcon.colcon_core.package_identification:_identify(src/motor_interfaces) by extension 'ignore'
[1.386s] Level 1:colcon.colcon_core.package_identification:_identify(src/motor_interfaces) by extension 'ignore_ament_install'
[1.387s] Level 1:colcon.colcon_core.package_identification:_identify(src/motor_interfaces) by extensions ['colcon_pkg']
[1.387s] Level 1:colcon.colcon_core.package_identification:_identify(src/motor_interfaces) by extension 'colcon_pkg'
[1.387s] Level 1:colcon.colcon_core.package_identification:_identify(src/motor_interfaces) by extensions ['colcon_meta']
[1.387s] Level 1:colcon.colcon_core.package_identification:_identify(src/motor_interfaces) by extension 'colcon_meta'
[1.387s] Level 1:colcon.colcon_core.package_identification:_identify(src/motor_interfaces) by extensions ['ros']
[1.388s] Level 1:colcon.colcon_core.package_identification:_identify(src/motor_interfaces) by extension 'ros'
[1.398s] DEBUG:colcon.colcon_core.package_identification:Package 'src/motor_interfaces' with type 'ros.ament_cmake' and name 'motor_interfaces'
[1.399s] Level 1:colcon.colcon_core.package_identification:_identify(src/motors) by extensions ['ignore', 'ignore_ament_install']
[1.400s] Level 1:colcon.colcon_core.package_identification:_identify(src/motors) by extension 'ignore'
[1.400s] Level 1:colcon.colcon_core.package_identification:_identify(src/motors) by extension 'ignore_ament_install'
[1.400s] Level 1:colcon.colcon_core.package_identification:_identify(src/motors) by extensions ['colcon_pkg']
[1.400s] Level 1:colcon.colcon_core.package_identification:_identify(src/motors) by extension 'colcon_pkg'
[1.401s] Level 1:colcon.colcon_core.package_identification:_identify(src/motors) by extensions ['colcon_meta']
[1.401s] Level 1:colcon.colcon_core.package_identification:_identify(src/motors) by extension 'colcon_meta'
[1.401s] Level 1:colcon.colcon_core.package_identification:_identify(src/motors) by extensions ['ros']
[1.401s] Level 1:colcon.colcon_core.package_identification:_identify(src/motors) by extension 'ros'
[1.404s] DEBUG:colcon.colcon_core.package_identification:Package 'src/motors' with type 'ros.ament_python' and name 'motors'
[1.404s] Level 1:colcon.colcon_core.package_discovery:discover_packages(recursive) using defaults
[1.404s] Level 1:colcon.colcon_core.package_discovery:discover_packages(ignore) discover
[1.405s] Level 1:colcon.colcon_core.package_discovery:discover_packages(ignore) using defaults
[1.405s] Level 1:colcon.colcon_core.package_discovery:discover_packages(path) discover
[1.405s] Level 1:colcon.colcon_core.package_discovery:discover_packages(path) using defaults
[1.495s] Level 5:colcon.colcon_core.verb:set package 'motor_interfaces' build argument 'cmake_args' from command line to 'None'
[1.496s] Level 5:colcon.colcon_core.verb:set package 'motor_interfaces' build argument 'cmake_target' from command line to 'None'
[1.496s] Level 5:colcon.colcon_core.verb:set package 'motor_interfaces' build argument 'cmake_target_skip_unavailable' from command line to 'False'
[1.496s] Level 5:colcon.colcon_core.verb:set package 'motor_interfaces' build argument 'cmake_clean_cache' from command line to 'False'
[1.496s] Level 5:colcon.colcon_core.verb:set package 'motor_interfaces' build argument 'cmake_clean_first' from command line to 'False'
[1.496s] Level 5:colcon.colcon_core.verb:set package 'motor_interfaces' build argument 'cmake_force_configure' from command line to 'False'
[1.496s] Level 5:colcon.colcon_core.verb:set package 'motor_interfaces' build argument 'ament_cmake_args' from command line to 'None'
[1.497s] Level 5:colcon.colcon_core.verb:set package 'motor_interfaces' build argument 'catkin_cmake_args' from command line to 'None'
[1.497s] Level 5:colcon.colcon_core.verb:set package 'motor_interfaces' build argument 'catkin_skip_building_tests' from command line to 'False'
[1.497s] DEBUG:colcon.colcon_core.verb:Building package 'motor_interfaces' with the following arguments: {'ament_cmake_args': None, 'build_base': '/home/waldo/ros2_ws/build/motor_interfaces', 'catkin_cmake_args': None, 'catkin_skip_building_tests': False, 'cmake_args': None, 'cmake_clean_cache': False, 'cmake_clean_first': False, 'cmake_force_configure': False, 'cmake_target': None, 'cmake_target_skip_unavailable': False, 'install_base': '/home/waldo/ros2_ws/install/motor_interfaces', 'merge_install': False, 'path': '/home/waldo/ros2_ws/src/motor_interfaces', 'symlink_install': True, 'test_result_base': None}
[1.499s] Level 5:colcon.colcon_core.verb:set package 'motors' build argument 'cmake_args' from command line to 'None'
[1.499s] Level 5:colcon.colcon_core.verb:set package 'motors' build argument 'cmake_target' from command line to 'None'
[1.499s] Level 5:colcon.colcon_core.verb:set package 'motors' build argument 'cmake_target_skip_unavailable' from command line to 'False'
[1.499s] Level 5:colcon.colcon_core.verb:set package 'motors' build argument 'cmake_clean_cache' from command line to 'False'
[1.499s] Level 5:colcon.colcon_core.verb:set package 'motors' build argument 'cmake_clean_first' from command line to 'False'
[1.499s] Level 5:colcon.colcon_core.verb:set package 'motors' build argument 'cmake_force_configure' from command line to 'False'
[1.500s] Level 5:colcon.colcon_core.verb:set package 'motors' build argument 'ament_cmake_args' from command line to 'None'
[1.500s] Level 5:colcon.colcon_core.verb:set package 'motors' build argument 'catkin_cmake_args' from command line to 'None'
[1.500s] Level 5:colcon.colcon_core.verb:set package 'motors' build argument 'catkin_skip_building_tests' from command line to 'False'
[1.500s] DEBUG:colcon.colcon_core.verb:Building package 'motors' with the following arguments: {'ament_cmake_args': None, 'build_base': '/home/waldo/ros2_ws/build/motors', 'catkin_cmake_args': None, 'catkin_skip_building_tests': False, 'cmake_args': None, 'cmake_clean_cache': False, 'cmake_clean_first': False, 'cmake_force_configure': False, 'cmake_target': None, 'cmake_target_skip_unavailable': False, 'install_base': '/home/waldo/ros2_ws/install/motors', 'merge_install': False, 'path': '/home/waldo/ros2_ws/src/motors', 'symlink_install': True, 'test_result_base': None}
[1.501s] INFO:colcon.colcon_core.executor:Executing jobs using 'parallel' executor
[1.505s] DEBUG:colcon.colcon_parallel_executor.executor.parallel:run_until_complete
[1.506s] INFO:colcon.colcon_ros.task.ament_cmake.build:Building ROS package in '/home/waldo/ros2_ws/src/motor_interfaces' with build type 'ament_cmake'
[1.507s] INFO:colcon.colcon_cmake.task.cmake.build:Building CMake package in '/home/waldo/ros2_ws/src/motor_interfaces'
[1.518s] INFO:colcon.colcon_core.plugin_system:Skipping extension 'colcon_core.shell.bat': Not used on non-Windows systems
[1.519s] INFO:colcon.colcon_core.shell:Skip shell extension 'powershell' for command environment: Not usable outside of PowerShell
[1.519s] DEBUG:colcon.colcon_core.shell:Skip shell extension 'dsv' for command environment
[1.558s] DEBUG:colcon.colcon_core.event_handler.log_command:Invoking command in '/home/waldo/ros2_ws/build/motor_interfaces': CMAKE_PREFIX_PATH=/opt/ros/humble /usr/bin/cmake /home/waldo/ros2_ws/src/motor_interfaces -DAMENT_CMAKE_SYMLINK_INSTALL=1 -DCMAKE_INSTALL_PREFIX=/home/waldo/ros2_ws/install/motor_interfaces
[9.521s] DEBUG:colcon.colcon_core.event_handler.log_command:Invoked command in '/home/waldo/ros2_ws/build/motor_interfaces' returned '0': CMAKE_PREFIX_PATH=/opt/ros/humble /usr/bin/cmake /home/waldo/ros2_ws/src/motor_interfaces -DAMENT_CMAKE_SYMLINK_INSTALL=1 -DCMAKE_INSTALL_PREFIX=/home/waldo/ros2_ws/install/motor_interfaces
[9.531s] DEBUG:colcon.colcon_core.event_handler.log_command:Invoking command in '/home/waldo/ros2_ws/build/motor_interfaces': CMAKE_PREFIX_PATH=/opt/ros/humble /usr/bin/cmake --build /home/waldo/ros2_ws/build/motor_interfaces -- -j4 -l4
[26.714s] DEBUG:colcon.colcon_core.event_handler.log_command:Invoked command in '/home/waldo/ros2_ws/build/motor_interfaces' returned '0': CMAKE_PREFIX_PATH=/opt/ros/humble /usr/bin/cmake --build /home/waldo/ros2_ws/build/motor_interfaces -- -j4 -l4
[26.755s] DEBUG:colcon.colcon_core.event_handler.log_command:Invoking command in '/home/waldo/ros2_ws/build/motor_interfaces': CMAKE_PREFIX_PATH=/opt/ros/humble /usr/bin/cmake --install /home/waldo/ros2_ws/build/motor_interfaces
[29.960s] Level 1:colcon.colcon_core.environment:create_environment_scripts_only(motor_interfaces)
[29.961s] DEBUG:colcon.colcon_core.event_handler.log_command:Invoked command in '/home/waldo/ros2_ws/build/motor_interfaces' returned '0': CMAKE_PREFIX_PATH=/opt/ros/humble /usr/bin/cmake --install /home/waldo/ros2_ws/build/motor_interfaces
[29.972s] Level 1:colcon.colcon_core.environment:checking '/home/waldo/ros2_ws/install/motor_interfaces' for CMake module files
[29.977s] Level 1:colcon.colcon_core.environment:checking '/home/waldo/ros2_ws/install/motor_interfaces' for CMake config files
[29.984s] Level 1:colcon.colcon_core.shell:create_environment_hook('motor_interfaces', 'cmake_prefix_path')
[29.985s] INFO:colcon.colcon_core.shell:Creating environment hook '/home/waldo/ros2_ws/install/motor_interfaces/share/motor_interfaces/hook/cmake_prefix_path.ps1'
[29.989s] INFO:colcon.colcon_core.shell:Creating environment descriptor '/home/waldo/ros2_ws/install/motor_interfaces/share/motor_interfaces/hook/cmake_prefix_path.dsv'
[29.991s] INFO:colcon.colcon_core.shell:Creating environment hook '/home/waldo/ros2_ws/install/motor_interfaces/share/motor_interfaces/hook/cmake_prefix_path.sh'
[29.995s] Level 1:colcon.colcon_core.environment:checking '/home/waldo/ros2_ws/install/motor_interfaces/lib'
[29.996s] Level 1:colcon.colcon_core.shell:create_environment_hook('motor_interfaces', 'ld_library_path_lib')
[29.997s] INFO:colcon.colcon_core.shell:Creating environment hook '/home/waldo/ros2_ws/install/motor_interfaces/share/motor_interfaces/hook/ld_library_path_lib.ps1'
[29.999s] INFO:colcon.colcon_core.shell:Creating environment descriptor '/home/waldo/ros2_ws/install/motor_interfaces/share/motor_interfaces/hook/ld_library_path_lib.dsv'
[30.001s] INFO:colcon.colcon_core.shell:Creating environment hook '/home/waldo/ros2_ws/install/motor_interfaces/share/motor_interfaces/hook/ld_library_path_lib.sh'
[30.003s] Level 1:colcon.colcon_core.environment:checking '/home/waldo/ros2_ws/install/motor_interfaces/bin'
[30.003s] Level 1:colcon.colcon_core.environment:checking '/home/waldo/ros2_ws/install/motor_interfaces/lib/pkgconfig/motor_interfaces.pc'
[30.011s] Level 1:colcon.colcon_core.environment:checking '/home/waldo/ros2_ws/install/motor_interfaces/lib/python3.10/site-packages'
[30.013s] Level 1:colcon.colcon_core.environment:checking '/home/waldo/ros2_ws/install/motor_interfaces/bin'
[30.014s] INFO:colcon.colcon_core.shell:Creating package script '/home/waldo/ros2_ws/install/motor_interfaces/share/motor_interfaces/package.ps1'
[30.018s] INFO:colcon.colcon_core.shell:Creating package descriptor '/home/waldo/ros2_ws/install/motor_interfaces/share/motor_interfaces/package.dsv'
[30.021s] INFO:colcon.colcon_core.shell:Creating package script '/home/waldo/ros2_ws/install/motor_interfaces/share/motor_interfaces/package.sh'
[30.025s] INFO:colcon.colcon_core.shell:Creating package script '/home/waldo/ros2_ws/install/motor_interfaces/share/motor_interfaces/package.bash'
[30.029s] INFO:colcon.colcon_core.shell:Creating package script '/home/waldo/ros2_ws/install/motor_interfaces/share/motor_interfaces/package.zsh'
[30.032s] Level 1:colcon.colcon_core.environment:create_file_with_runtime_dependencies(/home/waldo/ros2_ws/install/motor_interfaces/share/colcon-core/packages/motor_interfaces)
[30.036s] Level 1:colcon.colcon_core.environment:create_environment_scripts_only(motor_interfaces)
[30.037s] Level 1:colcon.colcon_core.environment:checking '/home/waldo/ros2_ws/install/motor_interfaces' for CMake module files
[30.042s] Level 1:colcon.colcon_core.environment:checking '/home/waldo/ros2_ws/install/motor_interfaces' for CMake config files
[30.049s] Level 1:colcon.colcon_core.shell:create_environment_hook('motor_interfaces', 'cmake_prefix_path')
[30.050s] INFO:colcon.colcon_core.shell:Creating environment hook '/home/waldo/ros2_ws/install/motor_interfaces/share/motor_interfaces/hook/cmake_prefix_path.ps1'
[30.052s] INFO:colcon.colcon_core.shell:Creating environment descriptor '/home/waldo/ros2_ws/install/motor_interfaces/share/motor_interfaces/hook/cmake_prefix_path.dsv'
[30.054s] INFO:colcon.colcon_core.shell:Creating environment hook '/home/waldo/ros2_ws/install/motor_interfaces/share/motor_interfaces/hook/cmake_prefix_path.sh'
[30.057s] Level 1:colcon.colcon_core.environment:checking '/home/waldo/ros2_ws/install/motor_interfaces/lib'
[30.058s] Level 1:colcon.colcon_core.shell:create_environment_hook('motor_interfaces', 'ld_library_path_lib')
[30.059s] INFO:colcon.colcon_core.shell:Creating environment hook '/home/waldo/ros2_ws/install/motor_interfaces/share/motor_interfaces/hook/ld_library_path_lib.ps1'
[30.061s] INFO:colcon.colcon_core.shell:Creating environment descriptor '/home/waldo/ros2_ws/install/motor_interfaces/share/motor_interfaces/hook/ld_library_path_lib.dsv'
[30.063s] INFO:colcon.colcon_core.shell:Creating environment hook '/home/waldo/ros2_ws/install/motor_interfaces/share/motor_interfaces/hook/ld_library_path_lib.sh'
[30.065s] Level 1:colcon.colcon_core.environment:checking '/home/waldo/ros2_ws/install/motor_interfaces/bin'
[30.066s] Level 1:colcon.colcon_core.environment:checking '/home/waldo/ros2_ws/install/motor_interfaces/lib/pkgconfig/motor_interfaces.pc'
[30.067s] Level 1:colcon.colcon_core.environment:checking '/home/waldo/ros2_ws/install/motor_interfaces/lib/python3.10/site-packages'
[30.068s] Level 1:colcon.colcon_core.environment:checking '/home/waldo/ros2_ws/install/motor_interfaces/bin'
[30.070s] INFO:colcon.colcon_core.shell:Creating package script '/home/waldo/ros2_ws/install/motor_interfaces/share/motor_interfaces/package.ps1'
[30.073s] INFO:colcon.colcon_core.shell:Creating package descriptor '/home/waldo/ros2_ws/install/motor_interfaces/share/motor_interfaces/package.dsv'
[30.076s] INFO:colcon.colcon_core.shell:Creating package script '/home/waldo/ros2_ws/install/motor_interfaces/share/motor_interfaces/package.sh'
[30.078s] INFO:colcon.colcon_core.shell:Creating package script '/home/waldo/ros2_ws/install/motor_interfaces/share/motor_interfaces/package.bash'
[30.081s] INFO:colcon.colcon_core.shell:Creating package script '/home/waldo/ros2_ws/install/motor_interfaces/share/motor_interfaces/package.zsh'
[30.084s] Level 1:colcon.colcon_core.environment:create_file_with_runtime_dependencies(/home/waldo/ros2_ws/install/motor_interfaces/share/colcon-core/packages/motor_interfaces)
[30.085s] INFO:colcon.colcon_ros.task.ament_python.build:Building ROS package in '/home/waldo/ros2_ws/src/motors' with build type 'ament_python'
[30.086s] Level 1:colcon.colcon_core.shell:create_environment_hook('motors', 'ament_prefix_path')
[30.087s] INFO:colcon.colcon_core.shell:Creating environment hook '/home/waldo/ros2_ws/install/motors/share/motors/hook/ament_prefix_path.ps1'
[30.092s] INFO:colcon.colcon_core.shell:Creating environment descriptor '/home/waldo/ros2_ws/install/motors/share/motors/hook/ament_prefix_path.dsv'
[30.095s] INFO:colcon.colcon_core.shell:Creating environment hook '/home/waldo/ros2_ws/install/motors/share/motors/hook/ament_prefix_path.sh'
[30.098s] INFO:colcon.colcon_core.shell:Skip shell extension 'powershell' for command environment: Not usable outside of PowerShell
[30.098s] DEBUG:colcon.colcon_core.shell:Skip shell extension 'dsv' for command environment
[31.319s] INFO:colcon.colcon_core.task.python.build:Building Python package in '/home/waldo/ros2_ws/src/motors'
[31.320s] INFO:colcon.colcon_core.shell:Skip shell extension 'powershell' for command environment: Not usable outside of PowerShell
[31.321s] DEBUG:colcon.colcon_core.shell:Skip shell extension 'dsv' for command environment
[33.044s] DEBUG:colcon.colcon_core.event_handler.log_command:Invoking command in '/home/waldo/ros2_ws/build/motors': AMENT_PREFIX_PATH=/home/waldo/ros2_ws/install/motor_interfaces:${AMENT_PREFIX_PATH} CMAKE_PREFIX_PATH=/home/waldo/ros2_ws/install/motor_interfaces LD_LIBRARY_PATH=/home/waldo/ros2_ws/install/motor_interfaces/lib:${LD_LIBRARY_PATH} PYTHONPATH=/home/waldo/ros2_ws/build/motors/prefix_override:/home/waldo/.local/lib/python3.10/site-packages/colcon_core/task/python/colcon_distutils_commands:/home/waldo/ros2_ws/install/motors/lib/python3.10/site-packages:/home/waldo/ros2_ws/install/motor_interfaces/local/lib/python3.10/dist-packages:${PYTHONPATH} /usr/bin/python3 -W ignore:setup.py install is deprecated -W ignore:easy_install command is deprecated setup.py develop --editable --build-directory /home/waldo/ros2_ws/build/motors/build --no-deps symlink_data
[35.047s] Level 1:colcon.colcon_core.shell:create_environment_hook('motors', 'pythonpath_develop')
[35.048s] INFO:colcon.colcon_core.shell:Creating environment hook '/home/waldo/ros2_ws/build/motors/share/motors/hook/pythonpath_develop.ps1'
[35.050s] DEBUG:colcon.colcon_core.event_handler.log_command:Invoked command in '/home/waldo/ros2_ws/build/motors' returned '0': AMENT_PREFIX_PATH=/home/waldo/ros2_ws/install/motor_interfaces:${AMENT_PREFIX_PATH} CMAKE_PREFIX_PATH=/home/waldo/ros2_ws/install/motor_interfaces LD_LIBRARY_PATH=/home/waldo/ros2_ws/install/motor_interfaces/lib:${LD_LIBRARY_PATH} PYTHONPATH=/home/waldo/ros2_ws/build/motors/prefix_override:/home/waldo/.local/lib/python3.10/site-packages/colcon_core/task/python/colcon_distutils_commands:/home/waldo/ros2_ws/install/motors/lib/python3.10/site-packages:/home/waldo/ros2_ws/install/motor_interfaces/local/lib/python3.10/dist-packages:${PYTHONPATH} /usr/bin/python3 -W ignore:setup.py install is deprecated -W ignore:easy_install command is deprecated setup.py develop --editable --build-directory /home/waldo/ros2_ws/build/motors/build --no-deps symlink_data
[35.053s] INFO:colcon.colcon_core.shell:Creating environment descriptor '/home/waldo/ros2_ws/build/motors/share/motors/hook/pythonpath_develop.dsv'
[35.056s] INFO:colcon.colcon_core.shell:Creating environment hook '/home/waldo/ros2_ws/build/motors/share/motors/hook/pythonpath_develop.sh'
[35.059s] Level 1:colcon.colcon_core.environment:checking '/home/waldo/ros2_ws/install/motors' for CMake module files
[35.062s] Level 1:colcon.colcon_core.environment:checking '/home/waldo/ros2_ws/install/motors' for CMake config files
[35.065s] Level 1:colcon.colcon_core.environment:checking '/home/waldo/ros2_ws/install/motors/lib'
[35.066s] Level 1:colcon.colcon_core.environment:checking '/home/waldo/ros2_ws/install/motors/bin'
[35.066s] Level 1:colcon.colcon_core.environment:checking '/home/waldo/ros2_ws/install/motors/lib/pkgconfig/motors.pc'
[35.067s] Level 1:colcon.colcon_core.environment:checking '/home/waldo/ros2_ws/install/motors/lib/python3.10/site-packages'
[35.067s] Level 1:colcon.colcon_core.shell:create_environment_hook('motors', 'pythonpath')
[35.068s] INFO:colcon.colcon_core.shell:Creating environment hook '/home/waldo/ros2_ws/install/motors/share/motors/hook/pythonpath.ps1'
[35.070s] INFO:colcon.colcon_core.shell:Creating environment descriptor '/home/waldo/ros2_ws/install/motors/share/motors/hook/pythonpath.dsv'
[35.072s] INFO:colcon.colcon_core.shell:Creating environment hook '/home/waldo/ros2_ws/install/motors/share/motors/hook/pythonpath.sh'
[35.076s] Level 1:colcon.colcon_core.environment:checking '/home/waldo/ros2_ws/install/motors/bin'
[35.077s] Level 1:colcon.colcon_core.environment:create_environment_scripts_only(motors)
[35.078s] INFO:colcon.colcon_core.shell:Creating package script '/home/waldo/ros2_ws/install/motors/share/motors/package.ps1'
[35.081s] INFO:colcon.colcon_core.shell:Creating package descriptor '/home/waldo/ros2_ws/install/motors/share/motors/package.dsv'
[35.083s] INFO:colcon.colcon_core.shell:Creating package script '/home/waldo/ros2_ws/install/motors/share/motors/package.sh'
[35.086s] INFO:colcon.colcon_core.shell:Creating package script '/home/waldo/ros2_ws/install/motors/share/motors/package.bash'
[35.088s] INFO:colcon.colcon_core.shell:Creating package script '/home/waldo/ros2_ws/install/motors/share/motors/package.zsh'
[35.089s] Level 1:colcon.colcon_core.environment:create_file_with_runtime_dependencies(/home/waldo/ros2_ws/install/motors/share/colcon-core/packages/motors)
[35.091s] DEBUG:colcon.colcon_parallel_executor.executor.parallel:closing loop
[35.092s] DEBUG:colcon.colcon_parallel_executor.executor.parallel:loop closed
[35.092s] DEBUG:colcon.colcon_parallel_executor.executor.parallel:run_until_complete finished with '0'
[35.093s] DEBUG:colcon.colcon_core.event_reactor:joining thread
[35.116s] INFO:colcon.colcon_core.plugin_system:Skipping extension 'colcon_notification.desktop_notification.notify_send': Could not find 'notify-send'
[35.117s] INFO:colcon.colcon_core.plugin_system:Skipping extension 'colcon_notification.desktop_notification.terminal_notifier': Not used on non-Darwin systems
[35.117s] INFO:colcon.colcon_core.plugin_system:Skipping extension 'colcon_notification.desktop_notification.win32': Not used on non-Windows systems
[35.117s] INFO:colcon.colcon_notification.desktop_notification:Sending desktop notification using 'notify2'
[35.120s] DEBUG:colcon.colcon_notification.desktop_notification.notify2:Failed to initialize notify2: org.freedesktop.DBus.Error.ServiceUnknown: The name org.freedesktop.Notifications was not provided by any .service files
[35.121s] DEBUG:colcon.colcon_core.event_reactor:joined thread
[35.122s] INFO:colcon.colcon_core.shell:Creating prefix script '/home/waldo/ros2_ws/install/local_setup.ps1'
[35.126s] INFO:colcon.colcon_core.shell:Creating prefix util module '/home/waldo/ros2_ws/install/_local_setup_util_ps1.py'
[35.133s] INFO:colcon.colcon_core.shell:Creating prefix chain script '/home/waldo/ros2_ws/install/setup.ps1'
[35.138s] INFO:colcon.colcon_core.shell:Creating prefix script '/home/waldo/ros2_ws/install/local_setup.sh'
[35.141s] INFO:colcon.colcon_core.shell:Creating prefix util module '/home/waldo/ros2_ws/install/_local_setup_util_sh.py'
[35.144s] INFO:colcon.colcon_core.shell:Creating prefix chain script '/home/waldo/ros2_ws/install/setup.sh'
[35.148s] INFO:colcon.colcon_core.shell:Creating prefix script '/home/waldo/ros2_ws/install/local_setup.bash'
[35.151s] INFO:colcon.colcon_core.shell:Creating prefix chain script '/home/waldo/ros2_ws/install/setup.bash'
[35.155s] INFO:colcon.colcon_core.shell:Creating prefix script '/home/waldo/ros2_ws/install/local_setup.zsh'
[35.158s] INFO:colcon.colcon_core.shell:Creating prefix chain script '/home/waldo/ros2_ws/install/setup.zsh'
