running develop
running egg_info
creating motors.egg-info
writing motors.egg-info/PKG-INFO
writing dependency_links to motors.egg-info/dependency_links.txt
writing entry points to motors.egg-info/entry_points.txt
writing requirements to motors.egg-info/requires.txt
writing top-level names to motors.egg-info/top_level.txt
writing manifest file 'motors.egg-info/SOURCES.txt'
reading manifest file 'motors.egg-info/SOURCES.txt'
writing manifest file 'motors.egg-info/SOURCES.txt'
running build_ext
Creating /home/waldo/ros2_ws/install/motors/lib/python3.10/site-packages/motors.egg-link (link to .)
Installing arm script to /home/waldo/ros2_ws/install/motors/lib/motors
Installing drive script to /home/waldo/ros2_ws/install/motors/lib/motors

Installed /home/waldo/ros2_ws/build/motors
running symlink_data
creating /home/waldo/ros2_ws/install/motors/share/ament_index
creating /home/waldo/ros2_ws/install/motors/share/ament_index/resource_index
creating /home/waldo/ros2_ws/install/motors/share/ament_index/resource_index/packages
symbolically linking /home/waldo/ros2_ws/build/motors/resource/motors -> /home/waldo/ros2_ws/install/motors/share/ament_index/resource_index/packages
symbolically linking /home/waldo/ros2_ws/build/motors/package.xml -> /home/waldo/ros2_ws/install/motors/share/motors
