[0.631s] DEBUG:colcon:Command line arguments: ['/home/waldo/.local/bin/colcon', 'build']
[0.631s] DEBUG:colcon:Parsed command line arguments: Namespace(log_base=None, log_level=None, verb_name='build', build_base='build', install_base='install', merge_install=False, symlink_install=False, test_result_base=None, continue_on_error=False, executor='parallel', parallel_workers=4, event_handlers=None, ignore_user_meta=False, metas=['./colcon.meta'], base_paths=['.'], packages_ignore=None, packages_ignore_regex=None, paths=None, packages_up_to=None, packages_up_to_regex=None, packages_above=None, packages_above_and_dependencies=None, packages_above_depth=None, packages_select_by_dep=None, packages_skip_by_dep=None, packages_skip_up_to=None, packages_select_build_failed=False, packages_skip_build_finished=False, packages_select_test_failures=False, packages_skip_test_passed=False, packages_select=None, packages_skip=None, packages_select_regex=None, packages_skip_regex=None, packages_start=None, packages_end=None, cmake_args=None, cmake_target=None, cmake_target_skip_unavailable=False, cmake_clean_cache=False, cmake_clean_first=False, cmake_force_configure=False, ament_cmake_args=None, catkin_cmake_args=None, catkin_skip_building_tests=False, verb_parser=<colcon_defaults.argument_parser.defaults.DefaultArgumentsDecorator object at 0xffff83571c00>, verb_extension=<colcon_core.verb.build.BuildVerb object at 0xffff837ae8f0>, main=<bound method BuildVerb.main of <colcon_core.verb.build.BuildVerb object at 0xffff837ae8f0>>)
[1.306s] Level 1:colcon.colcon_core.package_discovery:discover_packages(colcon_meta) check parameters
[1.307s] Level 1:colcon.colcon_core.package_discovery:discover_packages(recursive) check parameters
[1.307s] Level 1:colcon.colcon_core.package_discovery:discover_packages(ignore) check parameters
[1.307s] Level 1:colcon.colcon_core.package_discovery:discover_packages(path) check parameters
[1.307s] Level 1:colcon.colcon_core.package_discovery:discover_packages(colcon_meta) discover
[1.308s] Level 1:colcon.colcon_core.package_discovery:discover_packages(recursive) discover
[1.308s] INFO:colcon.colcon_core.package_discovery:Crawling recursively for packages in '/home/waldo/ros2_ws/src'
[1.309s] Level 1:colcon.colcon_core.package_identification:_identify(.) by extensions ['ignore', 'ignore_ament_install']
[1.309s] Level 1:colcon.colcon_core.package_identification:_identify(.) by extension 'ignore'
[1.309s] Level 1:colcon.colcon_core.package_identification:_identify(.) by extension 'ignore_ament_install'
[1.310s] Level 1:colcon.colcon_core.package_identification:_identify(.) by extensions ['colcon_pkg']
[1.310s] Level 1:colcon.colcon_core.package_identification:_identify(.) by extension 'colcon_pkg'
[1.310s] Level 1:colcon.colcon_core.package_identification:_identify(.) by extensions ['colcon_meta']
[1.310s] Level 1:colcon.colcon_core.package_identification:_identify(.) by extension 'colcon_meta'
[1.310s] Level 1:colcon.colcon_core.package_identification:_identify(.) by extensions ['ros']
[1.311s] Level 1:colcon.colcon_core.package_identification:_identify(.) by extension 'ros'
[1.367s] Level 1:colcon.colcon_core.package_identification:_identify(.) by extensions ['cmake', 'python']
[1.368s] Level 1:colcon.colcon_core.package_identification:_identify(.) by extension 'cmake'
[1.368s] Level 1:colcon.colcon_core.package_identification:_identify(.) by extension 'python'
[1.368s] Level 1:colcon.colcon_core.package_identification:_identify(.) by extensions ['python_setup_py']
[1.368s] Level 1:colcon.colcon_core.package_identification:_identify(.) by extension 'python_setup_py'
[1.369s] Level 1:colcon.colcon_core.package_identification:_identify(build) by extensions ['ignore', 'ignore_ament_install']
[1.370s] Level 1:colcon.colcon_core.package_identification:_identify(build) by extension 'ignore'
[1.370s] Level 1:colcon.colcon_core.package_identification:_identify(build) ignored
[1.371s] Level 1:colcon.colcon_core.package_identification:_identify(install) by extensions ['ignore', 'ignore_ament_install']
[1.371s] Level 1:colcon.colcon_core.package_identification:_identify(install) by extension 'ignore'
[1.371s] Level 1:colcon.colcon_core.package_identification:_identify(install) ignored
[1.372s] Level 1:colcon.colcon_core.package_identification:_identify(log) by extensions ['ignore', 'ignore_ament_install']
[1.372s] Level 1:colcon.colcon_core.package_identification:_identify(log) by extension 'ignore'
[1.373s] Level 1:colcon.colcon_core.package_identification:_identify(log) ignored
[1.373s] Level 1:colcon.colcon_core.package_identification:_identify(motor_interfaces) by extensions ['ignore', 'ignore_ament_install']
[1.374s] Level 1:colcon.colcon_core.package_identification:_identify(motor_interfaces) by extension 'ignore'
[1.374s] Level 1:colcon.colcon_core.package_identification:_identify(motor_interfaces) by extension 'ignore_ament_install'
[1.374s] Level 1:colcon.colcon_core.package_identification:_identify(motor_interfaces) by extensions ['colcon_pkg']
[1.374s] Level 1:colcon.colcon_core.package_identification:_identify(motor_interfaces) by extension 'colcon_pkg'
[1.375s] Level 1:colcon.colcon_core.package_identification:_identify(motor_interfaces) by extensions ['colcon_meta']
[1.375s] Level 1:colcon.colcon_core.package_identification:_identify(motor_interfaces) by extension 'colcon_meta'
[1.375s] Level 1:colcon.colcon_core.package_identification:_identify(motor_interfaces) by extensions ['ros']
[1.375s] Level 1:colcon.colcon_core.package_identification:_identify(motor_interfaces) by extension 'ros'
[1.386s] DEBUG:colcon.colcon_core.package_identification:Package 'motor_interfaces' with type 'ros.ament_cmake' and name 'motor_interfaces'
[1.387s] Level 1:colcon.colcon_core.package_identification:_identify(motors) by extensions ['ignore', 'ignore_ament_install']
[1.388s] Level 1:colcon.colcon_core.package_identification:_identify(motors) by extension 'ignore'
[1.388s] Level 1:colcon.colcon_core.package_identification:_identify(motors) by extension 'ignore_ament_install'
[1.388s] Level 1:colcon.colcon_core.package_identification:_identify(motors) by extensions ['colcon_pkg']
[1.388s] Level 1:colcon.colcon_core.package_identification:_identify(motors) by extension 'colcon_pkg'
[1.389s] Level 1:colcon.colcon_core.package_identification:_identify(motors) by extensions ['colcon_meta']
[1.389s] Level 1:colcon.colcon_core.package_identification:_identify(motors) by extension 'colcon_meta'
[1.389s] Level 1:colcon.colcon_core.package_identification:_identify(motors) by extensions ['ros']
[1.389s] Level 1:colcon.colcon_core.package_identification:_identify(motors) by extension 'ros'
[1.392s] DEBUG:colcon.colcon_core.package_identification:Package 'motors' with type 'ros.ament_python' and name 'motors'
[1.393s] Level 1:colcon.colcon_core.package_discovery:discover_packages(recursive) using defaults
[1.393s] Level 1:colcon.colcon_core.package_discovery:discover_packages(ignore) discover
[1.393s] Level 1:colcon.colcon_core.package_discovery:discover_packages(ignore) using defaults
[1.393s] Level 1:colcon.colcon_core.package_discovery:discover_packages(path) discover
[1.393s] Level 1:colcon.colcon_core.package_discovery:discover_packages(path) using defaults
[1.484s] Level 5:colcon.colcon_core.verb:set package 'motor_interfaces' build argument 'cmake_args' from command line to 'None'
[1.485s] Level 5:colcon.colcon_core.verb:set package 'motor_interfaces' build argument 'cmake_target' from command line to 'None'
[1.485s] Level 5:colcon.colcon_core.verb:set package 'motor_interfaces' build argument 'cmake_target_skip_unavailable' from command line to 'False'
[1.485s] Level 5:colcon.colcon_core.verb:set package 'motor_interfaces' build argument 'cmake_clean_cache' from command line to 'False'
[1.485s] Level 5:colcon.colcon_core.verb:set package 'motor_interfaces' build argument 'cmake_clean_first' from command line to 'False'
[1.485s] Level 5:colcon.colcon_core.verb:set package 'motor_interfaces' build argument 'cmake_force_configure' from command line to 'False'
[1.485s] Level 5:colcon.colcon_core.verb:set package 'motor_interfaces' build argument 'ament_cmake_args' from command line to 'None'
[1.486s] Level 5:colcon.colcon_core.verb:set package 'motor_interfaces' build argument 'catkin_cmake_args' from command line to 'None'
[1.486s] Level 5:colcon.colcon_core.verb:set package 'motor_interfaces' build argument 'catkin_skip_building_tests' from command line to 'False'
[1.486s] DEBUG:colcon.colcon_core.verb:Building package 'motor_interfaces' with the following arguments: {'ament_cmake_args': None, 'build_base': '/home/waldo/ros2_ws/src/build/motor_interfaces', 'catkin_cmake_args': None, 'catkin_skip_building_tests': False, 'cmake_args': None, 'cmake_clean_cache': False, 'cmake_clean_first': False, 'cmake_force_configure': False, 'cmake_target': None, 'cmake_target_skip_unavailable': False, 'install_base': '/home/waldo/ros2_ws/src/install/motor_interfaces', 'merge_install': False, 'path': '/home/waldo/ros2_ws/src/motor_interfaces', 'symlink_install': False, 'test_result_base': None}
[1.488s] Level 5:colcon.colcon_core.verb:set package 'motors' build argument 'cmake_args' from command line to 'None'
[1.488s] Level 5:colcon.colcon_core.verb:set package 'motors' build argument 'cmake_target' from command line to 'None'
[1.488s] Level 5:colcon.colcon_core.verb:set package 'motors' build argument 'cmake_target_skip_unavailable' from command line to 'False'
[1.488s] Level 5:colcon.colcon_core.verb:set package 'motors' build argument 'cmake_clean_cache' from command line to 'False'
[1.488s] Level 5:colcon.colcon_core.verb:set package 'motors' build argument 'cmake_clean_first' from command line to 'False'
[1.489s] Level 5:colcon.colcon_core.verb:set package 'motors' build argument 'cmake_force_configure' from command line to 'False'
[1.489s] Level 5:colcon.colcon_core.verb:set package 'motors' build argument 'ament_cmake_args' from command line to 'None'
[1.489s] Level 5:colcon.colcon_core.verb:set package 'motors' build argument 'catkin_cmake_args' from command line to 'None'
[1.489s] Level 5:colcon.colcon_core.verb:set package 'motors' build argument 'catkin_skip_building_tests' from command line to 'False'
[1.489s] DEBUG:colcon.colcon_core.verb:Building package 'motors' with the following arguments: {'ament_cmake_args': None, 'build_base': '/home/waldo/ros2_ws/src/build/motors', 'catkin_cmake_args': None, 'catkin_skip_building_tests': False, 'cmake_args': None, 'cmake_clean_cache': False, 'cmake_clean_first': False, 'cmake_force_configure': False, 'cmake_target': None, 'cmake_target_skip_unavailable': False, 'install_base': '/home/waldo/ros2_ws/src/install/motors', 'merge_install': False, 'path': '/home/waldo/ros2_ws/src/motors', 'symlink_install': False, 'test_result_base': None}
[1.490s] INFO:colcon.colcon_core.executor:Executing jobs using 'parallel' executor
[1.494s] DEBUG:colcon.colcon_parallel_executor.executor.parallel:run_until_complete
[1.496s] INFO:colcon.colcon_ros.task.ament_cmake.build:Building ROS package in '/home/waldo/ros2_ws/src/motor_interfaces' with build type 'ament_cmake'
[1.496s] INFO:colcon.colcon_cmake.task.cmake.build:Building CMake package in '/home/waldo/ros2_ws/src/motor_interfaces'
[1.507s] INFO:colcon.colcon_core.plugin_system:Skipping extension 'colcon_core.shell.bat': Not used on non-Windows systems
[1.508s] INFO:colcon.colcon_core.shell:Skip shell extension 'powershell' for command environment: Not usable outside of PowerShell
[1.508s] DEBUG:colcon.colcon_core.shell:Skip shell extension 'dsv' for command environment
[1.558s] DEBUG:colcon.colcon_core.event_handler.log_command:Invoking command in '/home/waldo/ros2_ws/src/build/motor_interfaces': CMAKE_PREFIX_PATH=${CMAKE_PREFIX_PATH}:/home/waldo/ros2_ws/src/install/motors:/opt/ros/humble PS1=\[\e]0;\u@\h: \w\a\]${debian_chroot:+($debian_chroot)}\[\033[01;32m\]\u@\h\[\033[00m\]:\[\033[01;34m\]\w\[\033[00m\]\$ /usr/bin/cmake --build /home/waldo/ros2_ws/src/build/motor_interfaces -- -j4 -l4
[24.955s] DEBUG:colcon.colcon_core.event_handler.log_command:Invoked command in '/home/waldo/ros2_ws/src/build/motor_interfaces' returned '0': CMAKE_PREFIX_PATH=${CMAKE_PREFIX_PATH}:/home/waldo/ros2_ws/src/install/motors:/opt/ros/humble PS1=\[\e]0;\u@\h: \w\a\]${debian_chroot:+($debian_chroot)}\[\033[01;32m\]\u@\h\[\033[00m\]:\[\033[01;34m\]\w\[\033[00m\]\$ /usr/bin/cmake --build /home/waldo/ros2_ws/src/build/motor_interfaces -- -j4 -l4
[25.009s] DEBUG:colcon.colcon_core.event_handler.log_command:Invoking command in '/home/waldo/ros2_ws/src/build/motor_interfaces': CMAKE_PREFIX_PATH=${CMAKE_PREFIX_PATH}:/home/waldo/ros2_ws/src/install/motors:/opt/ros/humble PS1=\[\e]0;\u@\h: \w\a\]${debian_chroot:+($debian_chroot)}\[\033[01;32m\]\u@\h\[\033[00m\]:\[\033[01;34m\]\w\[\033[00m\]\$ /usr/bin/cmake --install /home/waldo/ros2_ws/src/build/motor_interfaces
[25.660s] Level 1:colcon.colcon_core.environment:create_environment_scripts_only(motor_interfaces)
[25.678s] DEBUG:colcon.colcon_core.event_handler.log_command:Invoked command in '/home/waldo/ros2_ws/src/build/motor_interfaces' returned '0': CMAKE_PREFIX_PATH=${CMAKE_PREFIX_PATH}:/home/waldo/ros2_ws/src/install/motors:/opt/ros/humble PS1=\[\e]0;\u@\h: \w\a\]${debian_chroot:+($debian_chroot)}\[\033[01;32m\]\u@\h\[\033[00m\]:\[\033[01;34m\]\w\[\033[00m\]\$ /usr/bin/cmake --install /home/waldo/ros2_ws/src/build/motor_interfaces
[25.689s] Level 1:colcon.colcon_core.environment:checking '/home/waldo/ros2_ws/src/install/motor_interfaces' for CMake module files
[25.696s] Level 1:colcon.colcon_core.environment:checking '/home/waldo/ros2_ws/src/install/motor_interfaces' for CMake config files
[25.704s] Level 1:colcon.colcon_core.shell:create_environment_hook('motor_interfaces', 'cmake_prefix_path')
[25.706s] INFO:colcon.colcon_core.shell:Creating environment hook '/home/waldo/ros2_ws/src/install/motor_interfaces/share/motor_interfaces/hook/cmake_prefix_path.ps1'
[25.710s] INFO:colcon.colcon_core.shell:Creating environment descriptor '/home/waldo/ros2_ws/src/install/motor_interfaces/share/motor_interfaces/hook/cmake_prefix_path.dsv'
[25.714s] INFO:colcon.colcon_core.shell:Creating environment hook '/home/waldo/ros2_ws/src/install/motor_interfaces/share/motor_interfaces/hook/cmake_prefix_path.sh'
[25.721s] Level 1:colcon.colcon_core.environment:checking '/home/waldo/ros2_ws/src/install/motor_interfaces/lib'
[25.722s] Level 1:colcon.colcon_core.shell:create_environment_hook('motor_interfaces', 'ld_library_path_lib')
[25.724s] INFO:colcon.colcon_core.shell:Creating environment hook '/home/waldo/ros2_ws/src/install/motor_interfaces/share/motor_interfaces/hook/ld_library_path_lib.ps1'
[25.727s] INFO:colcon.colcon_core.shell:Creating environment descriptor '/home/waldo/ros2_ws/src/install/motor_interfaces/share/motor_interfaces/hook/ld_library_path_lib.dsv'
[25.730s] INFO:colcon.colcon_core.shell:Creating environment hook '/home/waldo/ros2_ws/src/install/motor_interfaces/share/motor_interfaces/hook/ld_library_path_lib.sh'
[25.733s] Level 1:colcon.colcon_core.environment:checking '/home/waldo/ros2_ws/src/install/motor_interfaces/bin'
[25.734s] Level 1:colcon.colcon_core.environment:checking '/home/waldo/ros2_ws/src/install/motor_interfaces/lib/pkgconfig/motor_interfaces.pc'
[25.743s] Level 1:colcon.colcon_core.environment:checking '/home/waldo/ros2_ws/src/install/motor_interfaces/lib/python3.10/site-packages'
[25.746s] Level 1:colcon.colcon_core.environment:checking '/home/waldo/ros2_ws/src/install/motor_interfaces/bin'
[25.748s] INFO:colcon.colcon_core.shell:Creating package script '/home/waldo/ros2_ws/src/install/motor_interfaces/share/motor_interfaces/package.ps1'
[25.753s] INFO:colcon.colcon_core.shell:Creating package descriptor '/home/waldo/ros2_ws/src/install/motor_interfaces/share/motor_interfaces/package.dsv'
[25.757s] INFO:colcon.colcon_core.shell:Creating package script '/home/waldo/ros2_ws/src/install/motor_interfaces/share/motor_interfaces/package.sh'
[25.762s] INFO:colcon.colcon_core.shell:Creating package script '/home/waldo/ros2_ws/src/install/motor_interfaces/share/motor_interfaces/package.bash'
[25.767s] INFO:colcon.colcon_core.shell:Creating package script '/home/waldo/ros2_ws/src/install/motor_interfaces/share/motor_interfaces/package.zsh'
[25.773s] Level 1:colcon.colcon_core.environment:create_file_with_runtime_dependencies(/home/waldo/ros2_ws/src/install/motor_interfaces/share/colcon-core/packages/motor_interfaces)
[25.777s] Level 1:colcon.colcon_core.environment:create_environment_scripts_only(motor_interfaces)
[25.779s] Level 1:colcon.colcon_core.environment:checking '/home/waldo/ros2_ws/src/install/motor_interfaces' for CMake module files
[25.785s] Level 1:colcon.colcon_core.environment:checking '/home/waldo/ros2_ws/src/install/motor_interfaces' for CMake config files
[25.791s] Level 1:colcon.colcon_core.shell:create_environment_hook('motor_interfaces', 'cmake_prefix_path')
[25.792s] INFO:colcon.colcon_core.shell:Creating environment hook '/home/waldo/ros2_ws/src/install/motor_interfaces/share/motor_interfaces/hook/cmake_prefix_path.ps1'
[25.796s] INFO:colcon.colcon_core.shell:Creating environment descriptor '/home/waldo/ros2_ws/src/install/motor_interfaces/share/motor_interfaces/hook/cmake_prefix_path.dsv'
[25.799s] INFO:colcon.colcon_core.shell:Creating environment hook '/home/waldo/ros2_ws/src/install/motor_interfaces/share/motor_interfaces/hook/cmake_prefix_path.sh'
[25.804s] Level 1:colcon.colcon_core.environment:checking '/home/waldo/ros2_ws/src/install/motor_interfaces/lib'
[25.805s] Level 1:colcon.colcon_core.shell:create_environment_hook('motor_interfaces', 'ld_library_path_lib')
[25.806s] INFO:colcon.colcon_core.shell:Creating environment hook '/home/waldo/ros2_ws/src/install/motor_interfaces/share/motor_interfaces/hook/ld_library_path_lib.ps1'
[25.809s] INFO:colcon.colcon_core.shell:Creating environment descriptor '/home/waldo/ros2_ws/src/install/motor_interfaces/share/motor_interfaces/hook/ld_library_path_lib.dsv'
[25.813s] INFO:colcon.colcon_core.shell:Creating environment hook '/home/waldo/ros2_ws/src/install/motor_interfaces/share/motor_interfaces/hook/ld_library_path_lib.sh'
[25.817s] Level 1:colcon.colcon_core.environment:checking '/home/waldo/ros2_ws/src/install/motor_interfaces/bin'
[25.818s] Level 1:colcon.colcon_core.environment:checking '/home/waldo/ros2_ws/src/install/motor_interfaces/lib/pkgconfig/motor_interfaces.pc'
[25.819s] Level 1:colcon.colcon_core.environment:checking '/home/waldo/ros2_ws/src/install/motor_interfaces/lib/python3.10/site-packages'
[25.822s] Level 1:colcon.colcon_core.environment:checking '/home/waldo/ros2_ws/src/install/motor_interfaces/bin'
[25.824s] INFO:colcon.colcon_core.shell:Creating package script '/home/waldo/ros2_ws/src/install/motor_interfaces/share/motor_interfaces/package.ps1'
[25.828s] INFO:colcon.colcon_core.shell:Creating package descriptor '/home/waldo/ros2_ws/src/install/motor_interfaces/share/motor_interfaces/package.dsv'
[25.832s] INFO:colcon.colcon_core.shell:Creating package script '/home/waldo/ros2_ws/src/install/motor_interfaces/share/motor_interfaces/package.sh'
[25.835s] INFO:colcon.colcon_core.shell:Creating package script '/home/waldo/ros2_ws/src/install/motor_interfaces/share/motor_interfaces/package.bash'
[25.839s] INFO:colcon.colcon_core.shell:Creating package script '/home/waldo/ros2_ws/src/install/motor_interfaces/share/motor_interfaces/package.zsh'
[25.842s] Level 1:colcon.colcon_core.environment:create_file_with_runtime_dependencies(/home/waldo/ros2_ws/src/install/motor_interfaces/share/colcon-core/packages/motor_interfaces)
[25.844s] INFO:colcon.colcon_ros.task.ament_python.build:Building ROS package in '/home/waldo/ros2_ws/src/motors' with build type 'ament_python'
[25.845s] Level 1:colcon.colcon_core.shell:create_environment_hook('motors', 'ament_prefix_path')
[25.847s] INFO:colcon.colcon_core.shell:Creating environment hook '/home/waldo/ros2_ws/src/install/motors/share/motors/hook/ament_prefix_path.ps1'
[25.852s] INFO:colcon.colcon_core.shell:Creating environment descriptor '/home/waldo/ros2_ws/src/install/motors/share/motors/hook/ament_prefix_path.dsv'
[25.856s] INFO:colcon.colcon_core.shell:Creating environment hook '/home/waldo/ros2_ws/src/install/motors/share/motors/hook/ament_prefix_path.sh'
[25.862s] INFO:colcon.colcon_core.shell:Skip shell extension 'powershell' for command environment: Not usable outside of PowerShell
[25.863s] DEBUG:colcon.colcon_core.shell:Skip shell extension 'dsv' for command environment
[27.206s] INFO:colcon.colcon_core.task.python.build:Building Python package in '/home/waldo/ros2_ws/src/motors'
[27.207s] INFO:colcon.colcon_core.shell:Skip shell extension 'powershell' for command environment: Not usable outside of PowerShell
[27.208s] DEBUG:colcon.colcon_core.shell:Skip shell extension 'dsv' for command environment
[28.972s] DEBUG:colcon.colcon_core.event_handler.log_command:Invoking command in '/home/waldo/ros2_ws/src/motors': PS1=\[\e]0;\u@\h: \w\a\]${debian_chroot:+($debian_chroot)}\[\033[01;32m\]\u@\h\[\033[00m\]:\[\033[01;34m\]\w\[\033[00m\]\$ PYTHONPATH=/home/waldo/ros2_ws/src/build/motors/prefix_override:/home/waldo/.local/lib/python3.10/site-packages/colcon_core/task/python/colcon_distutils_commands:/home/waldo/ros2_ws/src/install/motors/lib/python3.10/site-packages:${PYTHONPATH} /usr/bin/python3 -W ignore:setup.py install is deprecated -W ignore:easy_install command is deprecated setup.py egg_info --egg-base ../build/motors build --build-base /home/waldo/ros2_ws/src/build/motors/build install --record /home/waldo/ros2_ws/src/build/motors/install.log --single-version-externally-managed install_data
[30.340s] Level 1:colcon.colcon_core.environment:checking '/home/waldo/ros2_ws/src/install/motors' for CMake module files
[30.342s] DEBUG:colcon.colcon_core.event_handler.log_command:Invoked command in '/home/waldo/ros2_ws/src/motors' returned '0': PS1=\[\e]0;\u@\h: \w\a\]${debian_chroot:+($debian_chroot)}\[\033[01;32m\]\u@\h\[\033[00m\]:\[\033[01;34m\]\w\[\033[00m\]\$ PYTHONPATH=/home/waldo/ros2_ws/src/build/motors/prefix_override:/home/waldo/.local/lib/python3.10/site-packages/colcon_core/task/python/colcon_distutils_commands:/home/waldo/ros2_ws/src/install/motors/lib/python3.10/site-packages:${PYTHONPATH} /usr/bin/python3 -W ignore:setup.py install is deprecated -W ignore:easy_install command is deprecated setup.py egg_info --egg-base ../build/motors build --build-base /home/waldo/ros2_ws/src/build/motors/build install --record /home/waldo/ros2_ws/src/build/motors/install.log --single-version-externally-managed install_data
[30.344s] Level 1:colcon.colcon_core.environment:checking '/home/waldo/ros2_ws/src/install/motors' for CMake config files
[30.348s] Level 1:colcon.colcon_core.environment:checking '/home/waldo/ros2_ws/src/install/motors/lib'
[30.349s] Level 1:colcon.colcon_core.environment:checking '/home/waldo/ros2_ws/src/install/motors/bin'
[30.349s] Level 1:colcon.colcon_core.environment:checking '/home/waldo/ros2_ws/src/install/motors/lib/pkgconfig/motors.pc'
[30.350s] Level 1:colcon.colcon_core.environment:checking '/home/waldo/ros2_ws/src/install/motors/lib/python3.10/site-packages'
[30.350s] Level 1:colcon.colcon_core.shell:create_environment_hook('motors', 'pythonpath')
[30.351s] INFO:colcon.colcon_core.shell:Creating environment hook '/home/waldo/ros2_ws/src/install/motors/share/motors/hook/pythonpath.ps1'
[30.354s] INFO:colcon.colcon_core.shell:Creating environment descriptor '/home/waldo/ros2_ws/src/install/motors/share/motors/hook/pythonpath.dsv'
[30.356s] INFO:colcon.colcon_core.shell:Creating environment hook '/home/waldo/ros2_ws/src/install/motors/share/motors/hook/pythonpath.sh'
[30.360s] Level 1:colcon.colcon_core.environment:checking '/home/waldo/ros2_ws/src/install/motors/bin'
[30.360s] Level 1:colcon.colcon_core.environment:create_environment_scripts_only(motors)
[30.362s] INFO:colcon.colcon_core.shell:Creating package script '/home/waldo/ros2_ws/src/install/motors/share/motors/package.ps1'
[30.365s] INFO:colcon.colcon_core.shell:Creating package descriptor '/home/waldo/ros2_ws/src/install/motors/share/motors/package.dsv'
[30.368s] INFO:colcon.colcon_core.shell:Creating package script '/home/waldo/ros2_ws/src/install/motors/share/motors/package.sh'
[30.370s] INFO:colcon.colcon_core.shell:Creating package script '/home/waldo/ros2_ws/src/install/motors/share/motors/package.bash'
[30.373s] INFO:colcon.colcon_core.shell:Creating package script '/home/waldo/ros2_ws/src/install/motors/share/motors/package.zsh'
[30.375s] Level 1:colcon.colcon_core.environment:create_file_with_runtime_dependencies(/home/waldo/ros2_ws/src/install/motors/share/colcon-core/packages/motors)
[30.377s] DEBUG:colcon.colcon_parallel_executor.executor.parallel:closing loop
[30.378s] DEBUG:colcon.colcon_parallel_executor.executor.parallel:loop closed
[30.379s] DEBUG:colcon.colcon_parallel_executor.executor.parallel:run_until_complete finished with '0'
[30.379s] DEBUG:colcon.colcon_core.event_reactor:joining thread
[30.409s] INFO:colcon.colcon_core.plugin_system:Skipping extension 'colcon_notification.desktop_notification.notify_send': Could not find 'notify-send'
[30.409s] INFO:colcon.colcon_core.plugin_system:Skipping extension 'colcon_notification.desktop_notification.terminal_notifier': Not used on non-Darwin systems
[30.410s] INFO:colcon.colcon_core.plugin_system:Skipping extension 'colcon_notification.desktop_notification.win32': Not used on non-Windows systems
[30.410s] INFO:colcon.colcon_notification.desktop_notification:Sending desktop notification using 'notify2'
[30.413s] DEBUG:colcon.colcon_notification.desktop_notification.notify2:Failed to initialize notify2: org.freedesktop.DBus.Error.ServiceUnknown: The name org.freedesktop.Notifications was not provided by any .service files
[30.413s] DEBUG:colcon.colcon_core.event_reactor:joined thread
[30.415s] INFO:colcon.colcon_core.shell:Creating prefix script '/home/waldo/ros2_ws/src/install/local_setup.ps1'
[30.419s] INFO:colcon.colcon_core.shell:Creating prefix util module '/home/waldo/ros2_ws/src/install/_local_setup_util_ps1.py'
[30.427s] INFO:colcon.colcon_core.shell:Creating prefix chain script '/home/waldo/ros2_ws/src/install/setup.ps1'
[30.433s] INFO:colcon.colcon_core.shell:Creating prefix script '/home/waldo/ros2_ws/src/install/local_setup.sh'
[30.436s] INFO:colcon.colcon_core.shell:Creating prefix util module '/home/waldo/ros2_ws/src/install/_local_setup_util_sh.py'
[30.440s] INFO:colcon.colcon_core.shell:Creating prefix chain script '/home/waldo/ros2_ws/src/install/setup.sh'
[30.446s] INFO:colcon.colcon_core.shell:Creating prefix script '/home/waldo/ros2_ws/src/install/local_setup.bash'
[30.449s] INFO:colcon.colcon_core.shell:Creating prefix chain script '/home/waldo/ros2_ws/src/install/setup.bash'
[30.454s] INFO:colcon.colcon_core.shell:Creating prefix script '/home/waldo/ros2_ws/src/install/local_setup.zsh'
[30.457s] INFO:colcon.colcon_core.shell:Creating prefix chain script '/home/waldo/ros2_ws/src/install/setup.zsh'
