[0.631s] DEBUG:colcon:Command line arguments: ['/home/waldo/.local/bin/colcon', 'build', '--packages-select', 'yolo_ros']
[0.631s] DEBUG:colcon:Parsed command line arguments: Namespace(log_base=None, log_level=None, verb_name='build', build_base='build', install_base='install', merge_install=False, symlink_install=False, test_result_base=None, continue_on_error=False, executor='parallel', parallel_workers=4, event_handlers=None, ignore_user_meta=False, metas=['./colcon.meta'], base_paths=['.'], packages_ignore=None, packages_ignore_regex=None, paths=None, packages_up_to=None, packages_up_to_regex=None, packages_above=None, packages_above_and_dependencies=None, packages_above_depth=None, packages_select_by_dep=None, packages_skip_by_dep=None, packages_skip_up_to=None, packages_select_build_failed=False, packages_skip_build_finished=False, packages_select_test_failures=False, packages_skip_test_passed=False, packages_select=['yolo_ros'], packages_skip=None, packages_select_regex=None, packages_skip_regex=None, packages_start=None, packages_end=None, cmake_args=None, cmake_target=None, cmake_target_skip_unavailable=False, cmake_clean_cache=False, cmake_clean_first=False, cmake_force_configure=False, ament_cmake_args=None, catkin_cmake_args=None, catkin_skip_building_tests=False, verb_parser=<colcon_defaults.argument_parser.defaults.DefaultArgumentsDecorator object at 0xffff9ab71ae0>, verb_extension=<colcon_core.verb.build.BuildVerb object at 0xffff9adba7d0>, main=<bound method BuildVerb.main of <colcon_core.verb.build.BuildVerb object at 0xffff9adba7d0>>)
[1.350s] Level 1:colcon.colcon_core.package_discovery:discover_packages(colcon_meta) check parameters
[1.350s] Level 1:colcon.colcon_core.package_discovery:discover_packages(recursive) check parameters
[1.351s] Level 1:colcon.colcon_core.package_discovery:discover_packages(ignore) check parameters
[1.351s] Level 1:colcon.colcon_core.package_discovery:discover_packages(path) check parameters
[1.351s] Level 1:colcon.colcon_core.package_discovery:discover_packages(colcon_meta) discover
[1.351s] Level 1:colcon.colcon_core.package_discovery:discover_packages(recursive) discover
[1.351s] INFO:colcon.colcon_core.package_discovery:Crawling recursively for packages in '/home/waldo/ros2_ws'
[1.352s] Level 1:colcon.colcon_core.package_identification:_identify(.) by extensions ['ignore', 'ignore_ament_install']
[1.352s] Level 1:colcon.colcon_core.package_identification:_identify(.) by extension 'ignore'
[1.352s] Level 1:colcon.colcon_core.package_identification:_identify(.) by extension 'ignore_ament_install'
[1.353s] Level 1:colcon.colcon_core.package_identification:_identify(.) by extensions ['colcon_pkg']
[1.353s] Level 1:colcon.colcon_core.package_identification:_identify(.) by extension 'colcon_pkg'
[1.353s] Level 1:colcon.colcon_core.package_identification:_identify(.) by extensions ['colcon_meta']
[1.353s] Level 1:colcon.colcon_core.package_identification:_identify(.) by extension 'colcon_meta'
[1.353s] Level 1:colcon.colcon_core.package_identification:_identify(.) by extensions ['ros']
[1.354s] Level 1:colcon.colcon_core.package_identification:_identify(.) by extension 'ros'
[1.492s] Level 1:colcon.colcon_core.package_identification:_identify(.) by extensions ['cmake', 'python']
[1.492s] Level 1:colcon.colcon_core.package_identification:_identify(.) by extension 'cmake'
[1.492s] Level 1:colcon.colcon_core.package_identification:_identify(.) by extension 'python'
[1.492s] Level 1:colcon.colcon_core.package_identification:_identify(.) by extensions ['python_setup_py']
[1.493s] Level 1:colcon.colcon_core.package_identification:_identify(.) by extension 'python_setup_py'
[1.493s] Level 1:colcon.colcon_core.package_identification:_identify(build) by extensions ['ignore', 'ignore_ament_install']
[1.494s] Level 1:colcon.colcon_core.package_identification:_identify(build) by extension 'ignore'
[1.494s] Level 1:colcon.colcon_core.package_identification:_identify(build) ignored
[1.495s] Level 1:colcon.colcon_core.package_identification:_identify(install) by extensions ['ignore', 'ignore_ament_install']
[1.495s] Level 1:colcon.colcon_core.package_identification:_identify(install) by extension 'ignore'
[1.495s] Level 1:colcon.colcon_core.package_identification:_identify(install) ignored
[1.496s] Level 1:colcon.colcon_core.package_identification:_identify(log) by extensions ['ignore', 'ignore_ament_install']
[1.496s] Level 1:colcon.colcon_core.package_identification:_identify(log) by extension 'ignore'
[1.497s] Level 1:colcon.colcon_core.package_identification:_identify(log) ignored
[1.497s] Level 1:colcon.colcon_core.package_identification:_identify(src) by extensions ['ignore', 'ignore_ament_install']
[1.497s] Level 1:colcon.colcon_core.package_identification:_identify(src) by extension 'ignore'
[1.498s] Level 1:colcon.colcon_core.package_identification:_identify(src) by extension 'ignore_ament_install'
[1.498s] Level 1:colcon.colcon_core.package_identification:_identify(src) by extensions ['colcon_pkg']
[1.498s] Level 1:colcon.colcon_core.package_identification:_identify(src) by extension 'colcon_pkg'
[1.498s] Level 1:colcon.colcon_core.package_identification:_identify(src) by extensions ['colcon_meta']
[1.498s] Level 1:colcon.colcon_core.package_identification:_identify(src) by extension 'colcon_meta'
[1.499s] Level 1:colcon.colcon_core.package_identification:_identify(src) by extensions ['ros']
[1.499s] Level 1:colcon.colcon_core.package_identification:_identify(src) by extension 'ros'
[1.499s] Level 1:colcon.colcon_core.package_identification:_identify(src) by extensions ['cmake', 'python']
[1.499s] Level 1:colcon.colcon_core.package_identification:_identify(src) by extension 'cmake'
[1.500s] Level 1:colcon.colcon_core.package_identification:_identify(src) by extension 'python'
[1.500s] Level 1:colcon.colcon_core.package_identification:_identify(src) by extensions ['python_setup_py']
[1.500s] Level 1:colcon.colcon_core.package_identification:_identify(src) by extension 'python_setup_py'
[1.500s] Level 1:colcon.colcon_core.package_identification:_identify(src/build) by extensions ['ignore', 'ignore_ament_install']
[1.501s] Level 1:colcon.colcon_core.package_identification:_identify(src/build) by extension 'ignore'
[1.501s] Level 1:colcon.colcon_core.package_identification:_identify(src/build) ignored
[1.502s] Level 1:colcon.colcon_core.package_identification:_identify(src/config) by extensions ['ignore', 'ignore_ament_install']
[1.502s] Level 1:colcon.colcon_core.package_identification:_identify(src/config) by extension 'ignore'
[1.502s] Level 1:colcon.colcon_core.package_identification:_identify(src/config) by extension 'ignore_ament_install'
[1.502s] Level 1:colcon.colcon_core.package_identification:_identify(src/config) by extensions ['colcon_pkg']
[1.503s] Level 1:colcon.colcon_core.package_identification:_identify(src/config) by extension 'colcon_pkg'
[1.503s] Level 1:colcon.colcon_core.package_identification:_identify(src/config) by extensions ['colcon_meta']
[1.503s] Level 1:colcon.colcon_core.package_identification:_identify(src/config) by extension 'colcon_meta'
[1.503s] Level 1:colcon.colcon_core.package_identification:_identify(src/config) by extensions ['ros']
[1.503s] Level 1:colcon.colcon_core.package_identification:_identify(src/config) by extension 'ros'
[1.504s] Level 1:colcon.colcon_core.package_identification:_identify(src/config) by extensions ['cmake', 'python']
[1.504s] Level 1:colcon.colcon_core.package_identification:_identify(src/config) by extension 'cmake'
[1.504s] Level 1:colcon.colcon_core.package_identification:_identify(src/config) by extension 'python'
[1.504s] Level 1:colcon.colcon_core.package_identification:_identify(src/config) by extensions ['python_setup_py']
[1.504s] Level 1:colcon.colcon_core.package_identification:_identify(src/config) by extension 'python_setup_py'
[1.505s] Level 1:colcon.colcon_core.package_identification:_identify(src/install) by extensions ['ignore', 'ignore_ament_install']
[1.505s] Level 1:colcon.colcon_core.package_identification:_identify(src/install) by extension 'ignore'
[1.506s] Level 1:colcon.colcon_core.package_identification:_identify(src/install) ignored
[1.506s] Level 1:colcon.colcon_core.package_identification:_identify(src/log) by extensions ['ignore', 'ignore_ament_install']
[1.507s] Level 1:colcon.colcon_core.package_identification:_identify(src/log) by extension 'ignore'
[1.507s] Level 1:colcon.colcon_core.package_identification:_identify(src/log) ignored
[1.507s] Level 1:colcon.colcon_core.package_identification:_identify(src/motor_interfaces) by extensions ['ignore', 'ignore_ament_install']
[1.508s] Level 1:colcon.colcon_core.package_identification:_identify(src/motor_interfaces) by extension 'ignore'
[1.508s] Level 1:colcon.colcon_core.package_identification:_identify(src/motor_interfaces) by extension 'ignore_ament_install'
[1.508s] Level 1:colcon.colcon_core.package_identification:_identify(src/motor_interfaces) by extensions ['colcon_pkg']
[1.508s] Level 1:colcon.colcon_core.package_identification:_identify(src/motor_interfaces) by extension 'colcon_pkg'
[1.508s] Level 1:colcon.colcon_core.package_identification:_identify(src/motor_interfaces) by extensions ['colcon_meta']
[1.509s] Level 1:colcon.colcon_core.package_identification:_identify(src/motor_interfaces) by extension 'colcon_meta'
[1.509s] Level 1:colcon.colcon_core.package_identification:_identify(src/motor_interfaces) by extensions ['ros']
[1.509s] Level 1:colcon.colcon_core.package_identification:_identify(src/motor_interfaces) by extension 'ros'
[1.519s] DEBUG:colcon.colcon_core.package_identification:Package 'src/motor_interfaces' with type 'ros.ament_cmake' and name 'motor_interfaces'
[1.520s] Level 1:colcon.colcon_core.package_identification:_identify(src/motors) by extensions ['ignore', 'ignore_ament_install']
[1.520s] Level 1:colcon.colcon_core.package_identification:_identify(src/motors) by extension 'ignore'
[1.521s] Level 1:colcon.colcon_core.package_identification:_identify(src/motors) by extension 'ignore_ament_install'
[1.521s] Level 1:colcon.colcon_core.package_identification:_identify(src/motors) by extensions ['colcon_pkg']
[1.521s] Level 1:colcon.colcon_core.package_identification:_identify(src/motors) by extension 'colcon_pkg'
[1.521s] Level 1:colcon.colcon_core.package_identification:_identify(src/motors) by extensions ['colcon_meta']
[1.521s] Level 1:colcon.colcon_core.package_identification:_identify(src/motors) by extension 'colcon_meta'
[1.522s] Level 1:colcon.colcon_core.package_identification:_identify(src/motors) by extensions ['ros']
[1.522s] Level 1:colcon.colcon_core.package_identification:_identify(src/motors) by extension 'ros'
[1.524s] DEBUG:colcon.colcon_core.package_identification:Package 'src/motors' with type 'ros.ament_python' and name 'motors'
[1.525s] Level 1:colcon.colcon_core.package_identification:_identify(src/yolo_ros) by extensions ['ignore', 'ignore_ament_install']
[1.526s] Level 1:colcon.colcon_core.package_identification:_identify(src/yolo_ros) by extension 'ignore'
[1.526s] Level 1:colcon.colcon_core.package_identification:_identify(src/yolo_ros) by extension 'ignore_ament_install'
[1.526s] Level 1:colcon.colcon_core.package_identification:_identify(src/yolo_ros) by extensions ['colcon_pkg']
[1.526s] Level 1:colcon.colcon_core.package_identification:_identify(src/yolo_ros) by extension 'colcon_pkg'
[1.527s] Level 1:colcon.colcon_core.package_identification:_identify(src/yolo_ros) by extensions ['colcon_meta']
[1.527s] Level 1:colcon.colcon_core.package_identification:_identify(src/yolo_ros) by extension 'colcon_meta'
[1.527s] Level 1:colcon.colcon_core.package_identification:_identify(src/yolo_ros) by extensions ['ros']
[1.527s] Level 1:colcon.colcon_core.package_identification:_identify(src/yolo_ros) by extension 'ros'
[1.528s] Level 1:colcon.colcon_core.package_identification:_identify(src/yolo_ros) by extensions ['cmake', 'python']
[1.528s] Level 1:colcon.colcon_core.package_identification:_identify(src/yolo_ros) by extension 'cmake'
[1.528s] Level 1:colcon.colcon_core.package_identification:_identify(src/yolo_ros) by extension 'python'
[1.528s] Level 1:colcon.colcon_core.package_identification:_identify(src/yolo_ros) by extensions ['python_setup_py']
[1.528s] Level 1:colcon.colcon_core.package_identification:_identify(src/yolo_ros) by extension 'python_setup_py'
[1.529s] Level 1:colcon.colcon_core.package_identification:_identify(src/yolo_ros/docs) by extensions ['ignore', 'ignore_ament_install']
[1.529s] Level 1:colcon.colcon_core.package_identification:_identify(src/yolo_ros/docs) by extension 'ignore'
[1.530s] Level 1:colcon.colcon_core.package_identification:_identify(src/yolo_ros/docs) by extension 'ignore_ament_install'
[1.530s] Level 1:colcon.colcon_core.package_identification:_identify(src/yolo_ros/docs) by extensions ['colcon_pkg']
[1.530s] Level 1:colcon.colcon_core.package_identification:_identify(src/yolo_ros/docs) by extension 'colcon_pkg'
[1.530s] Level 1:colcon.colcon_core.package_identification:_identify(src/yolo_ros/docs) by extensions ['colcon_meta']
[1.530s] Level 1:colcon.colcon_core.package_identification:_identify(src/yolo_ros/docs) by extension 'colcon_meta'
[1.531s] Level 1:colcon.colcon_core.package_identification:_identify(src/yolo_ros/docs) by extensions ['ros']
[1.531s] Level 1:colcon.colcon_core.package_identification:_identify(src/yolo_ros/docs) by extension 'ros'
[1.531s] Level 1:colcon.colcon_core.package_identification:_identify(src/yolo_ros/docs) by extensions ['cmake', 'python']
[1.531s] Level 1:colcon.colcon_core.package_identification:_identify(src/yolo_ros/docs) by extension 'cmake'
[1.531s] Level 1:colcon.colcon_core.package_identification:_identify(src/yolo_ros/docs) by extension 'python'
[1.532s] Level 1:colcon.colcon_core.package_identification:_identify(src/yolo_ros/docs) by extensions ['python_setup_py']
[1.532s] Level 1:colcon.colcon_core.package_identification:_identify(src/yolo_ros/docs) by extension 'python_setup_py'
[1.532s] Level 1:colcon.colcon_core.package_identification:_identify(src/yolo_ros/yolo_bringup) by extensions ['ignore', 'ignore_ament_install']
[1.533s] Level 1:colcon.colcon_core.package_identification:_identify(src/yolo_ros/yolo_bringup) by extension 'ignore'
[1.533s] Level 1:colcon.colcon_core.package_identification:_identify(src/yolo_ros/yolo_bringup) by extension 'ignore_ament_install'
[1.533s] Level 1:colcon.colcon_core.package_identification:_identify(src/yolo_ros/yolo_bringup) by extensions ['colcon_pkg']
[1.533s] Level 1:colcon.colcon_core.package_identification:_identify(src/yolo_ros/yolo_bringup) by extension 'colcon_pkg'
[1.534s] Level 1:colcon.colcon_core.package_identification:_identify(src/yolo_ros/yolo_bringup) by extensions ['colcon_meta']
[1.534s] Level 1:colcon.colcon_core.package_identification:_identify(src/yolo_ros/yolo_bringup) by extension 'colcon_meta'
[1.534s] Level 1:colcon.colcon_core.package_identification:_identify(src/yolo_ros/yolo_bringup) by extensions ['ros']
[1.534s] Level 1:colcon.colcon_core.package_identification:_identify(src/yolo_ros/yolo_bringup) by extension 'ros'
[1.537s] DEBUG:colcon.colcon_core.package_identification:Package 'src/yolo_ros/yolo_bringup' with type 'ros.ament_cmake' and name 'yolo_bringup'
[1.537s] Level 1:colcon.colcon_core.package_identification:_identify(src/yolo_ros/yolo_msgs) by extensions ['ignore', 'ignore_ament_install']
[1.538s] Level 1:colcon.colcon_core.package_identification:_identify(src/yolo_ros/yolo_msgs) by extension 'ignore'
[1.538s] Level 1:colcon.colcon_core.package_identification:_identify(src/yolo_ros/yolo_msgs) by extension 'ignore_ament_install'
[1.538s] Level 1:colcon.colcon_core.package_identification:_identify(src/yolo_ros/yolo_msgs) by extensions ['colcon_pkg']
[1.539s] Level 1:colcon.colcon_core.package_identification:_identify(src/yolo_ros/yolo_msgs) by extension 'colcon_pkg'
[1.539s] Level 1:colcon.colcon_core.package_identification:_identify(src/yolo_ros/yolo_msgs) by extensions ['colcon_meta']
[1.539s] Level 1:colcon.colcon_core.package_identification:_identify(src/yolo_ros/yolo_msgs) by extension 'colcon_meta'
[1.539s] Level 1:colcon.colcon_core.package_identification:_identify(src/yolo_ros/yolo_msgs) by extensions ['ros']
[1.539s] Level 1:colcon.colcon_core.package_identification:_identify(src/yolo_ros/yolo_msgs) by extension 'ros'
[1.543s] DEBUG:colcon.colcon_core.package_identification:Package 'src/yolo_ros/yolo_msgs' with type 'ros.ament_cmake' and name 'yolo_msgs'
[1.543s] Level 1:colcon.colcon_core.package_identification:_identify(src/yolo_ros/yolo_ros) by extensions ['ignore', 'ignore_ament_install']
[1.544s] Level 1:colcon.colcon_core.package_identification:_identify(src/yolo_ros/yolo_ros) by extension 'ignore'
[1.544s] Level 1:colcon.colcon_core.package_identification:_identify(src/yolo_ros/yolo_ros) by extension 'ignore_ament_install'
[1.544s] Level 1:colcon.colcon_core.package_identification:_identify(src/yolo_ros/yolo_ros) by extensions ['colcon_pkg']
[1.544s] Level 1:colcon.colcon_core.package_identification:_identify(src/yolo_ros/yolo_ros) by extension 'colcon_pkg'
[1.545s] Level 1:colcon.colcon_core.package_identification:_identify(src/yolo_ros/yolo_ros) by extensions ['colcon_meta']
[1.545s] Level 1:colcon.colcon_core.package_identification:_identify(src/yolo_ros/yolo_ros) by extension 'colcon_meta'
[1.545s] Level 1:colcon.colcon_core.package_identification:_identify(src/yolo_ros/yolo_ros) by extensions ['ros']
[1.545s] Level 1:colcon.colcon_core.package_identification:_identify(src/yolo_ros/yolo_ros) by extension 'ros'
[1.551s] DEBUG:colcon.colcon_core.package_identification:Package 'src/yolo_ros/yolo_ros' with type 'ros.ament_python' and name 'yolo_ros'
[1.551s] Level 1:colcon.colcon_core.package_discovery:discover_packages(recursive) using defaults
[1.551s] Level 1:colcon.colcon_core.package_discovery:discover_packages(ignore) discover
[1.551s] Level 1:colcon.colcon_core.package_discovery:discover_packages(ignore) using defaults
[1.551s] Level 1:colcon.colcon_core.package_discovery:discover_packages(path) discover
[1.552s] Level 1:colcon.colcon_core.package_discovery:discover_packages(path) using defaults
[1.640s] INFO:colcon.colcon_core.package_selection:Skipping not selected package 'motor_interfaces' in 'src/motor_interfaces'
[1.641s] INFO:colcon.colcon_core.package_selection:Skipping not selected package 'yolo_msgs' in 'src/yolo_ros/yolo_msgs'
[1.641s] INFO:colcon.colcon_core.package_selection:Skipping not selected package 'motors' in 'src/motors'
[1.641s] INFO:colcon.colcon_core.package_selection:Skipping not selected package 'yolo_bringup' in 'src/yolo_ros/yolo_bringup'
[1.643s] Level 5:colcon.colcon_core.verb:set package 'yolo_ros' build argument 'cmake_args' from command line to 'None'
[1.643s] Level 5:colcon.colcon_core.verb:set package 'yolo_ros' build argument 'cmake_target' from command line to 'None'
[1.643s] Level 5:colcon.colcon_core.verb:set package 'yolo_ros' build argument 'cmake_target_skip_unavailable' from command line to 'False'
[1.643s] Level 5:colcon.colcon_core.verb:set package 'yolo_ros' build argument 'cmake_clean_cache' from command line to 'False'
[1.643s] Level 5:colcon.colcon_core.verb:set package 'yolo_ros' build argument 'cmake_clean_first' from command line to 'False'
[1.644s] Level 5:colcon.colcon_core.verb:set package 'yolo_ros' build argument 'cmake_force_configure' from command line to 'False'
[1.644s] Level 5:colcon.colcon_core.verb:set package 'yolo_ros' build argument 'ament_cmake_args' from command line to 'None'
[1.644s] Level 5:colcon.colcon_core.verb:set package 'yolo_ros' build argument 'catkin_cmake_args' from command line to 'None'
[1.644s] Level 5:colcon.colcon_core.verb:set package 'yolo_ros' build argument 'catkin_skip_building_tests' from command line to 'False'
[1.644s] DEBUG:colcon.colcon_core.verb:Building package 'yolo_ros' with the following arguments: {'ament_cmake_args': None, 'build_base': '/home/waldo/ros2_ws/build/yolo_ros', 'catkin_cmake_args': None, 'catkin_skip_building_tests': False, 'cmake_args': None, 'cmake_clean_cache': False, 'cmake_clean_first': False, 'cmake_force_configure': False, 'cmake_target': None, 'cmake_target_skip_unavailable': False, 'install_base': '/home/waldo/ros2_ws/install/yolo_ros', 'merge_install': False, 'path': '/home/waldo/ros2_ws/src/yolo_ros/yolo_ros', 'symlink_install': False, 'test_result_base': None}
[1.645s] INFO:colcon.colcon_core.executor:Executing jobs using 'parallel' executor
[1.649s] DEBUG:colcon.colcon_parallel_executor.executor.parallel:run_until_complete
[1.650s] INFO:colcon.colcon_ros.task.ament_python.build:Building ROS package in '/home/waldo/ros2_ws/src/yolo_ros/yolo_ros' with build type 'ament_python'
[1.651s] Level 1:colcon.colcon_core.shell:create_environment_hook('yolo_ros', 'ament_prefix_path')
[1.661s] INFO:colcon.colcon_core.plugin_system:Skipping extension 'colcon_core.shell.bat': Not used on non-Windows systems
[1.662s] INFO:colcon.colcon_core.shell:Creating environment hook '/home/waldo/ros2_ws/install/yolo_ros/share/yolo_ros/hook/ament_prefix_path.ps1'
[1.669s] INFO:colcon.colcon_core.shell:Creating environment descriptor '/home/waldo/ros2_ws/install/yolo_ros/share/yolo_ros/hook/ament_prefix_path.dsv'
[1.672s] INFO:colcon.colcon_core.shell:Creating environment hook '/home/waldo/ros2_ws/install/yolo_ros/share/yolo_ros/hook/ament_prefix_path.sh'
[1.676s] INFO:colcon.colcon_core.shell:Skip shell extension 'powershell' for command environment: Not usable outside of PowerShell
[1.676s] DEBUG:colcon.colcon_core.shell:Skip shell extension 'dsv' for command environment
[2.996s] INFO:colcon.colcon_core.task.python.build:Building Python package in '/home/waldo/ros2_ws/src/yolo_ros/yolo_ros'
[2.998s] INFO:colcon.colcon_core.shell:Skip shell extension 'powershell' for command environment: Not usable outside of PowerShell
[2.998s] DEBUG:colcon.colcon_core.shell:Skip shell extension 'dsv' for command environment
[5.176s] DEBUG:colcon.colcon_core.event_handler.log_command:Invoking command in '/home/waldo/ros2_ws/src/yolo_ros/yolo_ros': AMENT_PREFIX_PATH=/home/waldo/ros2_ws/install/yolo_msgs:${AMENT_PREFIX_PATH} CMAKE_PREFIX_PATH=/home/waldo/ros2_ws/install/yolo_msgs LD_LIBRARY_PATH=/home/waldo/ros2_ws/install/yolo_msgs/lib:${LD_LIBRARY_PATH} PYTHONPATH=/home/waldo/ros2_ws/build/yolo_ros/prefix_override:/home/waldo/.local/lib/python3.10/site-packages/colcon_core/task/python/colcon_distutils_commands:/home/waldo/ros2_ws/install/yolo_ros/lib/python3.10/site-packages:/home/waldo/ros2_ws/install/yolo_msgs/local/lib/python3.10/dist-packages:${PYTHONPATH} /usr/bin/python3 -W ignore:setup.py install is deprecated -W ignore:easy_install command is deprecated setup.py egg_info --egg-base ../../../build/yolo_ros build --build-base /home/waldo/ros2_ws/build/yolo_ros/build install --record /home/waldo/ros2_ws/build/yolo_ros/install.log --single-version-externally-managed install_data
[6.655s] DEBUG:colcon.colcon_core.event_handler.log_command:Invoked command in '/home/waldo/ros2_ws/src/yolo_ros/yolo_ros' returned '0': AMENT_PREFIX_PATH=/home/waldo/ros2_ws/install/yolo_msgs:${AMENT_PREFIX_PATH} CMAKE_PREFIX_PATH=/home/waldo/ros2_ws/install/yolo_msgs LD_LIBRARY_PATH=/home/waldo/ros2_ws/install/yolo_msgs/lib:${LD_LIBRARY_PATH} PYTHONPATH=/home/waldo/ros2_ws/build/yolo_ros/prefix_override:/home/waldo/.local/lib/python3.10/site-packages/colcon_core/task/python/colcon_distutils_commands:/home/waldo/ros2_ws/install/yolo_ros/lib/python3.10/site-packages:/home/waldo/ros2_ws/install/yolo_msgs/local/lib/python3.10/dist-packages:${PYTHONPATH} /usr/bin/python3 -W ignore:setup.py install is deprecated -W ignore:easy_install command is deprecated setup.py egg_info --egg-base ../../../build/yolo_ros build --build-base /home/waldo/ros2_ws/build/yolo_ros/build install --record /home/waldo/ros2_ws/build/yolo_ros/install.log --single-version-externally-managed install_data
[6.666s] Level 1:colcon.colcon_core.environment:checking '/home/waldo/ros2_ws/install/yolo_ros' for CMake module files
[6.669s] Level 1:colcon.colcon_core.environment:checking '/home/waldo/ros2_ws/install/yolo_ros' for CMake config files
[6.673s] Level 1:colcon.colcon_core.environment:checking '/home/waldo/ros2_ws/install/yolo_ros/lib'
[6.674s] Level 1:colcon.colcon_core.environment:checking '/home/waldo/ros2_ws/install/yolo_ros/bin'
[6.675s] Level 1:colcon.colcon_core.environment:checking '/home/waldo/ros2_ws/install/yolo_ros/lib/pkgconfig/yolo_ros.pc'
[6.676s] Level 1:colcon.colcon_core.environment:checking '/home/waldo/ros2_ws/install/yolo_ros/lib/python3.10/site-packages'
[6.676s] Level 1:colcon.colcon_core.shell:create_environment_hook('yolo_ros', 'pythonpath')
[6.677s] INFO:colcon.colcon_core.shell:Creating environment hook '/home/waldo/ros2_ws/install/yolo_ros/share/yolo_ros/hook/pythonpath.ps1'
[6.680s] INFO:colcon.colcon_core.shell:Creating environment descriptor '/home/waldo/ros2_ws/install/yolo_ros/share/yolo_ros/hook/pythonpath.dsv'
[6.681s] INFO:colcon.colcon_core.shell:Creating environment hook '/home/waldo/ros2_ws/install/yolo_ros/share/yolo_ros/hook/pythonpath.sh'
[6.685s] Level 1:colcon.colcon_core.environment:checking '/home/waldo/ros2_ws/install/yolo_ros/bin'
[6.685s] Level 1:colcon.colcon_core.environment:create_environment_scripts_only(yolo_ros)
[6.687s] INFO:colcon.colcon_core.shell:Creating package script '/home/waldo/ros2_ws/install/yolo_ros/share/yolo_ros/package.ps1'
[6.691s] INFO:colcon.colcon_core.shell:Creating package descriptor '/home/waldo/ros2_ws/install/yolo_ros/share/yolo_ros/package.dsv'
[6.694s] INFO:colcon.colcon_core.shell:Creating package script '/home/waldo/ros2_ws/install/yolo_ros/share/yolo_ros/package.sh'
[6.697s] INFO:colcon.colcon_core.shell:Creating package script '/home/waldo/ros2_ws/install/yolo_ros/share/yolo_ros/package.bash'
[6.701s] INFO:colcon.colcon_core.shell:Creating package script '/home/waldo/ros2_ws/install/yolo_ros/share/yolo_ros/package.zsh'
[6.704s] Level 1:colcon.colcon_core.environment:create_file_with_runtime_dependencies(/home/waldo/ros2_ws/install/yolo_ros/share/colcon-core/packages/yolo_ros)
[6.706s] DEBUG:colcon.colcon_parallel_executor.executor.parallel:closing loop
[6.707s] DEBUG:colcon.colcon_parallel_executor.executor.parallel:loop closed
[6.708s] DEBUG:colcon.colcon_parallel_executor.executor.parallel:run_until_complete finished with '0'
[6.708s] DEBUG:colcon.colcon_core.event_reactor:joining thread
[6.732s] INFO:colcon.colcon_core.plugin_system:Skipping extension 'colcon_notification.desktop_notification.notify_send': Could not find 'notify-send'
[6.732s] INFO:colcon.colcon_core.plugin_system:Skipping extension 'colcon_notification.desktop_notification.terminal_notifier': Not used on non-Darwin systems
[6.733s] INFO:colcon.colcon_core.plugin_system:Skipping extension 'colcon_notification.desktop_notification.win32': Not used on non-Windows systems
[6.733s] INFO:colcon.colcon_notification.desktop_notification:Sending desktop notification using 'notify2'
[6.736s] DEBUG:colcon.colcon_notification.desktop_notification.notify2:Failed to initialize notify2: org.freedesktop.DBus.Error.ServiceUnknown: The name org.freedesktop.Notifications was not provided by any .service files
[6.736s] DEBUG:colcon.colcon_core.event_reactor:joined thread
[6.737s] INFO:colcon.colcon_core.shell:Creating prefix script '/home/waldo/ros2_ws/install/local_setup.ps1'
[6.742s] INFO:colcon.colcon_core.shell:Creating prefix util module '/home/waldo/ros2_ws/install/_local_setup_util_ps1.py'
[6.748s] INFO:colcon.colcon_core.shell:Creating prefix chain script '/home/waldo/ros2_ws/install/setup.ps1'
[6.753s] INFO:colcon.colcon_core.shell:Creating prefix script '/home/waldo/ros2_ws/install/local_setup.sh'
[6.756s] INFO:colcon.colcon_core.shell:Creating prefix util module '/home/waldo/ros2_ws/install/_local_setup_util_sh.py'
[6.759s] INFO:colcon.colcon_core.shell:Creating prefix chain script '/home/waldo/ros2_ws/install/setup.sh'
[6.764s] INFO:colcon.colcon_core.shell:Creating prefix script '/home/waldo/ros2_ws/install/local_setup.bash'
[6.767s] INFO:colcon.colcon_core.shell:Creating prefix chain script '/home/waldo/ros2_ws/install/setup.bash'
[6.771s] INFO:colcon.colcon_core.shell:Creating prefix script '/home/waldo/ros2_ws/install/local_setup.zsh'
[6.774s] INFO:colcon.colcon_core.shell:Creating prefix chain script '/home/waldo/ros2_ws/install/setup.zsh'
