-- Found ament_cmake: 1.3.5 (/opt/ros/humble/share/ament_cmake/cmake)
-- Found rosidl_default_generators: 1.2.0 (/opt/ros/humble/share/rosidl_default_generators/cmake)
-- Using all available rosidl_typesupport_c: rosidl_typesupport_fastrtps_c;rosidl_typesupport_introspection_c
-- Found rosidl_adapter: 3.1.5 (/opt/ros/humble/share/rosidl_adapter/cmake)
-- Using all available rosidl_typesupport_cpp: rosidl_typesupport_fastrtps_cpp;rosidl_typesupport_introspection_cpp
-- Found ament_cmake_ros: 0.10.0 (/opt/ros/humble/share/ament_cmake_ros/cmake)
-- Using all available rosidl_typesupport_c: rosidl_typesupport_fastrtps_c;rosidl_typesupport_introspection_c
-- Using all available rosidl_typesupport_cpp: rosidl_typesupport_fastrtps_cpp;rosidl_typesupport_introspection_cpp
-- Found python_cmake_module: 0.10.0 (/opt/ros/humble/share/python_cmake_module/cmake)
-- Using PYTHON_EXECUTABLE: /usr/bin/python3
-- Using PYTHON_INCLUDE_DIRS: /usr/include/python3.10
-- Using PYTHON_LIBRARIES: /usr/lib/aarch64-linux-gnu/libpython3.10.so
-- Found ament_lint_auto: 0.12.7 (/opt/ros/humble/share/ament_lint_auto/cmake)
-- Added test 'lint_cmake' to check CMake code style
-- Added test 'xmllint' to check XML markup files
-- Configuring done
-- Generating done
-- Build files have been written to: /home/waldo/ros2_ws/src/build/motor_interfaces
[  2%] [34m[1mGenerating C code for ROS interfaces[0m
[  5%] [34m[1mGenerating C++ code for ROS interfaces[0m
[  5%] Built target ament_cmake_python_copy_motor_interfaces
running egg_info
writing motor_interfaces.egg-info/PKG-INFO
writing dependency_links to motor_interfaces.egg-info/dependency_links.txt
writing top-level names to motor_interfaces.egg-info/top_level.txt
reading manifest file 'motor_interfaces.egg-info/SOURCES.txt'
writing manifest file 'motor_interfaces.egg-info/SOURCES.txt'
[  5%] Built target ament_cmake_python_build_motor_interfaces_egg
[35m[1mConsolidate compiler generated dependencies of target motor_interfaces__rosidl_generator_c[0m
[  7%] [32mBuilding C object CMakeFiles/motor_interfaces__rosidl_generator_c.dir/rosidl_generator_c/motor_interfaces/srv/detail/arm_pos__functions.c.o[0m
[ 10%] [32mBuilding C object CMakeFiles/motor_interfaces__rosidl_generator_c.dir/rosidl_generator_c/motor_interfaces/srv/detail/wheel_vel__functions.c.o[0m
[ 10%] Built target motor_interfaces__cpp
[ 12%] [34m[1mGenerating C++ type support dispatch for ROS interfaces[0m
[ 15%] [34m[1mGenerating C++ type support for eProsima Fast-RTPS[0m
[ 17%] [32m[1mLinking C shared library libmotor_interfaces__rosidl_generator_c.so[0m
[ 20%] [34m[1mGenerating C++ introspection for ROS interfaces[0m
[ 20%] Built target motor_interfaces__rosidl_generator_c
[ 23%] [34m[1mGenerating C type support for eProsima Fast-RTPS[0m
[35m[1mConsolidate compiler generated dependencies of target motor_interfaces__rosidl_typesupport_cpp[0m
[ 25%] [32mBuilding CXX object CMakeFiles/motor_interfaces__rosidl_typesupport_cpp.dir/rosidl_typesupport_cpp/motor_interfaces/srv/arm_pos__type_support.cpp.o[0m
[35m[1mConsolidate compiler generated dependencies of target motor_interfaces__rosidl_typesupport_fastrtps_cpp[0m
[ 28%] [32mBuilding CXX object CMakeFiles/motor_interfaces__rosidl_typesupport_fastrtps_cpp.dir/rosidl_typesupport_fastrtps_cpp/motor_interfaces/srv/detail/dds_fastrtps/arm_pos__type_support.cpp.o[0m
[35m[1mConsolidate compiler generated dependencies of target motor_interfaces__rosidl_typesupport_introspection_cpp[0m
[ 30%] [32mBuilding CXX object CMakeFiles/motor_interfaces__rosidl_typesupport_introspection_cpp.dir/rosidl_typesupport_introspection_cpp/motor_interfaces/srv/detail/arm_pos__type_support.cpp.o[0m
[35m[1mConsolidate compiler generated dependencies of target motor_interfaces__rosidl_typesupport_fastrtps_c[0m
[ 33%] [32mBuilding CXX object CMakeFiles/motor_interfaces__rosidl_typesupport_fastrtps_c.dir/rosidl_typesupport_fastrtps_c/motor_interfaces/srv/detail/arm_pos__type_support_c.cpp.o[0m
[ 35%] [32mBuilding CXX object CMakeFiles/motor_interfaces__rosidl_typesupport_cpp.dir/rosidl_typesupport_cpp/motor_interfaces/srv/wheel_vel__type_support.cpp.o[0m
[ 38%] [32mBuilding CXX object CMakeFiles/motor_interfaces__rosidl_typesupport_introspection_cpp.dir/rosidl_typesupport_introspection_cpp/motor_interfaces/srv/detail/wheel_vel__type_support.cpp.o[0m
[ 41%] [32mBuilding CXX object CMakeFiles/motor_interfaces__rosidl_typesupport_fastrtps_cpp.dir/rosidl_typesupport_fastrtps_cpp/motor_interfaces/srv/detail/dds_fastrtps/wheel_vel__type_support.cpp.o[0m
[ 43%] [32mBuilding CXX object CMakeFiles/motor_interfaces__rosidl_typesupport_fastrtps_c.dir/rosidl_typesupport_fastrtps_c/motor_interfaces/srv/detail/wheel_vel__type_support_c.cpp.o[0m
[ 46%] [32m[1mLinking CXX shared library libmotor_interfaces__rosidl_typesupport_cpp.so[0m
[ 46%] Built target motor_interfaces__rosidl_typesupport_cpp
[ 48%] [34m[1mGenerating C introspection for ROS interfaces[0m
[ 51%] [32m[1mLinking CXX shared library libmotor_interfaces__rosidl_typesupport_introspection_cpp.so[0m
[ 53%] [32m[1mLinking CXX shared library libmotor_interfaces__rosidl_typesupport_fastrtps_c.so[0m
[ 53%] Built target motor_interfaces__rosidl_typesupport_introspection_cpp
[35m[1mConsolidate compiler generated dependencies of target motor_interfaces__rosidl_typesupport_introspection_c[0m
[ 56%] [34m[1mGenerating C type support dispatch for ROS interfaces[0m
[ 56%] Built target motor_interfaces__rosidl_typesupport_fastrtps_c
[ 58%] [32mBuilding C object CMakeFiles/motor_interfaces__rosidl_typesupport_introspection_c.dir/rosidl_typesupport_introspection_c/motor_interfaces/srv/detail/arm_pos__type_support.c.o[0m
[ 61%] [32mBuilding C object CMakeFiles/motor_interfaces__rosidl_typesupport_introspection_c.dir/rosidl_typesupport_introspection_c/motor_interfaces/srv/detail/wheel_vel__type_support.c.o[0m
[ 64%] [32m[1mLinking CXX shared library libmotor_interfaces__rosidl_typesupport_fastrtps_cpp.so[0m
[ 66%] [32m[1mLinking C shared library libmotor_interfaces__rosidl_typesupport_introspection_c.so[0m
[ 66%] Built target motor_interfaces__rosidl_typesupport_fastrtps_cpp
[ 66%] Built target motor_interfaces__rosidl_typesupport_introspection_c
[35m[1mConsolidate compiler generated dependencies of target motor_interfaces__rosidl_typesupport_c[0m
[ 69%] [32mBuilding CXX object CMakeFiles/motor_interfaces__rosidl_typesupport_c.dir/rosidl_typesupport_c/motor_interfaces/srv/arm_pos__type_support.cpp.o[0m
[ 71%] [32mBuilding CXX object CMakeFiles/motor_interfaces__rosidl_typesupport_c.dir/rosidl_typesupport_c/motor_interfaces/srv/wheel_vel__type_support.cpp.o[0m
[ 74%] [32m[1mLinking CXX shared library libmotor_interfaces__rosidl_typesupport_c.so[0m
[ 74%] Built target motor_interfaces__rosidl_typesupport_c
[ 74%] Built target motor_interfaces
[ 76%] [34m[1mGenerating Python code for ROS interfaces[0m
[ 76%] Built target motor_interfaces__py
[35m[1mConsolidate compiler generated dependencies of target motor_interfaces__rosidl_generator_py[0m
[ 79%] [32mBuilding C object CMakeFiles/motor_interfaces__rosidl_generator_py.dir/rosidl_generator_py/motor_interfaces/srv/_arm_pos_s.c.o[0m
[ 82%] [32mBuilding C object CMakeFiles/motor_interfaces__rosidl_generator_py.dir/rosidl_generator_py/motor_interfaces/srv/_wheel_vel_s.c.o[0m
[ 84%] [32m[1mLinking C shared library rosidl_generator_py/motor_interfaces/libmotor_interfaces__rosidl_generator_py.so[0m
[ 84%] Built target motor_interfaces__rosidl_generator_py
[35m[1mConsolidate compiler generated dependencies of target motor_interfaces__rosidl_typesupport_introspection_c__pyext[0m
[35m[1mConsolidate compiler generated dependencies of target motor_interfaces__rosidl_typesupport_fastrtps_c__pyext[0m
[35m[1mConsolidate compiler generated dependencies of target motor_interfaces__rosidl_typesupport_c__pyext[0m
[ 87%] [32mBuilding C object CMakeFiles/motor_interfaces__rosidl_typesupport_introspection_c__pyext.dir/rosidl_generator_py/motor_interfaces/_motor_interfaces_s.ep.rosidl_typesupport_introspection_c.c.o[0m
[ 89%] [32mBuilding C object CMakeFiles/motor_interfaces__rosidl_typesupport_fastrtps_c__pyext.dir/rosidl_generator_py/motor_interfaces/_motor_interfaces_s.ep.rosidl_typesupport_fastrtps_c.c.o[0m
[ 92%] [32mBuilding C object CMakeFiles/motor_interfaces__rosidl_typesupport_c__pyext.dir/rosidl_generator_py/motor_interfaces/_motor_interfaces_s.ep.rosidl_typesupport_c.c.o[0m
[ 94%] [32m[1mLinking C shared library rosidl_generator_py/motor_interfaces/motor_interfaces_s__rosidl_typesupport_introspection_c.cpython-310-aarch64-linux-gnu.so[0m
[ 94%] Built target motor_interfaces__rosidl_typesupport_introspection_c__pyext
[ 97%] [32m[1mLinking C shared library rosidl_generator_py/motor_interfaces/motor_interfaces_s__rosidl_typesupport_c.cpython-310-aarch64-linux-gnu.so[0m
[100%] [32m[1mLinking C shared library rosidl_generator_py/motor_interfaces/motor_interfaces_s__rosidl_typesupport_fastrtps_c.cpython-310-aarch64-linux-gnu.so[0m
[100%] Built target motor_interfaces__rosidl_typesupport_c__pyext
[100%] Built target motor_interfaces__rosidl_typesupport_fastrtps_c__pyext
-- Install configuration: ""
-- Installing: /home/waldo/ros2_ws/src/install/motor_interfaces/share/ament_index/resource_index/rosidl_interfaces/motor_interfaces
-- Up-to-date: /home/waldo/ros2_ws/src/install/motor_interfaces/include/motor_interfaces/motor_interfaces
-- Up-to-date: /home/waldo/ros2_ws/src/install/motor_interfaces/include/motor_interfaces/motor_interfaces/msg
-- Up-to-date: /home/waldo/ros2_ws/src/install/motor_interfaces/include/motor_interfaces/motor_interfaces/msg/rosidl_generator_c__visibility_control.h
-- Up-to-date: /home/waldo/ros2_ws/src/install/motor_interfaces/include/motor_interfaces/motor_interfaces/srv
-- Up-to-date: /home/waldo/ros2_ws/src/install/motor_interfaces/include/motor_interfaces/motor_interfaces/srv/detail
-- Installing: /home/waldo/ros2_ws/src/install/motor_interfaces/include/motor_interfaces/motor_interfaces/srv/detail/wheel_vel__type_support.h
-- Installing: /home/waldo/ros2_ws/src/install/motor_interfaces/include/motor_interfaces/motor_interfaces/srv/detail/arm_pos__functions.h
-- Installing: /home/waldo/ros2_ws/src/install/motor_interfaces/include/motor_interfaces/motor_interfaces/srv/detail/wheel_vel__struct.h
-- Installing: /home/waldo/ros2_ws/src/install/motor_interfaces/include/motor_interfaces/motor_interfaces/srv/detail/arm_pos__struct.h
-- Installing: /home/waldo/ros2_ws/src/install/motor_interfaces/include/motor_interfaces/motor_interfaces/srv/detail/arm_pos__type_support.h
-- Installing: /home/waldo/ros2_ws/src/install/motor_interfaces/include/motor_interfaces/motor_interfaces/srv/detail/wheel_vel__functions.c
-- Installing: /home/waldo/ros2_ws/src/install/motor_interfaces/include/motor_interfaces/motor_interfaces/srv/detail/wheel_vel__functions.h
-- Installing: /home/waldo/ros2_ws/src/install/motor_interfaces/include/motor_interfaces/motor_interfaces/srv/detail/arm_pos__functions.c
-- Installing: /home/waldo/ros2_ws/src/install/motor_interfaces/include/motor_interfaces/motor_interfaces/srv/arm_pos.h
-- Installing: /home/waldo/ros2_ws/src/install/motor_interfaces/include/motor_interfaces/motor_interfaces/srv/wheel_vel.h
-- Up-to-date: /home/waldo/ros2_ws/src/install/motor_interfaces/share/motor_interfaces/environment/library_path.sh
-- Installing: /home/waldo/ros2_ws/src/install/motor_interfaces/share/motor_interfaces/environment/library_path.dsv
-- Installing: /home/waldo/ros2_ws/src/install/motor_interfaces/lib/libmotor_interfaces__rosidl_generator_c.so
-- Set runtime path of "/home/waldo/ros2_ws/src/install/motor_interfaces/lib/libmotor_interfaces__rosidl_generator_c.so" to ""
-- Up-to-date: /home/waldo/ros2_ws/src/install/motor_interfaces/include/motor_interfaces/motor_interfaces
-- Up-to-date: /home/waldo/ros2_ws/src/install/motor_interfaces/include/motor_interfaces/motor_interfaces/msg
-- Up-to-date: /home/waldo/ros2_ws/src/install/motor_interfaces/include/motor_interfaces/motor_interfaces/msg/rosidl_typesupport_fastrtps_c__visibility_control.h
-- Up-to-date: /home/waldo/ros2_ws/src/install/motor_interfaces/include/motor_interfaces/motor_interfaces/srv
-- Up-to-date: /home/waldo/ros2_ws/src/install/motor_interfaces/include/motor_interfaces/motor_interfaces/srv/detail
-- Installing: /home/waldo/ros2_ws/src/install/motor_interfaces/include/motor_interfaces/motor_interfaces/srv/detail/arm_pos__rosidl_typesupport_fastrtps_c.h
-- Installing: /home/waldo/ros2_ws/src/install/motor_interfaces/include/motor_interfaces/motor_interfaces/srv/detail/wheel_vel__rosidl_typesupport_fastrtps_c.h
-- Installing: /home/waldo/ros2_ws/src/install/motor_interfaces/lib/libmotor_interfaces__rosidl_typesupport_fastrtps_c.so
-- Set runtime path of "/home/waldo/ros2_ws/src/install/motor_interfaces/lib/libmotor_interfaces__rosidl_typesupport_fastrtps_c.so" to ""
-- Up-to-date: /home/waldo/ros2_ws/src/install/motor_interfaces/include/motor_interfaces/motor_interfaces
-- Up-to-date: /home/waldo/ros2_ws/src/install/motor_interfaces/include/motor_interfaces/motor_interfaces/msg
-- Up-to-date: /home/waldo/ros2_ws/src/install/motor_interfaces/include/motor_interfaces/motor_interfaces/msg/rosidl_typesupport_introspection_c__visibility_control.h
-- Up-to-date: /home/waldo/ros2_ws/src/install/motor_interfaces/include/motor_interfaces/motor_interfaces/srv
-- Up-to-date: /home/waldo/ros2_ws/src/install/motor_interfaces/include/motor_interfaces/motor_interfaces/srv/detail
-- Installing: /home/waldo/ros2_ws/src/install/motor_interfaces/include/motor_interfaces/motor_interfaces/srv/detail/arm_pos__rosidl_typesupport_introspection_c.h
-- Installing: /home/waldo/ros2_ws/src/install/motor_interfaces/include/motor_interfaces/motor_interfaces/srv/detail/arm_pos__type_support.c
-- Installing: /home/waldo/ros2_ws/src/install/motor_interfaces/include/motor_interfaces/motor_interfaces/srv/detail/wheel_vel__rosidl_typesupport_introspection_c.h
-- Installing: /home/waldo/ros2_ws/src/install/motor_interfaces/include/motor_interfaces/motor_interfaces/srv/detail/wheel_vel__type_support.c
-- Installing: /home/waldo/ros2_ws/src/install/motor_interfaces/lib/libmotor_interfaces__rosidl_typesupport_introspection_c.so
-- Set runtime path of "/home/waldo/ros2_ws/src/install/motor_interfaces/lib/libmotor_interfaces__rosidl_typesupport_introspection_c.so" to ""
-- Installing: /home/waldo/ros2_ws/src/install/motor_interfaces/lib/libmotor_interfaces__rosidl_typesupport_c.so
-- Set runtime path of "/home/waldo/ros2_ws/src/install/motor_interfaces/lib/libmotor_interfaces__rosidl_typesupport_c.so" to ""
-- Up-to-date: /home/waldo/ros2_ws/src/install/motor_interfaces/include/motor_interfaces/motor_interfaces
-- Up-to-date: /home/waldo/ros2_ws/src/install/motor_interfaces/include/motor_interfaces/motor_interfaces/srv
-- Up-to-date: /home/waldo/ros2_ws/src/install/motor_interfaces/include/motor_interfaces/motor_interfaces/srv/detail
-- Installing: /home/waldo/ros2_ws/src/install/motor_interfaces/include/motor_interfaces/motor_interfaces/srv/detail/wheel_vel__builder.hpp
-- Installing: /home/waldo/ros2_ws/src/install/motor_interfaces/include/motor_interfaces/motor_interfaces/srv/detail/wheel_vel__struct.hpp
-- Installing: /home/waldo/ros2_ws/src/install/motor_interfaces/include/motor_interfaces/motor_interfaces/srv/detail/wheel_vel__traits.hpp
-- Installing: /home/waldo/ros2_ws/src/install/motor_interfaces/include/motor_interfaces/motor_interfaces/srv/detail/arm_pos__struct.hpp
-- Installing: /home/waldo/ros2_ws/src/install/motor_interfaces/include/motor_interfaces/motor_interfaces/srv/detail/arm_pos__builder.hpp
-- Installing: /home/waldo/ros2_ws/src/install/motor_interfaces/include/motor_interfaces/motor_interfaces/srv/detail/arm_pos__traits.hpp
-- Installing: /home/waldo/ros2_ws/src/install/motor_interfaces/include/motor_interfaces/motor_interfaces/srv/arm_pos.hpp
-- Installing: /home/waldo/ros2_ws/src/install/motor_interfaces/include/motor_interfaces/motor_interfaces/srv/wheel_vel.hpp
-- Up-to-date: /home/waldo/ros2_ws/src/install/motor_interfaces/include/motor_interfaces/motor_interfaces
-- Up-to-date: /home/waldo/ros2_ws/src/install/motor_interfaces/include/motor_interfaces/motor_interfaces/msg
-- Up-to-date: /home/waldo/ros2_ws/src/install/motor_interfaces/include/motor_interfaces/motor_interfaces/msg/rosidl_typesupport_fastrtps_cpp__visibility_control.h
-- Up-to-date: /home/waldo/ros2_ws/src/install/motor_interfaces/include/motor_interfaces/motor_interfaces/srv
-- Up-to-date: /home/waldo/ros2_ws/src/install/motor_interfaces/include/motor_interfaces/motor_interfaces/srv/detail
-- Up-to-date: /home/waldo/ros2_ws/src/install/motor_interfaces/include/motor_interfaces/motor_interfaces/srv/detail/dds_fastrtps
-- Installing: /home/waldo/ros2_ws/src/install/motor_interfaces/include/motor_interfaces/motor_interfaces/srv/detail/arm_pos__rosidl_typesupport_fastrtps_cpp.hpp
-- Installing: /home/waldo/ros2_ws/src/install/motor_interfaces/include/motor_interfaces/motor_interfaces/srv/detail/wheel_vel__rosidl_typesupport_fastrtps_cpp.hpp
-- Installing: /home/waldo/ros2_ws/src/install/motor_interfaces/lib/libmotor_interfaces__rosidl_typesupport_fastrtps_cpp.so
-- Set runtime path of "/home/waldo/ros2_ws/src/install/motor_interfaces/lib/libmotor_interfaces__rosidl_typesupport_fastrtps_cpp.so" to ""
-- Up-to-date: /home/waldo/ros2_ws/src/install/motor_interfaces/include/motor_interfaces/motor_interfaces
-- Up-to-date: /home/waldo/ros2_ws/src/install/motor_interfaces/include/motor_interfaces/motor_interfaces/srv
-- Up-to-date: /home/waldo/ros2_ws/src/install/motor_interfaces/include/motor_interfaces/motor_interfaces/srv/detail
-- Installing: /home/waldo/ros2_ws/src/install/motor_interfaces/include/motor_interfaces/motor_interfaces/srv/detail/arm_pos__rosidl_typesupport_introspection_cpp.hpp
-- Installing: /home/waldo/ros2_ws/src/install/motor_interfaces/include/motor_interfaces/motor_interfaces/srv/detail/wheel_vel__rosidl_typesupport_introspection_cpp.hpp
-- Installing: /home/waldo/ros2_ws/src/install/motor_interfaces/include/motor_interfaces/motor_interfaces/srv/detail/arm_pos__type_support.cpp
-- Installing: /home/waldo/ros2_ws/src/install/motor_interfaces/include/motor_interfaces/motor_interfaces/srv/detail/wheel_vel__type_support.cpp
-- Installing: /home/waldo/ros2_ws/src/install/motor_interfaces/lib/libmotor_interfaces__rosidl_typesupport_introspection_cpp.so
-- Set runtime path of "/home/waldo/ros2_ws/src/install/motor_interfaces/lib/libmotor_interfaces__rosidl_typesupport_introspection_cpp.so" to ""
-- Installing: /home/waldo/ros2_ws/src/install/motor_interfaces/lib/libmotor_interfaces__rosidl_typesupport_cpp.so
-- Set runtime path of "/home/waldo/ros2_ws/src/install/motor_interfaces/lib/libmotor_interfaces__rosidl_typesupport_cpp.so" to ""
-- Up-to-date: /home/waldo/ros2_ws/src/install/motor_interfaces/share/motor_interfaces/environment/pythonpath.sh
-- Installing: /home/waldo/ros2_ws/src/install/motor_interfaces/share/motor_interfaces/environment/pythonpath.dsv
-- Up-to-date: /home/waldo/ros2_ws/src/install/motor_interfaces/local/lib/python3.10/dist-packages/motor_interfaces-0.0.0-py3.10.egg-info
-- Installing: /home/waldo/ros2_ws/src/install/motor_interfaces/local/lib/python3.10/dist-packages/motor_interfaces-0.0.0-py3.10.egg-info/SOURCES.txt
-- Installing: /home/waldo/ros2_ws/src/install/motor_interfaces/local/lib/python3.10/dist-packages/motor_interfaces-0.0.0-py3.10.egg-info/dependency_links.txt
-- Installing: /home/waldo/ros2_ws/src/install/motor_interfaces/local/lib/python3.10/dist-packages/motor_interfaces-0.0.0-py3.10.egg-info/PKG-INFO
-- Installing: /home/waldo/ros2_ws/src/install/motor_interfaces/local/lib/python3.10/dist-packages/motor_interfaces-0.0.0-py3.10.egg-info/top_level.txt
-- Up-to-date: /home/waldo/ros2_ws/src/install/motor_interfaces/local/lib/python3.10/dist-packages/motor_interfaces
-- Installing: /home/waldo/ros2_ws/src/install/motor_interfaces/local/lib/python3.10/dist-packages/motor_interfaces/motor_interfaces_s__rosidl_typesupport_c.cpython-310-aarch64-linux-gnu.so
-- Installing: /home/waldo/ros2_ws/src/install/motor_interfaces/local/lib/python3.10/dist-packages/motor_interfaces/_motor_interfaces_s.ep.rosidl_typesupport_c.c
-- Installing: /home/waldo/ros2_ws/src/install/motor_interfaces/local/lib/python3.10/dist-packages/motor_interfaces/motor_interfaces_s__rosidl_typesupport_introspection_c.cpython-310-aarch64-linux-gnu.so
-- Installing: /home/waldo/ros2_ws/src/install/motor_interfaces/local/lib/python3.10/dist-packages/motor_interfaces/libmotor_interfaces__rosidl_generator_py.so
-- Up-to-date: /home/waldo/ros2_ws/src/install/motor_interfaces/local/lib/python3.10/dist-packages/motor_interfaces/srv
-- Installing: /home/waldo/ros2_ws/src/install/motor_interfaces/local/lib/python3.10/dist-packages/motor_interfaces/srv/_arm_pos.py
-- Installing: /home/waldo/ros2_ws/src/install/motor_interfaces/local/lib/python3.10/dist-packages/motor_interfaces/srv/__init__.py
-- Installing: /home/waldo/ros2_ws/src/install/motor_interfaces/local/lib/python3.10/dist-packages/motor_interfaces/srv/_arm_pos_s.c
-- Installing: /home/waldo/ros2_ws/src/install/motor_interfaces/local/lib/python3.10/dist-packages/motor_interfaces/srv/_wheel_vel.py
-- Installing: /home/waldo/ros2_ws/src/install/motor_interfaces/local/lib/python3.10/dist-packages/motor_interfaces/srv/_wheel_vel_s.c
-- Installing: /home/waldo/ros2_ws/src/install/motor_interfaces/local/lib/python3.10/dist-packages/motor_interfaces/motor_interfaces_s__rosidl_typesupport_fastrtps_c.cpython-310-aarch64-linux-gnu.so
-- Installing: /home/waldo/ros2_ws/src/install/motor_interfaces/local/lib/python3.10/dist-packages/motor_interfaces/__init__.py
-- Installing: /home/waldo/ros2_ws/src/install/motor_interfaces/local/lib/python3.10/dist-packages/motor_interfaces/_motor_interfaces_s.ep.rosidl_typesupport_fastrtps_c.c
-- Installing: /home/waldo/ros2_ws/src/install/motor_interfaces/local/lib/python3.10/dist-packages/motor_interfaces/_motor_interfaces_s.ep.rosidl_typesupport_introspection_c.c
Listing '/home/waldo/ros2_ws/src/install/motor_interfaces/local/lib/python3.10/dist-packages/motor_interfaces'...
Compiling '/home/waldo/ros2_ws/src/install/motor_interfaces/local/lib/python3.10/dist-packages/motor_interfaces/__init__.py'...
Listing '/home/waldo/ros2_ws/src/install/motor_interfaces/local/lib/python3.10/dist-packages/motor_interfaces/srv'...
Compiling '/home/waldo/ros2_ws/src/install/motor_interfaces/local/lib/python3.10/dist-packages/motor_interfaces/srv/__init__.py'...
Compiling '/home/waldo/ros2_ws/src/install/motor_interfaces/local/lib/python3.10/dist-packages/motor_interfaces/srv/_arm_pos.py'...
Compiling '/home/waldo/ros2_ws/src/install/motor_interfaces/local/lib/python3.10/dist-packages/motor_interfaces/srv/_wheel_vel.py'...
-- Installing: /home/waldo/ros2_ws/src/install/motor_interfaces/local/lib/python3.10/dist-packages/motor_interfaces/motor_interfaces_s__rosidl_typesupport_fastrtps_c.cpython-310-aarch64-linux-gnu.so
-- Set runtime path of "/home/waldo/ros2_ws/src/install/motor_interfaces/local/lib/python3.10/dist-packages/motor_interfaces/motor_interfaces_s__rosidl_typesupport_fastrtps_c.cpython-310-aarch64-linux-gnu.so" to ""
-- Installing: /home/waldo/ros2_ws/src/install/motor_interfaces/local/lib/python3.10/dist-packages/motor_interfaces/motor_interfaces_s__rosidl_typesupport_introspection_c.cpython-310-aarch64-linux-gnu.so
-- Set runtime path of "/home/waldo/ros2_ws/src/install/motor_interfaces/local/lib/python3.10/dist-packages/motor_interfaces/motor_interfaces_s__rosidl_typesupport_introspection_c.cpython-310-aarch64-linux-gnu.so" to ""
-- Installing: /home/waldo/ros2_ws/src/install/motor_interfaces/local/lib/python3.10/dist-packages/motor_interfaces/motor_interfaces_s__rosidl_typesupport_c.cpython-310-aarch64-linux-gnu.so
-- Set runtime path of "/home/waldo/ros2_ws/src/install/motor_interfaces/local/lib/python3.10/dist-packages/motor_interfaces/motor_interfaces_s__rosidl_typesupport_c.cpython-310-aarch64-linux-gnu.so" to ""
-- Installing: /home/waldo/ros2_ws/src/install/motor_interfaces/lib/libmotor_interfaces__rosidl_generator_py.so
-- Set runtime path of "/home/waldo/ros2_ws/src/install/motor_interfaces/lib/libmotor_interfaces__rosidl_generator_py.so" to ""
-- Up-to-date: /home/waldo/ros2_ws/src/install/motor_interfaces/share/motor_interfaces/srv/ArmPos.idl
-- Installing: /home/waldo/ros2_ws/src/install/motor_interfaces/share/motor_interfaces/srv/WheelVel.idl
-- Up-to-date: /home/waldo/ros2_ws/src/install/motor_interfaces/share/motor_interfaces/srv/ArmPos.srv
-- Up-to-date: /home/waldo/ros2_ws/src/install/motor_interfaces/share/motor_interfaces/srv/ArmPos_Request.msg
-- Up-to-date: /home/waldo/ros2_ws/src/install/motor_interfaces/share/motor_interfaces/srv/ArmPos_Response.msg
-- Installing: /home/waldo/ros2_ws/src/install/motor_interfaces/share/motor_interfaces/srv/WheelVel.srv
-- Installing: /home/waldo/ros2_ws/src/install/motor_interfaces/share/motor_interfaces/srv/WheelVel_Request.msg
-- Installing: /home/waldo/ros2_ws/src/install/motor_interfaces/share/motor_interfaces/srv/WheelVel_Response.msg
-- Up-to-date: /home/waldo/ros2_ws/src/install/motor_interfaces/share/ament_index/resource_index/package_run_dependencies/motor_interfaces
-- Installing: /home/waldo/ros2_ws/src/install/motor_interfaces/share/ament_index/resource_index/parent_prefix_path/motor_interfaces
-- Up-to-date: /home/waldo/ros2_ws/src/install/motor_interfaces/share/motor_interfaces/environment/ament_prefix_path.sh
-- Installing: /home/waldo/ros2_ws/src/install/motor_interfaces/share/motor_interfaces/environment/ament_prefix_path.dsv
-- Up-to-date: /home/waldo/ros2_ws/src/install/motor_interfaces/share/motor_interfaces/environment/path.sh
-- Installing: /home/waldo/ros2_ws/src/install/motor_interfaces/share/motor_interfaces/environment/path.dsv
-- Up-to-date: /home/waldo/ros2_ws/src/install/motor_interfaces/share/motor_interfaces/local_setup.bash
-- Up-to-date: /home/waldo/ros2_ws/src/install/motor_interfaces/share/motor_interfaces/local_setup.sh
-- Up-to-date: /home/waldo/ros2_ws/src/install/motor_interfaces/share/motor_interfaces/local_setup.zsh
-- Installing: /home/waldo/ros2_ws/src/install/motor_interfaces/share/motor_interfaces/local_setup.dsv
-- Installing: /home/waldo/ros2_ws/src/install/motor_interfaces/share/motor_interfaces/package.dsv
-- Up-to-date: /home/waldo/ros2_ws/src/install/motor_interfaces/share/ament_index/resource_index/packages/motor_interfaces
-- Up-to-date: /home/waldo/ros2_ws/src/install/motor_interfaces/share/motor_interfaces/cmake/export_motor_interfaces__rosidl_generator_cExport.cmake
-- Up-to-date: /home/waldo/ros2_ws/src/install/motor_interfaces/share/motor_interfaces/cmake/export_motor_interfaces__rosidl_generator_cExport-noconfig.cmake
-- Up-to-date: /home/waldo/ros2_ws/src/install/motor_interfaces/share/motor_interfaces/cmake/export_motor_interfaces__rosidl_typesupport_fastrtps_cExport.cmake
-- Up-to-date: /home/waldo/ros2_ws/src/install/motor_interfaces/share/motor_interfaces/cmake/export_motor_interfaces__rosidl_typesupport_fastrtps_cExport-noconfig.cmake
-- Up-to-date: /home/waldo/ros2_ws/src/install/motor_interfaces/share/motor_interfaces/cmake/motor_interfaces__rosidl_typesupport_introspection_cExport.cmake
-- Up-to-date: /home/waldo/ros2_ws/src/install/motor_interfaces/share/motor_interfaces/cmake/motor_interfaces__rosidl_typesupport_introspection_cExport-noconfig.cmake
-- Up-to-date: /home/waldo/ros2_ws/src/install/motor_interfaces/share/motor_interfaces/cmake/motor_interfaces__rosidl_typesupport_cExport.cmake
-- Up-to-date: /home/waldo/ros2_ws/src/install/motor_interfaces/share/motor_interfaces/cmake/motor_interfaces__rosidl_typesupport_cExport-noconfig.cmake
-- Up-to-date: /home/waldo/ros2_ws/src/install/motor_interfaces/share/motor_interfaces/cmake/export_motor_interfaces__rosidl_generator_cppExport.cmake
-- Up-to-date: /home/waldo/ros2_ws/src/install/motor_interfaces/share/motor_interfaces/cmake/export_motor_interfaces__rosidl_typesupport_fastrtps_cppExport.cmake
-- Up-to-date: /home/waldo/ros2_ws/src/install/motor_interfaces/share/motor_interfaces/cmake/export_motor_interfaces__rosidl_typesupport_fastrtps_cppExport-noconfig.cmake
-- Up-to-date: /home/waldo/ros2_ws/src/install/motor_interfaces/share/motor_interfaces/cmake/motor_interfaces__rosidl_typesupport_introspection_cppExport.cmake
-- Up-to-date: /home/waldo/ros2_ws/src/install/motor_interfaces/share/motor_interfaces/cmake/motor_interfaces__rosidl_typesupport_introspection_cppExport-noconfig.cmake
-- Up-to-date: /home/waldo/ros2_ws/src/install/motor_interfaces/share/motor_interfaces/cmake/motor_interfaces__rosidl_typesupport_cppExport.cmake
-- Up-to-date: /home/waldo/ros2_ws/src/install/motor_interfaces/share/motor_interfaces/cmake/motor_interfaces__rosidl_typesupport_cppExport-noconfig.cmake
-- Up-to-date: /home/waldo/ros2_ws/src/install/motor_interfaces/share/motor_interfaces/cmake/export_motor_interfaces__rosidl_generator_pyExport.cmake
-- Up-to-date: /home/waldo/ros2_ws/src/install/motor_interfaces/share/motor_interfaces/cmake/export_motor_interfaces__rosidl_generator_pyExport-noconfig.cmake
-- Installing: /home/waldo/ros2_ws/src/install/motor_interfaces/share/motor_interfaces/cmake/rosidl_cmake-extras.cmake
-- Up-to-date: /home/waldo/ros2_ws/src/install/motor_interfaces/share/motor_interfaces/cmake/ament_cmake_export_include_directories-extras.cmake
-- Up-to-date: /home/waldo/ros2_ws/src/install/motor_interfaces/share/motor_interfaces/cmake/ament_cmake_export_libraries-extras.cmake
-- Up-to-date: /home/waldo/ros2_ws/src/install/motor_interfaces/share/motor_interfaces/cmake/ament_cmake_export_targets-extras.cmake
-- Up-to-date: /home/waldo/ros2_ws/src/install/motor_interfaces/share/motor_interfaces/cmake/rosidl_cmake_export_typesupport_targets-extras.cmake
-- Up-to-date: /home/waldo/ros2_ws/src/install/motor_interfaces/share/motor_interfaces/cmake/ament_cmake_export_dependencies-extras.cmake
-- Up-to-date: /home/waldo/ros2_ws/src/install/motor_interfaces/share/motor_interfaces/cmake/rosidl_cmake_export_typesupport_libraries-extras.cmake
-- Up-to-date: /home/waldo/ros2_ws/src/install/motor_interfaces/share/motor_interfaces/cmake/motor_interfacesConfig.cmake
-- Up-to-date: /home/waldo/ros2_ws/src/install/motor_interfaces/share/motor_interfaces/cmake/motor_interfacesConfig-version.cmake
-- Up-to-date: /home/waldo/ros2_ws/src/install/motor_interfaces/share/motor_interfaces/package.xml
