[0.065s] Invoking command in '/home/waldo/ros2_ws/src/build/motor_interfaces': CMAKE_PREFIX_PATH=/opt/ros/humble /usr/bin/cmake /home/waldo/ros2_ws/src/motor_interfaces -DCMAKE_INSTALL_PREFIX=/home/waldo/ros2_ws/src/install/motor_interfaces
[1.130s] -- The C compiler identification is GNU 11.4.0
[1.820s] -- The CXX compiler identification is GNU 11.4.0
[1.875s] -- Detecting C compiler ABI info
[2.280s] -- Detecting C compiler ABI info - done
[2.309s] -- Check for working C compiler: /usr/bin/cc - skipped
[2.311s] -- Detecting C compile features
[2.314s] -- Detecting C compile features - done
[2.332s] -- Detecting CXX compiler ABI info
[2.732s] -- Detecting CXX compiler ABI info - done
[2.762s] -- Check for working CXX compiler: /usr/bin/c++ - skipped
[2.763s] -- Detecting CXX compile features
[2.765s] -- Detecting CXX compile features - done
[2.801s] -- Found ament_cmake: 1.3.5 (/opt/ros/humble/share/ament_cmake/cmake)
[3.701s] -- Found Python3: /usr/bin/python3.10 (found version "3.10.12") found components: Interpreter 
[4.297s] -- Found rosidl_default_generators: 1.2.0 (/opt/ros/humble/share/rosidl_default_generators/cmake)
[4.323s] -- Using all available rosidl_typesupport_c: rosidl_typesupport_fastrtps_c;rosidl_typesupport_introspection_c
[4.383s] -- Found rosidl_adapter: 3.1.5 (/opt/ros/humble/share/rosidl_adapter/cmake)
[4.716s] -- Using all available rosidl_typesupport_cpp: rosidl_typesupport_fastrtps_cpp;rosidl_typesupport_introspection_cpp
[6.227s] -- Found ament_cmake_ros: 0.10.0 (/opt/ros/humble/share/ament_cmake_ros/cmake)
[7.196s] -- Using all available rosidl_typesupport_c: rosidl_typesupport_fastrtps_c;rosidl_typesupport_introspection_c
[8.387s] -- Using all available rosidl_typesupport_cpp: rosidl_typesupport_fastrtps_cpp;rosidl_typesupport_introspection_cpp
[8.502s] -- Found PythonInterp: /usr/bin/python3 (found suitable version "3.10.12", minimum required is "3.6") 
[8.520s] -- Found python_cmake_module: 0.10.0 (/opt/ros/humble/share/python_cmake_module/cmake)
[8.655s] -- Found PythonLibs: /usr/lib/aarch64-linux-gnu/libpython3.10.so (found suitable version "3.10.12", minimum required is "3.5") 
[8.656s] -- Using PYTHON_EXECUTABLE: /usr/bin/python3
[8.656s] -- Using PYTHON_INCLUDE_DIRS: /usr/include/python3.10
[8.657s] -- Using PYTHON_LIBRARIES: /usr/lib/aarch64-linux-gnu/libpython3.10.so
[8.764s] -- Found PythonExtra: .so  
[8.940s] -- Found ament_lint_auto: 0.12.7 (/opt/ros/humble/share/ament_lint_auto/cmake)
[9.156s] -- Added test 'lint_cmake' to check CMake code style
[9.168s] -- Added test 'xmllint' to check XML markup files
[9.191s] -- Configuring done
[9.388s] -- Generating done
[9.440s] -- Build files have been written to: /home/waldo/ros2_ws/src/build/motor_interfaces
[9.462s] Invoked command in '/home/waldo/ros2_ws/src/build/motor_interfaces' returned '0': CMAKE_PREFIX_PATH=/opt/ros/humble /usr/bin/cmake /home/waldo/ros2_ws/src/motor_interfaces -DCMAKE_INSTALL_PREFIX=/home/waldo/ros2_ws/src/install/motor_interfaces
[9.473s] Invoking command in '/home/waldo/ros2_ws/src/build/motor_interfaces': CMAKE_PREFIX_PATH=/opt/ros/humble /usr/bin/cmake --build /home/waldo/ros2_ws/src/build/motor_interfaces -- -j4 -l4
[9.665s] [  3%] [34m[1mGenerating C code for ROS interfaces[0m
[9.783s] [  6%] [34m[1mGenerating C++ code for ROS interfaces[0m
[9.847s] [  6%] Built target ament_cmake_python_copy_motor_interfaces
[11.619s] [  6%] Built target motor_interfaces__cpp
[11.645s] running egg_info
[11.646s] [  9%] [32mBuilding C object CMakeFiles/motor_interfaces__rosidl_generator_c.dir/rosidl_generator_c/motor_interfaces/srv/detail/arm_pos__functions.c.o[0m
[11.647s] creating motor_interfaces.egg-info
[11.649s] writing motor_interfaces.egg-info/PKG-INFO
[11.650s] writing dependency_links to motor_interfaces.egg-info/dependency_links.txt
[11.651s] writing top-level names to motor_interfaces.egg-info/top_level.txt
[11.652s] writing manifest file 'motor_interfaces.egg-info/SOURCES.txt'
[11.670s] reading manifest file 'motor_interfaces.egg-info/SOURCES.txt'
[11.674s] writing manifest file 'motor_interfaces.egg-info/SOURCES.txt'
[11.677s] [ 12%] [34m[1mGenerating C++ type support dispatch for ROS interfaces[0m
[11.681s] [ 16%] [34m[1mGenerating C++ introspection for ROS interfaces[0m
[11.877s] [ 16%] Built target ament_cmake_python_build_motor_interfaces_egg
[11.944s] [ 19%] [34m[1mGenerating C++ type support for eProsima Fast-RTPS[0m
[12.260s] [ 22%] [32m[1mLinking C shared library libmotor_interfaces__rosidl_generator_c.so[0m
[12.534s] [ 22%] Built target motor_interfaces__rosidl_generator_c
[12.595s] [ 25%] [34m[1mGenerating C type support for eProsima Fast-RTPS[0m
[13.289s] [ 29%] [32mBuilding CXX object CMakeFiles/motor_interfaces__rosidl_typesupport_cpp.dir/rosidl_typesupport_cpp/motor_interfaces/srv/arm_pos__type_support.cpp.o[0m
[13.581s] [ 32%] [32mBuilding CXX object CMakeFiles/motor_interfaces__rosidl_typesupport_introspection_cpp.dir/rosidl_typesupport_introspection_cpp/motor_interfaces/srv/detail/arm_pos__type_support.cpp.o[0m
[13.912s] [ 35%] [32mBuilding CXX object CMakeFiles/motor_interfaces__rosidl_typesupport_fastrtps_cpp.dir/rosidl_typesupport_fastrtps_cpp/motor_interfaces/srv/detail/dds_fastrtps/arm_pos__type_support.cpp.o[0m
[14.360s] [ 38%] [32mBuilding CXX object CMakeFiles/motor_interfaces__rosidl_typesupport_fastrtps_c.dir/rosidl_typesupport_fastrtps_c/motor_interfaces/srv/detail/arm_pos__type_support_c.cpp.o[0m
[15.433s] [ 41%] [32m[1mLinking CXX shared library libmotor_interfaces__rosidl_typesupport_cpp.so[0m
[15.717s] [ 41%] Built target motor_interfaces__rosidl_typesupport_cpp
[15.854s] [ 45%] [34m[1mGenerating C introspection for ROS interfaces[0m
[16.730s] [ 48%] [32m[1mLinking CXX shared library libmotor_interfaces__rosidl_typesupport_introspection_cpp.so[0m
[17.108s] [ 51%] [32m[1mLinking CXX shared library libmotor_interfaces__rosidl_typesupport_fastrtps_cpp.so[0m
[17.228s] [ 51%] Built target motor_interfaces__rosidl_typesupport_introspection_cpp
[17.263s] [ 54%] [32m[1mLinking CXX shared library libmotor_interfaces__rosidl_typesupport_fastrtps_c.so[0m
[17.287s] [ 58%] [34m[1mGenerating C type support dispatch for ROS interfaces[0m
[17.682s] [ 58%] Built target motor_interfaces__rosidl_typesupport_fastrtps_cpp
[17.755s] [ 58%] Built target motor_interfaces__rosidl_typesupport_fastrtps_c
[18.003s] [ 61%] [32mBuilding C object CMakeFiles/motor_interfaces__rosidl_typesupport_introspection_c.dir/rosidl_typesupport_introspection_c/motor_interfaces/srv/detail/arm_pos__type_support.c.o[0m
[18.225s] [ 64%] [32m[1mLinking C shared library libmotor_interfaces__rosidl_typesupport_introspection_c.so[0m
[18.371s] [ 64%] Built target motor_interfaces__rosidl_typesupport_introspection_c
[18.676s] [ 67%] [32mBuilding CXX object CMakeFiles/motor_interfaces__rosidl_typesupport_c.dir/rosidl_typesupport_c/motor_interfaces/srv/arm_pos__type_support.cpp.o[0m
[18.932s] [ 70%] [32m[1mLinking CXX shared library libmotor_interfaces__rosidl_typesupport_c.so[0m
[19.107s] [ 70%] Built target motor_interfaces__rosidl_typesupport_c
[19.196s] [ 70%] Built target motor_interfaces
[19.293s] [ 74%] [34m[1mGenerating Python code for ROS interfaces[0m
[21.084s] [ 74%] Built target motor_interfaces__py
[21.174s] [ 77%] [32mBuilding C object CMakeFiles/motor_interfaces__rosidl_generator_py.dir/rosidl_generator_py/motor_interfaces/srv/_arm_pos_s.c.o[0m
[21.847s] [ 80%] [32m[1mLinking C shared library rosidl_generator_py/motor_interfaces/libmotor_interfaces__rosidl_generator_py.so[0m
[22.042s] [ 80%] Built target motor_interfaces__rosidl_generator_py
[22.145s] [ 83%] [32mBuilding C object CMakeFiles/motor_interfaces__rosidl_typesupport_fastrtps_c__pyext.dir/rosidl_generator_py/motor_interfaces/_motor_interfaces_s.ep.rosidl_typesupport_fastrtps_c.c.o[0m
[22.148s] [ 87%] [32mBuilding C object CMakeFiles/motor_interfaces__rosidl_typesupport_introspection_c__pyext.dir/rosidl_generator_py/motor_interfaces/_motor_interfaces_s.ep.rosidl_typesupport_introspection_c.c.o[0m
[22.149s] [ 90%] [32mBuilding C object CMakeFiles/motor_interfaces__rosidl_typesupport_c__pyext.dir/rosidl_generator_py/motor_interfaces/_motor_interfaces_s.ep.rosidl_typesupport_c.c.o[0m
[22.710s] [ 93%] [32m[1mLinking C shared library rosidl_generator_py/motor_interfaces/motor_interfaces_s__rosidl_typesupport_c.cpython-310-aarch64-linux-gnu.so[0m
[22.741s] [ 96%] [32m[1mLinking C shared library rosidl_generator_py/motor_interfaces/motor_interfaces_s__rosidl_typesupport_introspection_c.cpython-310-aarch64-linux-gnu.so[0m
[22.766s] [100%] [32m[1mLinking C shared library rosidl_generator_py/motor_interfaces/motor_interfaces_s__rosidl_typesupport_fastrtps_c.cpython-310-aarch64-linux-gnu.so[0m
[22.908s] [100%] Built target motor_interfaces__rosidl_typesupport_c__pyext
[22.944s] [100%] Built target motor_interfaces__rosidl_typesupport_introspection_c__pyext
[22.973s] [100%] Built target motor_interfaces__rosidl_typesupport_fastrtps_c__pyext
[23.022s] Invoked command in '/home/waldo/ros2_ws/src/build/motor_interfaces' returned '0': CMAKE_PREFIX_PATH=/opt/ros/humble /usr/bin/cmake --build /home/waldo/ros2_ws/src/build/motor_interfaces -- -j4 -l4
[23.064s] Invoking command in '/home/waldo/ros2_ws/src/build/motor_interfaces': CMAKE_PREFIX_PATH=/opt/ros/humble /usr/bin/cmake --install /home/waldo/ros2_ws/src/build/motor_interfaces
[23.095s] -- Install configuration: ""
[23.097s] -- Installing: /home/waldo/ros2_ws/src/install/motor_interfaces/share/ament_index/resource_index/rosidl_interfaces/motor_interfaces
[23.099s] -- Installing: /home/waldo/ros2_ws/src/install/motor_interfaces/include/motor_interfaces/motor_interfaces
[23.100s] -- Installing: /home/waldo/ros2_ws/src/install/motor_interfaces/include/motor_interfaces/motor_interfaces/msg
[23.101s] -- Installing: /home/waldo/ros2_ws/src/install/motor_interfaces/include/motor_interfaces/motor_interfaces/msg/rosidl_generator_c__visibility_control.h
[23.102s] -- Installing: /home/waldo/ros2_ws/src/install/motor_interfaces/include/motor_interfaces/motor_interfaces/srv
[23.103s] -- Installing: /home/waldo/ros2_ws/src/install/motor_interfaces/include/motor_interfaces/motor_interfaces/srv/detail
[23.104s] -- Installing: /home/waldo/ros2_ws/src/install/motor_interfaces/include/motor_interfaces/motor_interfaces/srv/detail/arm_pos__functions.h
[23.105s] -- Installing: /home/waldo/ros2_ws/src/install/motor_interfaces/include/motor_interfaces/motor_interfaces/srv/detail/arm_pos__struct.h
[23.106s] -- Installing: /home/waldo/ros2_ws/src/install/motor_interfaces/include/motor_interfaces/motor_interfaces/srv/detail/arm_pos__type_support.h
[23.108s] -- Installing: /home/waldo/ros2_ws/src/install/motor_interfaces/include/motor_interfaces/motor_interfaces/srv/detail/arm_pos__functions.c
[23.110s] -- Installing: /home/waldo/ros2_ws/src/install/motor_interfaces/include/motor_interfaces/motor_interfaces/srv/arm_pos.h
[23.112s] -- Installing: /home/waldo/ros2_ws/src/install/motor_interfaces/share/motor_interfaces/environment/library_path.sh
[23.113s] -- Installing: /home/waldo/ros2_ws/src/install/motor_interfaces/share/motor_interfaces/environment/library_path.dsv
[23.115s] -- Installing: /home/waldo/ros2_ws/src/install/motor_interfaces/lib/libmotor_interfaces__rosidl_generator_c.so
[23.119s] -- Set runtime path of "/home/waldo/ros2_ws/src/install/motor_interfaces/lib/libmotor_interfaces__rosidl_generator_c.so" to ""
[23.120s] -- Up-to-date: /home/waldo/ros2_ws/src/install/motor_interfaces/include/motor_interfaces/motor_interfaces
[23.120s] -- Up-to-date: /home/waldo/ros2_ws/src/install/motor_interfaces/include/motor_interfaces/motor_interfaces/msg
[23.121s] -- Installing: /home/waldo/ros2_ws/src/install/motor_interfaces/include/motor_interfaces/motor_interfaces/msg/rosidl_typesupport_fastrtps_c__visibility_control.h
[23.122s] -- Up-to-date: /home/waldo/ros2_ws/src/install/motor_interfaces/include/motor_interfaces/motor_interfaces/srv
[23.122s] -- Up-to-date: /home/waldo/ros2_ws/src/install/motor_interfaces/include/motor_interfaces/motor_interfaces/srv/detail
[23.123s] -- Installing: /home/waldo/ros2_ws/src/install/motor_interfaces/include/motor_interfaces/motor_interfaces/srv/detail/arm_pos__rosidl_typesupport_fastrtps_c.h
[23.124s] -- Installing: /home/waldo/ros2_ws/src/install/motor_interfaces/lib/libmotor_interfaces__rosidl_typesupport_fastrtps_c.so
[23.128s] -- Set runtime path of "/home/waldo/ros2_ws/src/install/motor_interfaces/lib/libmotor_interfaces__rosidl_typesupport_fastrtps_c.so" to ""
[23.128s] -- Up-to-date: /home/waldo/ros2_ws/src/install/motor_interfaces/include/motor_interfaces/motor_interfaces
[23.129s] -- Up-to-date: /home/waldo/ros2_ws/src/install/motor_interfaces/include/motor_interfaces/motor_interfaces/msg
[23.129s] -- Installing: /home/waldo/ros2_ws/src/install/motor_interfaces/include/motor_interfaces/motor_interfaces/msg/rosidl_typesupport_introspection_c__visibility_control.h
[23.130s] -- Up-to-date: /home/waldo/ros2_ws/src/install/motor_interfaces/include/motor_interfaces/motor_interfaces/srv
[23.131s] -- Up-to-date: /home/waldo/ros2_ws/src/install/motor_interfaces/include/motor_interfaces/motor_interfaces/srv/detail
[23.132s] -- Installing: /home/waldo/ros2_ws/src/install/motor_interfaces/include/motor_interfaces/motor_interfaces/srv/detail/arm_pos__rosidl_typesupport_introspection_c.h
[23.133s] -- Installing: /home/waldo/ros2_ws/src/install/motor_interfaces/include/motor_interfaces/motor_interfaces/srv/detail/arm_pos__type_support.c
[23.135s] -- Installing: /home/waldo/ros2_ws/src/install/motor_interfaces/lib/libmotor_interfaces__rosidl_typesupport_introspection_c.so
[23.139s] -- Set runtime path of "/home/waldo/ros2_ws/src/install/motor_interfaces/lib/libmotor_interfaces__rosidl_typesupport_introspection_c.so" to ""
[23.140s] -- Installing: /home/waldo/ros2_ws/src/install/motor_interfaces/lib/libmotor_interfaces__rosidl_typesupport_c.so
[23.143s] -- Set runtime path of "/home/waldo/ros2_ws/src/install/motor_interfaces/lib/libmotor_interfaces__rosidl_typesupport_c.so" to ""
[23.144s] -- Up-to-date: /home/waldo/ros2_ws/src/install/motor_interfaces/include/motor_interfaces/motor_interfaces
[23.144s] -- Up-to-date: /home/waldo/ros2_ws/src/install/motor_interfaces/include/motor_interfaces/motor_interfaces/srv
[23.145s] -- Up-to-date: /home/waldo/ros2_ws/src/install/motor_interfaces/include/motor_interfaces/motor_interfaces/srv/detail
[23.145s] -- Installing: /home/waldo/ros2_ws/src/install/motor_interfaces/include/motor_interfaces/motor_interfaces/srv/detail/arm_pos__struct.hpp
[23.146s] -- Installing: /home/waldo/ros2_ws/src/install/motor_interfaces/include/motor_interfaces/motor_interfaces/srv/detail/arm_pos__builder.hpp
[23.148s] -- Installing: /home/waldo/ros2_ws/src/install/motor_interfaces/include/motor_interfaces/motor_interfaces/srv/detail/arm_pos__traits.hpp
[23.149s] -- Installing: /home/waldo/ros2_ws/src/install/motor_interfaces/include/motor_interfaces/motor_interfaces/srv/arm_pos.hpp
[23.151s] -- Up-to-date: /home/waldo/ros2_ws/src/install/motor_interfaces/include/motor_interfaces/motor_interfaces
[23.151s] -- Up-to-date: /home/waldo/ros2_ws/src/install/motor_interfaces/include/motor_interfaces/motor_interfaces/msg
[23.152s] -- Installing: /home/waldo/ros2_ws/src/install/motor_interfaces/include/motor_interfaces/motor_interfaces/msg/rosidl_typesupport_fastrtps_cpp__visibility_control.h
[23.153s] -- Up-to-date: /home/waldo/ros2_ws/src/install/motor_interfaces/include/motor_interfaces/motor_interfaces/srv
[23.154s] -- Up-to-date: /home/waldo/ros2_ws/src/install/motor_interfaces/include/motor_interfaces/motor_interfaces/srv/detail
[23.154s] -- Installing: /home/waldo/ros2_ws/src/install/motor_interfaces/include/motor_interfaces/motor_interfaces/srv/detail/dds_fastrtps
[23.155s] -- Installing: /home/waldo/ros2_ws/src/install/motor_interfaces/include/motor_interfaces/motor_interfaces/srv/detail/arm_pos__rosidl_typesupport_fastrtps_cpp.hpp
[23.157s] -- Installing: /home/waldo/ros2_ws/src/install/motor_interfaces/lib/libmotor_interfaces__rosidl_typesupport_fastrtps_cpp.so
[23.160s] -- Set runtime path of "/home/waldo/ros2_ws/src/install/motor_interfaces/lib/libmotor_interfaces__rosidl_typesupport_fastrtps_cpp.so" to ""
[23.161s] -- Up-to-date: /home/waldo/ros2_ws/src/install/motor_interfaces/include/motor_interfaces/motor_interfaces
[23.162s] -- Up-to-date: /home/waldo/ros2_ws/src/install/motor_interfaces/include/motor_interfaces/motor_interfaces/srv
[23.162s] -- Up-to-date: /home/waldo/ros2_ws/src/install/motor_interfaces/include/motor_interfaces/motor_interfaces/srv/detail
[23.162s] -- Installing: /home/waldo/ros2_ws/src/install/motor_interfaces/include/motor_interfaces/motor_interfaces/srv/detail/arm_pos__rosidl_typesupport_introspection_cpp.hpp
[23.164s] -- Installing: /home/waldo/ros2_ws/src/install/motor_interfaces/include/motor_interfaces/motor_interfaces/srv/detail/arm_pos__type_support.cpp
[23.165s] -- Installing: /home/waldo/ros2_ws/src/install/motor_interfaces/lib/libmotor_interfaces__rosidl_typesupport_introspection_cpp.so
[23.170s] -- Set runtime path of "/home/waldo/ros2_ws/src/install/motor_interfaces/lib/libmotor_interfaces__rosidl_typesupport_introspection_cpp.so" to ""
[23.170s] -- Installing: /home/waldo/ros2_ws/src/install/motor_interfaces/lib/libmotor_interfaces__rosidl_typesupport_cpp.so
[23.173s] -- Set runtime path of "/home/waldo/ros2_ws/src/install/motor_interfaces/lib/libmotor_interfaces__rosidl_typesupport_cpp.so" to ""
[23.174s] -- Installing: /home/waldo/ros2_ws/src/install/motor_interfaces/share/motor_interfaces/environment/pythonpath.sh
[23.175s] -- Installing: /home/waldo/ros2_ws/src/install/motor_interfaces/share/motor_interfaces/environment/pythonpath.dsv
[23.176s] -- Installing: /home/waldo/ros2_ws/src/install/motor_interfaces/local/lib/python3.10/dist-packages/motor_interfaces-0.0.0-py3.10.egg-info
[23.178s] -- Installing: /home/waldo/ros2_ws/src/install/motor_interfaces/local/lib/python3.10/dist-packages/motor_interfaces-0.0.0-py3.10.egg-info/SOURCES.txt
[23.179s] -- Installing: /home/waldo/ros2_ws/src/install/motor_interfaces/local/lib/python3.10/dist-packages/motor_interfaces-0.0.0-py3.10.egg-info/dependency_links.txt
[23.181s] -- Installing: /home/waldo/ros2_ws/src/install/motor_interfaces/local/lib/python3.10/dist-packages/motor_interfaces-0.0.0-py3.10.egg-info/PKG-INFO
[23.183s] -- Installing: /home/waldo/ros2_ws/src/install/motor_interfaces/local/lib/python3.10/dist-packages/motor_interfaces-0.0.0-py3.10.egg-info/top_level.txt
[23.185s] -- Installing: /home/waldo/ros2_ws/src/install/motor_interfaces/local/lib/python3.10/dist-packages/motor_interfaces
[23.186s] -- Installing: /home/waldo/ros2_ws/src/install/motor_interfaces/local/lib/python3.10/dist-packages/motor_interfaces/motor_interfaces_s__rosidl_typesupport_c.cpython-310-aarch64-linux-gnu.so
[23.188s] -- Installing: /home/waldo/ros2_ws/src/install/motor_interfaces/local/lib/python3.10/dist-packages/motor_interfaces/_motor_interfaces_s.ep.rosidl_typesupport_c.c
[23.189s] -- Installing: /home/waldo/ros2_ws/src/install/motor_interfaces/local/lib/python3.10/dist-packages/motor_interfaces/motor_interfaces_s__rosidl_typesupport_introspection_c.cpython-310-aarch64-linux-gnu.so
[23.191s] -- Installing: /home/waldo/ros2_ws/src/install/motor_interfaces/local/lib/python3.10/dist-packages/motor_interfaces/libmotor_interfaces__rosidl_generator_py.so
[23.192s] -- Installing: /home/waldo/ros2_ws/src/install/motor_interfaces/local/lib/python3.10/dist-packages/motor_interfaces/srv
[23.193s] -- Installing: /home/waldo/ros2_ws/src/install/motor_interfaces/local/lib/python3.10/dist-packages/motor_interfaces/srv/_arm_pos.py
[23.195s] -- Installing: /home/waldo/ros2_ws/src/install/motor_interfaces/local/lib/python3.10/dist-packages/motor_interfaces/srv/__init__.py
[23.197s] -- Installing: /home/waldo/ros2_ws/src/install/motor_interfaces/local/lib/python3.10/dist-packages/motor_interfaces/srv/_arm_pos_s.c
[23.198s] -- Installing: /home/waldo/ros2_ws/src/install/motor_interfaces/local/lib/python3.10/dist-packages/motor_interfaces/motor_interfaces_s__rosidl_typesupport_fastrtps_c.cpython-310-aarch64-linux-gnu.so
[23.200s] -- Installing: /home/waldo/ros2_ws/src/install/motor_interfaces/local/lib/python3.10/dist-packages/motor_interfaces/__init__.py
[23.201s] -- Installing: /home/waldo/ros2_ws/src/install/motor_interfaces/local/lib/python3.10/dist-packages/motor_interfaces/_motor_interfaces_s.ep.rosidl_typesupport_fastrtps_c.c
[23.202s] -- Installing: /home/waldo/ros2_ws/src/install/motor_interfaces/local/lib/python3.10/dist-packages/motor_interfaces/_motor_interfaces_s.ep.rosidl_typesupport_introspection_c.c
[23.379s] Listing '/home/waldo/ros2_ws/src/install/motor_interfaces/local/lib/python3.10/dist-packages/motor_interfaces'...
[23.380s] Compiling '/home/waldo/ros2_ws/src/install/motor_interfaces/local/lib/python3.10/dist-packages/motor_interfaces/__init__.py'...
[23.381s] Listing '/home/waldo/ros2_ws/src/install/motor_interfaces/local/lib/python3.10/dist-packages/motor_interfaces/srv'...
[23.382s] Compiling '/home/waldo/ros2_ws/src/install/motor_interfaces/local/lib/python3.10/dist-packages/motor_interfaces/srv/__init__.py'...
[23.383s] Compiling '/home/waldo/ros2_ws/src/install/motor_interfaces/local/lib/python3.10/dist-packages/motor_interfaces/srv/_arm_pos.py'...
[23.409s] -- Installing: /home/waldo/ros2_ws/src/install/motor_interfaces/local/lib/python3.10/dist-packages/motor_interfaces/motor_interfaces_s__rosidl_typesupport_fastrtps_c.cpython-310-aarch64-linux-gnu.so
[23.412s] -- Set runtime path of "/home/waldo/ros2_ws/src/install/motor_interfaces/local/lib/python3.10/dist-packages/motor_interfaces/motor_interfaces_s__rosidl_typesupport_fastrtps_c.cpython-310-aarch64-linux-gnu.so" to ""
[23.413s] -- Installing: /home/waldo/ros2_ws/src/install/motor_interfaces/local/lib/python3.10/dist-packages/motor_interfaces/motor_interfaces_s__rosidl_typesupport_introspection_c.cpython-310-aarch64-linux-gnu.so
[23.417s] -- Set runtime path of "/home/waldo/ros2_ws/src/install/motor_interfaces/local/lib/python3.10/dist-packages/motor_interfaces/motor_interfaces_s__rosidl_typesupport_introspection_c.cpython-310-aarch64-linux-gnu.so" to ""
[23.418s] -- Installing: /home/waldo/ros2_ws/src/install/motor_interfaces/local/lib/python3.10/dist-packages/motor_interfaces/motor_interfaces_s__rosidl_typesupport_c.cpython-310-aarch64-linux-gnu.so
[23.422s] -- Set runtime path of "/home/waldo/ros2_ws/src/install/motor_interfaces/local/lib/python3.10/dist-packages/motor_interfaces/motor_interfaces_s__rosidl_typesupport_c.cpython-310-aarch64-linux-gnu.so" to ""
[23.422s] -- Installing: /home/waldo/ros2_ws/src/install/motor_interfaces/lib/libmotor_interfaces__rosidl_generator_py.so
[23.425s] -- Set runtime path of "/home/waldo/ros2_ws/src/install/motor_interfaces/lib/libmotor_interfaces__rosidl_generator_py.so" to ""
[23.427s] -- Installing: /home/waldo/ros2_ws/src/install/motor_interfaces/share/motor_interfaces/srv/ArmPos.idl
[23.428s] -- Installing: /home/waldo/ros2_ws/src/install/motor_interfaces/share/motor_interfaces/srv/ArmPos.srv
[23.429s] -- Installing: /home/waldo/ros2_ws/src/install/motor_interfaces/share/motor_interfaces/srv/ArmPos_Request.msg
[23.431s] -- Installing: /home/waldo/ros2_ws/src/install/motor_interfaces/share/motor_interfaces/srv/ArmPos_Response.msg
[23.433s] -- Installing: /home/waldo/ros2_ws/src/install/motor_interfaces/share/ament_index/resource_index/package_run_dependencies/motor_interfaces
[23.435s] -- Installing: /home/waldo/ros2_ws/src/install/motor_interfaces/share/ament_index/resource_index/parent_prefix_path/motor_interfaces
[23.437s] -- Installing: /home/waldo/ros2_ws/src/install/motor_interfaces/share/motor_interfaces/environment/ament_prefix_path.sh
[23.438s] -- Installing: /home/waldo/ros2_ws/src/install/motor_interfaces/share/motor_interfaces/environment/ament_prefix_path.dsv
[23.440s] -- Installing: /home/waldo/ros2_ws/src/install/motor_interfaces/share/motor_interfaces/environment/path.sh
[23.441s] -- Installing: /home/waldo/ros2_ws/src/install/motor_interfaces/share/motor_interfaces/environment/path.dsv
[23.443s] -- Installing: /home/waldo/ros2_ws/src/install/motor_interfaces/share/motor_interfaces/local_setup.bash
[23.444s] -- Installing: /home/waldo/ros2_ws/src/install/motor_interfaces/share/motor_interfaces/local_setup.sh
[23.445s] -- Installing: /home/waldo/ros2_ws/src/install/motor_interfaces/share/motor_interfaces/local_setup.zsh
[23.447s] -- Installing: /home/waldo/ros2_ws/src/install/motor_interfaces/share/motor_interfaces/local_setup.dsv
[23.448s] -- Installing: /home/waldo/ros2_ws/src/install/motor_interfaces/share/motor_interfaces/package.dsv
[23.450s] -- Installing: /home/waldo/ros2_ws/src/install/motor_interfaces/share/ament_index/resource_index/packages/motor_interfaces
[23.452s] -- Installing: /home/waldo/ros2_ws/src/install/motor_interfaces/share/motor_interfaces/cmake/export_motor_interfaces__rosidl_generator_cExport.cmake
[23.453s] -- Installing: /home/waldo/ros2_ws/src/install/motor_interfaces/share/motor_interfaces/cmake/export_motor_interfaces__rosidl_generator_cExport-noconfig.cmake
[23.455s] -- Installing: /home/waldo/ros2_ws/src/install/motor_interfaces/share/motor_interfaces/cmake/export_motor_interfaces__rosidl_typesupport_fastrtps_cExport.cmake
[23.457s] -- Installing: /home/waldo/ros2_ws/src/install/motor_interfaces/share/motor_interfaces/cmake/export_motor_interfaces__rosidl_typesupport_fastrtps_cExport-noconfig.cmake
[23.459s] -- Installing: /home/waldo/ros2_ws/src/install/motor_interfaces/share/motor_interfaces/cmake/motor_interfaces__rosidl_typesupport_introspection_cExport.cmake
[23.461s] -- Installing: /home/waldo/ros2_ws/src/install/motor_interfaces/share/motor_interfaces/cmake/motor_interfaces__rosidl_typesupport_introspection_cExport-noconfig.cmake
[23.463s] -- Installing: /home/waldo/ros2_ws/src/install/motor_interfaces/share/motor_interfaces/cmake/motor_interfaces__rosidl_typesupport_cExport.cmake
[23.464s] -- Installing: /home/waldo/ros2_ws/src/install/motor_interfaces/share/motor_interfaces/cmake/motor_interfaces__rosidl_typesupport_cExport-noconfig.cmake
[23.466s] -- Installing: /home/waldo/ros2_ws/src/install/motor_interfaces/share/motor_interfaces/cmake/export_motor_interfaces__rosidl_generator_cppExport.cmake
[23.468s] -- Installing: /home/waldo/ros2_ws/src/install/motor_interfaces/share/motor_interfaces/cmake/export_motor_interfaces__rosidl_typesupport_fastrtps_cppExport.cmake
[23.470s] -- Installing: /home/waldo/ros2_ws/src/install/motor_interfaces/share/motor_interfaces/cmake/export_motor_interfaces__rosidl_typesupport_fastrtps_cppExport-noconfig.cmake
[23.471s] -- Installing: /home/waldo/ros2_ws/src/install/motor_interfaces/share/motor_interfaces/cmake/motor_interfaces__rosidl_typesupport_introspection_cppExport.cmake
[23.473s] -- Installing: /home/waldo/ros2_ws/src/install/motor_interfaces/share/motor_interfaces/cmake/motor_interfaces__rosidl_typesupport_introspection_cppExport-noconfig.cmake
[23.475s] -- Installing: /home/waldo/ros2_ws/src/install/motor_interfaces/share/motor_interfaces/cmake/motor_interfaces__rosidl_typesupport_cppExport.cmake
[23.477s] -- Installing: /home/waldo/ros2_ws/src/install/motor_interfaces/share/motor_interfaces/cmake/motor_interfaces__rosidl_typesupport_cppExport-noconfig.cmake
[23.479s] -- Installing: /home/waldo/ros2_ws/src/install/motor_interfaces/share/motor_interfaces/cmake/export_motor_interfaces__rosidl_generator_pyExport.cmake
[23.481s] -- Installing: /home/waldo/ros2_ws/src/install/motor_interfaces/share/motor_interfaces/cmake/export_motor_interfaces__rosidl_generator_pyExport-noconfig.cmake
[23.483s] -- Installing: /home/waldo/ros2_ws/src/install/motor_interfaces/share/motor_interfaces/cmake/rosidl_cmake-extras.cmake
[23.484s] -- Installing: /home/waldo/ros2_ws/src/install/motor_interfaces/share/motor_interfaces/cmake/ament_cmake_export_include_directories-extras.cmake
[23.486s] -- Installing: /home/waldo/ros2_ws/src/install/motor_interfaces/share/motor_interfaces/cmake/ament_cmake_export_libraries-extras.cmake
[23.488s] -- Installing: /home/waldo/ros2_ws/src/install/motor_interfaces/share/motor_interfaces/cmake/ament_cmake_export_targets-extras.cmake
[23.489s] -- Installing: /home/waldo/ros2_ws/src/install/motor_interfaces/share/motor_interfaces/cmake/rosidl_cmake_export_typesupport_targets-extras.cmake
[23.491s] -- Installing: /home/waldo/ros2_ws/src/install/motor_interfaces/share/motor_interfaces/cmake/ament_cmake_export_dependencies-extras.cmake
[23.493s] -- Installing: /home/waldo/ros2_ws/src/install/motor_interfaces/share/motor_interfaces/cmake/rosidl_cmake_export_typesupport_libraries-extras.cmake
[23.494s] -- Installing: /home/waldo/ros2_ws/src/install/motor_interfaces/share/motor_interfaces/cmake/motor_interfacesConfig.cmake
[23.495s] -- Installing: /home/waldo/ros2_ws/src/install/motor_interfaces/share/motor_interfaces/cmake/motor_interfacesConfig-version.cmake
[23.497s] -- Installing: /home/waldo/ros2_ws/src/install/motor_interfaces/share/motor_interfaces/package.xml
[23.507s] Invoked command in '/home/waldo/ros2_ws/src/build/motor_interfaces' returned '0': CMAKE_PREFIX_PATH=/opt/ros/humble /usr/bin/cmake --install /home/waldo/ros2_ws/src/build/motor_interfaces
