[0.625s] DEBUG:colcon:Command line arguments: ['/home/waldo/.local/bin/colcon', 'build', '--packages-select', 'motor_interfaces']
[0.625s] DEBUG:colcon:Parsed command line arguments: Namespace(log_base=None, log_level=None, verb_name='build', build_base='build', install_base='install', merge_install=False, symlink_install=False, test_result_base=None, continue_on_error=False, executor='parallel', parallel_workers=4, event_handlers=None, ignore_user_meta=False, metas=['./colcon.meta'], base_paths=['.'], packages_ignore=None, packages_ignore_regex=None, paths=None, packages_up_to=None, packages_up_to_regex=None, packages_above=None, packages_above_and_dependencies=None, packages_above_depth=None, packages_select_by_dep=None, packages_skip_by_dep=None, packages_skip_up_to=None, packages_select_build_failed=False, packages_skip_build_finished=False, packages_select_test_failures=False, packages_skip_test_passed=False, packages_select=['motor_interfaces'], packages_skip=None, packages_select_regex=None, packages_skip_regex=None, packages_start=None, packages_end=None, cmake_args=None, cmake_target=None, cmake_target_skip_unavailable=False, cmake_clean_cache=False, cmake_clean_first=False, cmake_force_configure=False, ament_cmake_args=None, catkin_cmake_args=None, catkin_skip_building_tests=False, verb_parser=<colcon_defaults.argument_parser.defaults.DefaultArgumentsDecorator object at 0xffffa6331a50>, verb_extension=<colcon_core.verb.build.BuildVerb object at 0xffffa6572740>, main=<bound method BuildVerb.main of <colcon_core.verb.build.BuildVerb object at 0xffffa6572740>>)
[1.325s] Level 1:colcon.colcon_core.package_discovery:discover_packages(colcon_meta) check parameters
[1.326s] Level 1:colcon.colcon_core.package_discovery:discover_packages(recursive) check parameters
[1.326s] Level 1:colcon.colcon_core.package_discovery:discover_packages(ignore) check parameters
[1.326s] Level 1:colcon.colcon_core.package_discovery:discover_packages(path) check parameters
[1.326s] Level 1:colcon.colcon_core.package_discovery:discover_packages(colcon_meta) discover
[1.327s] Level 1:colcon.colcon_core.package_discovery:discover_packages(recursive) discover
[1.327s] INFO:colcon.colcon_core.package_discovery:Crawling recursively for packages in '/home/waldo/ros2_ws/src'
[1.327s] Level 1:colcon.colcon_core.package_identification:_identify(.) by extensions ['ignore', 'ignore_ament_install']
[1.328s] Level 1:colcon.colcon_core.package_identification:_identify(.) by extension 'ignore'
[1.328s] Level 1:colcon.colcon_core.package_identification:_identify(.) by extension 'ignore_ament_install'
[1.328s] Level 1:colcon.colcon_core.package_identification:_identify(.) by extensions ['colcon_pkg']
[1.329s] Level 1:colcon.colcon_core.package_identification:_identify(.) by extension 'colcon_pkg'
[1.329s] Level 1:colcon.colcon_core.package_identification:_identify(.) by extensions ['colcon_meta']
[1.329s] Level 1:colcon.colcon_core.package_identification:_identify(.) by extension 'colcon_meta'
[1.329s] Level 1:colcon.colcon_core.package_identification:_identify(.) by extensions ['ros']
[1.329s] Level 1:colcon.colcon_core.package_identification:_identify(.) by extension 'ros'
[1.384s] Level 1:colcon.colcon_core.package_identification:_identify(.) by extensions ['cmake', 'python']
[1.385s] Level 1:colcon.colcon_core.package_identification:_identify(.) by extension 'cmake'
[1.385s] Level 1:colcon.colcon_core.package_identification:_identify(.) by extension 'python'
[1.385s] Level 1:colcon.colcon_core.package_identification:_identify(.) by extensions ['python_setup_py']
[1.385s] Level 1:colcon.colcon_core.package_identification:_identify(.) by extension 'python_setup_py'
[1.386s] Level 1:colcon.colcon_core.package_identification:_identify(build) by extensions ['ignore', 'ignore_ament_install']
[1.386s] Level 1:colcon.colcon_core.package_identification:_identify(build) by extension 'ignore'
[1.387s] Level 1:colcon.colcon_core.package_identification:_identify(build) ignored
[1.387s] Level 1:colcon.colcon_core.package_identification:_identify(install) by extensions ['ignore', 'ignore_ament_install']
[1.388s] Level 1:colcon.colcon_core.package_identification:_identify(install) by extension 'ignore'
[1.388s] Level 1:colcon.colcon_core.package_identification:_identify(install) ignored
[1.389s] Level 1:colcon.colcon_core.package_identification:_identify(log) by extensions ['ignore', 'ignore_ament_install']
[1.389s] Level 1:colcon.colcon_core.package_identification:_identify(log) by extension 'ignore'
[1.389s] Level 1:colcon.colcon_core.package_identification:_identify(log) ignored
[1.390s] Level 1:colcon.colcon_core.package_identification:_identify(motor_interfaces) by extensions ['ignore', 'ignore_ament_install']
[1.390s] Level 1:colcon.colcon_core.package_identification:_identify(motor_interfaces) by extension 'ignore'
[1.391s] Level 1:colcon.colcon_core.package_identification:_identify(motor_interfaces) by extension 'ignore_ament_install'
[1.391s] Level 1:colcon.colcon_core.package_identification:_identify(motor_interfaces) by extensions ['colcon_pkg']
[1.391s] Level 1:colcon.colcon_core.package_identification:_identify(motor_interfaces) by extension 'colcon_pkg'
[1.391s] Level 1:colcon.colcon_core.package_identification:_identify(motor_interfaces) by extensions ['colcon_meta']
[1.391s] Level 1:colcon.colcon_core.package_identification:_identify(motor_interfaces) by extension 'colcon_meta'
[1.392s] Level 1:colcon.colcon_core.package_identification:_identify(motor_interfaces) by extensions ['ros']
[1.392s] Level 1:colcon.colcon_core.package_identification:_identify(motor_interfaces) by extension 'ros'
[1.402s] DEBUG:colcon.colcon_core.package_identification:Package 'motor_interfaces' with type 'ros.ament_cmake' and name 'motor_interfaces'
[1.403s] Level 1:colcon.colcon_core.package_identification:_identify(motors) by extensions ['ignore', 'ignore_ament_install']
[1.404s] Level 1:colcon.colcon_core.package_identification:_identify(motors) by extension 'ignore'
[1.404s] Level 1:colcon.colcon_core.package_identification:_identify(motors) by extension 'ignore_ament_install'
[1.405s] Level 1:colcon.colcon_core.package_identification:_identify(motors) by extensions ['colcon_pkg']
[1.405s] Level 1:colcon.colcon_core.package_identification:_identify(motors) by extension 'colcon_pkg'
[1.405s] Level 1:colcon.colcon_core.package_identification:_identify(motors) by extensions ['colcon_meta']
[1.405s] Level 1:colcon.colcon_core.package_identification:_identify(motors) by extension 'colcon_meta'
[1.406s] Level 1:colcon.colcon_core.package_identification:_identify(motors) by extensions ['ros']
[1.406s] Level 1:colcon.colcon_core.package_identification:_identify(motors) by extension 'ros'
[1.409s] DEBUG:colcon.colcon_core.package_identification:Package 'motors' with type 'ros.ament_python' and name 'motors'
[1.409s] Level 1:colcon.colcon_core.package_discovery:discover_packages(recursive) using defaults
[1.409s] Level 1:colcon.colcon_core.package_discovery:discover_packages(ignore) discover
[1.409s] Level 1:colcon.colcon_core.package_discovery:discover_packages(ignore) using defaults
[1.409s] Level 1:colcon.colcon_core.package_discovery:discover_packages(path) discover
[1.409s] Level 1:colcon.colcon_core.package_discovery:discover_packages(path) using defaults
[1.499s] INFO:colcon.colcon_core.package_selection:Skipping not selected package 'motors' in 'motors'
[1.501s] Level 5:colcon.colcon_core.verb:set package 'motor_interfaces' build argument 'cmake_args' from command line to 'None'
[1.502s] Level 5:colcon.colcon_core.verb:set package 'motor_interfaces' build argument 'cmake_target' from command line to 'None'
[1.502s] Level 5:colcon.colcon_core.verb:set package 'motor_interfaces' build argument 'cmake_target_skip_unavailable' from command line to 'False'
[1.502s] Level 5:colcon.colcon_core.verb:set package 'motor_interfaces' build argument 'cmake_clean_cache' from command line to 'False'
[1.502s] Level 5:colcon.colcon_core.verb:set package 'motor_interfaces' build argument 'cmake_clean_first' from command line to 'False'
[1.502s] Level 5:colcon.colcon_core.verb:set package 'motor_interfaces' build argument 'cmake_force_configure' from command line to 'False'
[1.502s] Level 5:colcon.colcon_core.verb:set package 'motor_interfaces' build argument 'ament_cmake_args' from command line to 'None'
[1.503s] Level 5:colcon.colcon_core.verb:set package 'motor_interfaces' build argument 'catkin_cmake_args' from command line to 'None'
[1.503s] Level 5:colcon.colcon_core.verb:set package 'motor_interfaces' build argument 'catkin_skip_building_tests' from command line to 'False'
[1.503s] DEBUG:colcon.colcon_core.verb:Building package 'motor_interfaces' with the following arguments: {'ament_cmake_args': None, 'build_base': '/home/waldo/ros2_ws/src/build/motor_interfaces', 'catkin_cmake_args': None, 'catkin_skip_building_tests': False, 'cmake_args': None, 'cmake_clean_cache': False, 'cmake_clean_first': False, 'cmake_force_configure': False, 'cmake_target': None, 'cmake_target_skip_unavailable': False, 'install_base': '/home/waldo/ros2_ws/src/install/motor_interfaces', 'merge_install': False, 'path': '/home/waldo/ros2_ws/src/motor_interfaces', 'symlink_install': False, 'test_result_base': None}
[1.504s] INFO:colcon.colcon_core.executor:Executing jobs using 'parallel' executor
[1.508s] DEBUG:colcon.colcon_parallel_executor.executor.parallel:run_until_complete
[1.510s] INFO:colcon.colcon_ros.task.ament_cmake.build:Building ROS package in '/home/waldo/ros2_ws/src/motor_interfaces' with build type 'ament_cmake'
[1.510s] INFO:colcon.colcon_cmake.task.cmake.build:Building CMake package in '/home/waldo/ros2_ws/src/motor_interfaces'
[1.521s] INFO:colcon.colcon_core.plugin_system:Skipping extension 'colcon_core.shell.bat': Not used on non-Windows systems
[1.522s] INFO:colcon.colcon_core.shell:Skip shell extension 'powershell' for command environment: Not usable outside of PowerShell
[1.522s] DEBUG:colcon.colcon_core.shell:Skip shell extension 'dsv' for command environment
[1.574s] DEBUG:colcon.colcon_core.event_handler.log_command:Invoking command in '/home/waldo/ros2_ws/src/build/motor_interfaces': CMAKE_PREFIX_PATH=${CMAKE_PREFIX_PATH}:/opt/ros/humble /usr/bin/cmake --build /home/waldo/ros2_ws/src/build/motor_interfaces -- -j4 -l4
[8.864s] DEBUG:colcon.colcon_core.event_handler.log_command:Invoked command in '/home/waldo/ros2_ws/src/build/motor_interfaces' returned '0': CMAKE_PREFIX_PATH=${CMAKE_PREFIX_PATH}:/opt/ros/humble /usr/bin/cmake --build /home/waldo/ros2_ws/src/build/motor_interfaces -- -j4 -l4
[8.909s] DEBUG:colcon.colcon_core.event_handler.log_command:Invoking command in '/home/waldo/ros2_ws/src/build/motor_interfaces': CMAKE_PREFIX_PATH=${CMAKE_PREFIX_PATH}:/opt/ros/humble /usr/bin/cmake --install /home/waldo/ros2_ws/src/build/motor_interfaces
[9.269s] Level 1:colcon.colcon_core.environment:create_environment_scripts_only(motor_interfaces)
[9.275s] DEBUG:colcon.colcon_core.event_handler.log_command:Invoked command in '/home/waldo/ros2_ws/src/build/motor_interfaces' returned '0': CMAKE_PREFIX_PATH=${CMAKE_PREFIX_PATH}:/opt/ros/humble /usr/bin/cmake --install /home/waldo/ros2_ws/src/build/motor_interfaces
[9.286s] Level 1:colcon.colcon_core.environment:checking '/home/waldo/ros2_ws/src/install/motor_interfaces' for CMake module files
[9.291s] Level 1:colcon.colcon_core.environment:checking '/home/waldo/ros2_ws/src/install/motor_interfaces' for CMake config files
[9.296s] Level 1:colcon.colcon_core.shell:create_environment_hook('motor_interfaces', 'cmake_prefix_path')
[9.297s] INFO:colcon.colcon_core.shell:Creating environment hook '/home/waldo/ros2_ws/src/install/motor_interfaces/share/motor_interfaces/hook/cmake_prefix_path.ps1'
[9.300s] INFO:colcon.colcon_core.shell:Creating environment descriptor '/home/waldo/ros2_ws/src/install/motor_interfaces/share/motor_interfaces/hook/cmake_prefix_path.dsv'
[9.303s] INFO:colcon.colcon_core.shell:Creating environment hook '/home/waldo/ros2_ws/src/install/motor_interfaces/share/motor_interfaces/hook/cmake_prefix_path.sh'
[9.308s] Level 1:colcon.colcon_core.environment:checking '/home/waldo/ros2_ws/src/install/motor_interfaces/lib'
[9.309s] Level 1:colcon.colcon_core.shell:create_environment_hook('motor_interfaces', 'ld_library_path_lib')
[9.310s] INFO:colcon.colcon_core.shell:Creating environment hook '/home/waldo/ros2_ws/src/install/motor_interfaces/share/motor_interfaces/hook/ld_library_path_lib.ps1'
[9.313s] INFO:colcon.colcon_core.shell:Creating environment descriptor '/home/waldo/ros2_ws/src/install/motor_interfaces/share/motor_interfaces/hook/ld_library_path_lib.dsv'
[9.315s] INFO:colcon.colcon_core.shell:Creating environment hook '/home/waldo/ros2_ws/src/install/motor_interfaces/share/motor_interfaces/hook/ld_library_path_lib.sh'
[9.317s] Level 1:colcon.colcon_core.environment:checking '/home/waldo/ros2_ws/src/install/motor_interfaces/bin'
[9.318s] Level 1:colcon.colcon_core.environment:checking '/home/waldo/ros2_ws/src/install/motor_interfaces/lib/pkgconfig/motor_interfaces.pc'
[9.326s] Level 1:colcon.colcon_core.environment:checking '/home/waldo/ros2_ws/src/install/motor_interfaces/lib/python3.10/site-packages'
[9.327s] Level 1:colcon.colcon_core.environment:checking '/home/waldo/ros2_ws/src/install/motor_interfaces/bin'
[9.329s] INFO:colcon.colcon_core.shell:Creating package script '/home/waldo/ros2_ws/src/install/motor_interfaces/share/motor_interfaces/package.ps1'
[9.333s] INFO:colcon.colcon_core.shell:Creating package descriptor '/home/waldo/ros2_ws/src/install/motor_interfaces/share/motor_interfaces/package.dsv'
[9.337s] INFO:colcon.colcon_core.shell:Creating package script '/home/waldo/ros2_ws/src/install/motor_interfaces/share/motor_interfaces/package.sh'
[9.341s] INFO:colcon.colcon_core.shell:Creating package script '/home/waldo/ros2_ws/src/install/motor_interfaces/share/motor_interfaces/package.bash'
[9.345s] INFO:colcon.colcon_core.shell:Creating package script '/home/waldo/ros2_ws/src/install/motor_interfaces/share/motor_interfaces/package.zsh'
[9.348s] Level 1:colcon.colcon_core.environment:create_file_with_runtime_dependencies(/home/waldo/ros2_ws/src/install/motor_interfaces/share/colcon-core/packages/motor_interfaces)
[9.352s] Level 1:colcon.colcon_core.environment:create_environment_scripts_only(motor_interfaces)
[9.353s] Level 1:colcon.colcon_core.environment:checking '/home/waldo/ros2_ws/src/install/motor_interfaces' for CMake module files
[9.357s] Level 1:colcon.colcon_core.environment:checking '/home/waldo/ros2_ws/src/install/motor_interfaces' for CMake config files
[9.362s] Level 1:colcon.colcon_core.shell:create_environment_hook('motor_interfaces', 'cmake_prefix_path')
[9.364s] INFO:colcon.colcon_core.shell:Creating environment hook '/home/waldo/ros2_ws/src/install/motor_interfaces/share/motor_interfaces/hook/cmake_prefix_path.ps1'
[9.366s] INFO:colcon.colcon_core.shell:Creating environment descriptor '/home/waldo/ros2_ws/src/install/motor_interfaces/share/motor_interfaces/hook/cmake_prefix_path.dsv'
[9.368s] INFO:colcon.colcon_core.shell:Creating environment hook '/home/waldo/ros2_ws/src/install/motor_interfaces/share/motor_interfaces/hook/cmake_prefix_path.sh'
[9.372s] Level 1:colcon.colcon_core.environment:checking '/home/waldo/ros2_ws/src/install/motor_interfaces/lib'
[9.373s] Level 1:colcon.colcon_core.shell:create_environment_hook('motor_interfaces', 'ld_library_path_lib')
[9.374s] INFO:colcon.colcon_core.shell:Creating environment hook '/home/waldo/ros2_ws/src/install/motor_interfaces/share/motor_interfaces/hook/ld_library_path_lib.ps1'
[9.377s] INFO:colcon.colcon_core.shell:Creating environment descriptor '/home/waldo/ros2_ws/src/install/motor_interfaces/share/motor_interfaces/hook/ld_library_path_lib.dsv'
[9.379s] INFO:colcon.colcon_core.shell:Creating environment hook '/home/waldo/ros2_ws/src/install/motor_interfaces/share/motor_interfaces/hook/ld_library_path_lib.sh'
[9.382s] Level 1:colcon.colcon_core.environment:checking '/home/waldo/ros2_ws/src/install/motor_interfaces/bin'
[9.383s] Level 1:colcon.colcon_core.environment:checking '/home/waldo/ros2_ws/src/install/motor_interfaces/lib/pkgconfig/motor_interfaces.pc'
[9.384s] Level 1:colcon.colcon_core.environment:checking '/home/waldo/ros2_ws/src/install/motor_interfaces/lib/python3.10/site-packages'
[9.385s] Level 1:colcon.colcon_core.environment:checking '/home/waldo/ros2_ws/src/install/motor_interfaces/bin'
[9.387s] INFO:colcon.colcon_core.shell:Creating package script '/home/waldo/ros2_ws/src/install/motor_interfaces/share/motor_interfaces/package.ps1'
[9.390s] INFO:colcon.colcon_core.shell:Creating package descriptor '/home/waldo/ros2_ws/src/install/motor_interfaces/share/motor_interfaces/package.dsv'
[9.393s] INFO:colcon.colcon_core.shell:Creating package script '/home/waldo/ros2_ws/src/install/motor_interfaces/share/motor_interfaces/package.sh'
[9.396s] INFO:colcon.colcon_core.shell:Creating package script '/home/waldo/ros2_ws/src/install/motor_interfaces/share/motor_interfaces/package.bash'
[9.398s] INFO:colcon.colcon_core.shell:Creating package script '/home/waldo/ros2_ws/src/install/motor_interfaces/share/motor_interfaces/package.zsh'
[9.401s] Level 1:colcon.colcon_core.environment:create_file_with_runtime_dependencies(/home/waldo/ros2_ws/src/install/motor_interfaces/share/colcon-core/packages/motor_interfaces)
[9.402s] DEBUG:colcon.colcon_parallel_executor.executor.parallel:closing loop
[9.403s] DEBUG:colcon.colcon_parallel_executor.executor.parallel:loop closed
[9.404s] DEBUG:colcon.colcon_parallel_executor.executor.parallel:run_until_complete finished with '0'
[9.404s] DEBUG:colcon.colcon_core.event_reactor:joining thread
[9.429s] INFO:colcon.colcon_core.plugin_system:Skipping extension 'colcon_notification.desktop_notification.notify_send': Could not find 'notify-send'
[9.430s] INFO:colcon.colcon_core.plugin_system:Skipping extension 'colcon_notification.desktop_notification.terminal_notifier': Not used on non-Darwin systems
[9.430s] INFO:colcon.colcon_core.plugin_system:Skipping extension 'colcon_notification.desktop_notification.win32': Not used on non-Windows systems
[9.430s] INFO:colcon.colcon_notification.desktop_notification:Sending desktop notification using 'notify2'
[9.433s] DEBUG:colcon.colcon_notification.desktop_notification.notify2:Failed to initialize notify2: org.freedesktop.DBus.Error.ServiceUnknown: The name org.freedesktop.Notifications was not provided by any .service files
[9.434s] DEBUG:colcon.colcon_core.event_reactor:joined thread
[9.435s] INFO:colcon.colcon_core.shell:Creating prefix script '/home/waldo/ros2_ws/src/install/local_setup.ps1'
[9.440s] INFO:colcon.colcon_core.shell:Creating prefix util module '/home/waldo/ros2_ws/src/install/_local_setup_util_ps1.py'
[9.447s] INFO:colcon.colcon_core.shell:Creating prefix chain script '/home/waldo/ros2_ws/src/install/setup.ps1'
[9.452s] INFO:colcon.colcon_core.shell:Creating prefix script '/home/waldo/ros2_ws/src/install/local_setup.sh'
[9.456s] INFO:colcon.colcon_core.shell:Creating prefix util module '/home/waldo/ros2_ws/src/install/_local_setup_util_sh.py'
[9.459s] INFO:colcon.colcon_core.shell:Creating prefix chain script '/home/waldo/ros2_ws/src/install/setup.sh'
[9.465s] INFO:colcon.colcon_core.shell:Creating prefix script '/home/waldo/ros2_ws/src/install/local_setup.bash'
[9.468s] INFO:colcon.colcon_core.shell:Creating prefix chain script '/home/waldo/ros2_ws/src/install/setup.bash'
[9.473s] INFO:colcon.colcon_core.shell:Creating prefix script '/home/waldo/ros2_ws/src/install/local_setup.zsh'
[9.476s] INFO:colcon.colcon_core.shell:Creating prefix chain script '/home/waldo/ros2_ws/src/install/setup.zsh'
