[0.657s] DEBUG:colcon:Command line arguments: ['/home/waldo/.local/bin/colcon', 'build']
[0.658s] DEBUG:colcon:Parsed command line arguments: Namespace(log_base=None, log_level=None, verb_name='build', build_base='build', install_base='install', merge_install=False, symlink_install=False, test_result_base=None, continue_on_error=False, executor='parallel', parallel_workers=4, event_handlers=None, ignore_user_meta=False, metas=['./colcon.meta'], base_paths=['.'], packages_ignore=None, packages_ignore_regex=None, paths=None, packages_up_to=None, packages_up_to_regex=None, packages_above=None, packages_above_and_dependencies=None, packages_above_depth=None, packages_select_by_dep=None, packages_skip_by_dep=None, packages_skip_up_to=None, packages_select_build_failed=False, packages_skip_build_finished=False, packages_select_test_failures=False, packages_skip_test_passed=False, packages_select=None, packages_skip=None, packages_select_regex=None, packages_skip_regex=None, packages_start=None, packages_end=None, cmake_args=None, cmake_target=None, cmake_target_skip_unavailable=False, cmake_clean_cache=False, cmake_clean_first=False, cmake_force_configure=False, ament_cmake_args=None, catkin_cmake_args=None, catkin_skip_building_tests=False, verb_parser=<colcon_defaults.argument_parser.defaults.DefaultArgumentsDecorator object at 0xffff82ef1c00>, verb_extension=<colcon_core.verb.build.BuildVerb object at 0xffff8312e8f0>, main=<bound method BuildVerb.main of <colcon_core.verb.build.BuildVerb object at 0xffff8312e8f0>>)
[1.377s] Level 1:colcon.colcon_core.package_discovery:discover_packages(colcon_meta) check parameters
[1.378s] Level 1:colcon.colcon_core.package_discovery:discover_packages(recursive) check parameters
[1.380s] Level 1:colcon.colcon_core.package_discovery:discover_packages(ignore) check parameters
[1.380s] Level 1:colcon.colcon_core.package_discovery:discover_packages(path) check parameters
[1.381s] Level 1:colcon.colcon_core.package_discovery:discover_packages(colcon_meta) discover
[1.381s] Level 1:colcon.colcon_core.package_discovery:discover_packages(recursive) discover
[1.381s] INFO:colcon.colcon_core.package_discovery:Crawling recursively for packages in '/home/waldo/ros2_ws/src'
[1.382s] Level 1:colcon.colcon_core.package_identification:_identify(.) by extensions ['ignore', 'ignore_ament_install']
[1.382s] Level 1:colcon.colcon_core.package_identification:_identify(.) by extension 'ignore'
[1.383s] Level 1:colcon.colcon_core.package_identification:_identify(.) by extension 'ignore_ament_install'
[1.383s] Level 1:colcon.colcon_core.package_identification:_identify(.) by extensions ['colcon_pkg']
[1.383s] Level 1:colcon.colcon_core.package_identification:_identify(.) by extension 'colcon_pkg'
[1.383s] Level 1:colcon.colcon_core.package_identification:_identify(.) by extensions ['colcon_meta']
[1.383s] Level 1:colcon.colcon_core.package_identification:_identify(.) by extension 'colcon_meta'
[1.384s] Level 1:colcon.colcon_core.package_identification:_identify(.) by extensions ['ros']
[1.384s] Level 1:colcon.colcon_core.package_identification:_identify(.) by extension 'ros'
[1.438s] Level 1:colcon.colcon_core.package_identification:_identify(.) by extensions ['cmake', 'python']
[1.438s] Level 1:colcon.colcon_core.package_identification:_identify(.) by extension 'cmake'
[1.439s] Level 1:colcon.colcon_core.package_identification:_identify(.) by extension 'python'
[1.439s] Level 1:colcon.colcon_core.package_identification:_identify(.) by extensions ['python_setup_py']
[1.439s] Level 1:colcon.colcon_core.package_identification:_identify(.) by extension 'python_setup_py'
[1.440s] Level 1:colcon.colcon_core.package_identification:_identify(build) by extensions ['ignore', 'ignore_ament_install']
[1.440s] Level 1:colcon.colcon_core.package_identification:_identify(build) by extension 'ignore'
[1.441s] Level 1:colcon.colcon_core.package_identification:_identify(build) ignored
[1.441s] Level 1:colcon.colcon_core.package_identification:_identify(install) by extensions ['ignore', 'ignore_ament_install']
[1.442s] Level 1:colcon.colcon_core.package_identification:_identify(install) by extension 'ignore'
[1.442s] Level 1:colcon.colcon_core.package_identification:_identify(install) ignored
[1.443s] Level 1:colcon.colcon_core.package_identification:_identify(log) by extensions ['ignore', 'ignore_ament_install']
[1.443s] Level 1:colcon.colcon_core.package_identification:_identify(log) by extension 'ignore'
[1.443s] Level 1:colcon.colcon_core.package_identification:_identify(log) ignored
[1.444s] Level 1:colcon.colcon_core.package_identification:_identify(motor_interfaces) by extensions ['ignore', 'ignore_ament_install']
[1.444s] Level 1:colcon.colcon_core.package_identification:_identify(motor_interfaces) by extension 'ignore'
[1.445s] Level 1:colcon.colcon_core.package_identification:_identify(motor_interfaces) by extension 'ignore_ament_install'
[1.445s] Level 1:colcon.colcon_core.package_identification:_identify(motor_interfaces) by extensions ['colcon_pkg']
[1.445s] Level 1:colcon.colcon_core.package_identification:_identify(motor_interfaces) by extension 'colcon_pkg'
[1.445s] Level 1:colcon.colcon_core.package_identification:_identify(motor_interfaces) by extensions ['colcon_meta']
[1.445s] Level 1:colcon.colcon_core.package_identification:_identify(motor_interfaces) by extension 'colcon_meta'
[1.446s] Level 1:colcon.colcon_core.package_identification:_identify(motor_interfaces) by extensions ['ros']
[1.446s] Level 1:colcon.colcon_core.package_identification:_identify(motor_interfaces) by extension 'ros'
[1.457s] DEBUG:colcon.colcon_core.package_identification:Package 'motor_interfaces' with type 'ros.ament_cmake' and name 'motor_interfaces'
[1.458s] Level 1:colcon.colcon_core.package_identification:_identify(motors) by extensions ['ignore', 'ignore_ament_install']
[1.458s] Level 1:colcon.colcon_core.package_identification:_identify(motors) by extension 'ignore'
[1.459s] Level 1:colcon.colcon_core.package_identification:_identify(motors) by extension 'ignore_ament_install'
[1.459s] Level 1:colcon.colcon_core.package_identification:_identify(motors) by extensions ['colcon_pkg']
[1.459s] Level 1:colcon.colcon_core.package_identification:_identify(motors) by extension 'colcon_pkg'
[1.459s] Level 1:colcon.colcon_core.package_identification:_identify(motors) by extensions ['colcon_meta']
[1.459s] Level 1:colcon.colcon_core.package_identification:_identify(motors) by extension 'colcon_meta'
[1.460s] Level 1:colcon.colcon_core.package_identification:_identify(motors) by extensions ['ros']
[1.460s] Level 1:colcon.colcon_core.package_identification:_identify(motors) by extension 'ros'
[1.463s] DEBUG:colcon.colcon_core.package_identification:Package 'motors' with type 'ros.ament_python' and name 'motors'
[1.463s] Level 1:colcon.colcon_core.package_discovery:discover_packages(recursive) using defaults
[1.463s] Level 1:colcon.colcon_core.package_discovery:discover_packages(ignore) discover
[1.463s] Level 1:colcon.colcon_core.package_discovery:discover_packages(ignore) using defaults
[1.463s] Level 1:colcon.colcon_core.package_discovery:discover_packages(path) discover
[1.464s] Level 1:colcon.colcon_core.package_discovery:discover_packages(path) using defaults
[1.556s] Level 5:colcon.colcon_core.verb:set package 'motor_interfaces' build argument 'cmake_args' from command line to 'None'
[1.556s] Level 5:colcon.colcon_core.verb:set package 'motor_interfaces' build argument 'cmake_target' from command line to 'None'
[1.557s] Level 5:colcon.colcon_core.verb:set package 'motor_interfaces' build argument 'cmake_target_skip_unavailable' from command line to 'False'
[1.557s] Level 5:colcon.colcon_core.verb:set package 'motor_interfaces' build argument 'cmake_clean_cache' from command line to 'False'
[1.557s] Level 5:colcon.colcon_core.verb:set package 'motor_interfaces' build argument 'cmake_clean_first' from command line to 'False'
[1.557s] Level 5:colcon.colcon_core.verb:set package 'motor_interfaces' build argument 'cmake_force_configure' from command line to 'False'
[1.557s] Level 5:colcon.colcon_core.verb:set package 'motor_interfaces' build argument 'ament_cmake_args' from command line to 'None'
[1.557s] Level 5:colcon.colcon_core.verb:set package 'motor_interfaces' build argument 'catkin_cmake_args' from command line to 'None'
[1.557s] Level 5:colcon.colcon_core.verb:set package 'motor_interfaces' build argument 'catkin_skip_building_tests' from command line to 'False'
[1.558s] DEBUG:colcon.colcon_core.verb:Building package 'motor_interfaces' with the following arguments: {'ament_cmake_args': None, 'build_base': '/home/waldo/ros2_ws/src/build/motor_interfaces', 'catkin_cmake_args': None, 'catkin_skip_building_tests': False, 'cmake_args': None, 'cmake_clean_cache': False, 'cmake_clean_first': False, 'cmake_force_configure': False, 'cmake_target': None, 'cmake_target_skip_unavailable': False, 'install_base': '/home/waldo/ros2_ws/src/install/motor_interfaces', 'merge_install': False, 'path': '/home/waldo/ros2_ws/src/motor_interfaces', 'symlink_install': False, 'test_result_base': None}
[1.560s] Level 5:colcon.colcon_core.verb:set package 'motors' build argument 'cmake_args' from command line to 'None'
[1.560s] Level 5:colcon.colcon_core.verb:set package 'motors' build argument 'cmake_target' from command line to 'None'
[1.560s] Level 5:colcon.colcon_core.verb:set package 'motors' build argument 'cmake_target_skip_unavailable' from command line to 'False'
[1.560s] Level 5:colcon.colcon_core.verb:set package 'motors' build argument 'cmake_clean_cache' from command line to 'False'
[1.560s] Level 5:colcon.colcon_core.verb:set package 'motors' build argument 'cmake_clean_first' from command line to 'False'
[1.560s] Level 5:colcon.colcon_core.verb:set package 'motors' build argument 'cmake_force_configure' from command line to 'False'
[1.561s] Level 5:colcon.colcon_core.verb:set package 'motors' build argument 'ament_cmake_args' from command line to 'None'
[1.561s] Level 5:colcon.colcon_core.verb:set package 'motors' build argument 'catkin_cmake_args' from command line to 'None'
[1.561s] Level 5:colcon.colcon_core.verb:set package 'motors' build argument 'catkin_skip_building_tests' from command line to 'False'
[1.561s] DEBUG:colcon.colcon_core.verb:Building package 'motors' with the following arguments: {'ament_cmake_args': None, 'build_base': '/home/waldo/ros2_ws/src/build/motors', 'catkin_cmake_args': None, 'catkin_skip_building_tests': False, 'cmake_args': None, 'cmake_clean_cache': False, 'cmake_clean_first': False, 'cmake_force_configure': False, 'cmake_target': None, 'cmake_target_skip_unavailable': False, 'install_base': '/home/waldo/ros2_ws/src/install/motors', 'merge_install': False, 'path': '/home/waldo/ros2_ws/src/motors', 'symlink_install': False, 'test_result_base': None}
[1.562s] INFO:colcon.colcon_core.executor:Executing jobs using 'parallel' executor
[1.567s] DEBUG:colcon.colcon_parallel_executor.executor.parallel:run_until_complete
[1.568s] INFO:colcon.colcon_ros.task.ament_cmake.build:Building ROS package in '/home/waldo/ros2_ws/src/motor_interfaces' with build type 'ament_cmake'
[1.568s] INFO:colcon.colcon_cmake.task.cmake.build:Building CMake package in '/home/waldo/ros2_ws/src/motor_interfaces'
[1.579s] INFO:colcon.colcon_core.plugin_system:Skipping extension 'colcon_core.shell.bat': Not used on non-Windows systems
[1.580s] INFO:colcon.colcon_core.shell:Skip shell extension 'powershell' for command environment: Not usable outside of PowerShell
[1.580s] DEBUG:colcon.colcon_core.shell:Skip shell extension 'dsv' for command environment
[1.633s] DEBUG:colcon.colcon_core.event_handler.log_command:Invoking command in '/home/waldo/ros2_ws/src/build/motor_interfaces': CMAKE_PREFIX_PATH=${CMAKE_PREFIX_PATH}:/home/waldo/ros2_ws/src/install/motors:/opt/ros/humble PS1=\[\e]0;\u@\h: \w\a\]${debian_chroot:+($debian_chroot)}\[\033[01;32m\]\u@\h\[\033[00m\]:\[\033[01;34m\]\w\[\033[00m\]\$ /usr/bin/cmake --build /home/waldo/ros2_ws/src/build/motor_interfaces -- -j4 -l4
[3.638s] DEBUG:colcon.colcon_core.event_handler.log_command:Invoked command in '/home/waldo/ros2_ws/src/build/motor_interfaces' returned '0': CMAKE_PREFIX_PATH=${CMAKE_PREFIX_PATH}:/home/waldo/ros2_ws/src/install/motors:/opt/ros/humble PS1=\[\e]0;\u@\h: \w\a\]${debian_chroot:+($debian_chroot)}\[\033[01;32m\]\u@\h\[\033[00m\]:\[\033[01;34m\]\w\[\033[00m\]\$ /usr/bin/cmake --build /home/waldo/ros2_ws/src/build/motor_interfaces -- -j4 -l4
[3.684s] DEBUG:colcon.colcon_core.event_handler.log_command:Invoking command in '/home/waldo/ros2_ws/src/build/motor_interfaces': CMAKE_PREFIX_PATH=${CMAKE_PREFIX_PATH}:/home/waldo/ros2_ws/src/install/motors:/opt/ros/humble PS1=\[\e]0;\u@\h: \w\a\]${debian_chroot:+($debian_chroot)}\[\033[01;32m\]\u@\h\[\033[00m\]:\[\033[01;34m\]\w\[\033[00m\]\$ /usr/bin/cmake --install /home/waldo/ros2_ws/src/build/motor_interfaces
[4.025s] Level 1:colcon.colcon_core.environment:create_environment_scripts_only(motor_interfaces)
[4.027s] DEBUG:colcon.colcon_core.event_handler.log_command:Invoked command in '/home/waldo/ros2_ws/src/build/motor_interfaces' returned '0': CMAKE_PREFIX_PATH=${CMAKE_PREFIX_PATH}:/home/waldo/ros2_ws/src/install/motors:/opt/ros/humble PS1=\[\e]0;\u@\h: \w\a\]${debian_chroot:+($debian_chroot)}\[\033[01;32m\]\u@\h\[\033[00m\]:\[\033[01;34m\]\w\[\033[00m\]\$ /usr/bin/cmake --install /home/waldo/ros2_ws/src/build/motor_interfaces
[4.039s] Level 1:colcon.colcon_core.environment:checking '/home/waldo/ros2_ws/src/install/motor_interfaces' for CMake module files
[4.044s] Level 1:colcon.colcon_core.environment:checking '/home/waldo/ros2_ws/src/install/motor_interfaces' for CMake config files
[4.050s] Level 1:colcon.colcon_core.shell:create_environment_hook('motor_interfaces', 'cmake_prefix_path')
[4.052s] INFO:colcon.colcon_core.shell:Creating environment hook '/home/waldo/ros2_ws/src/install/motor_interfaces/share/motor_interfaces/hook/cmake_prefix_path.ps1'
[4.056s] INFO:colcon.colcon_core.shell:Creating environment descriptor '/home/waldo/ros2_ws/src/install/motor_interfaces/share/motor_interfaces/hook/cmake_prefix_path.dsv'
[4.059s] INFO:colcon.colcon_core.shell:Creating environment hook '/home/waldo/ros2_ws/src/install/motor_interfaces/share/motor_interfaces/hook/cmake_prefix_path.sh'
[4.065s] Level 1:colcon.colcon_core.environment:checking '/home/waldo/ros2_ws/src/install/motor_interfaces/lib'
[4.066s] Level 1:colcon.colcon_core.shell:create_environment_hook('motor_interfaces', 'ld_library_path_lib')
[4.068s] INFO:colcon.colcon_core.shell:Creating environment hook '/home/waldo/ros2_ws/src/install/motor_interfaces/share/motor_interfaces/hook/ld_library_path_lib.ps1'
[4.070s] INFO:colcon.colcon_core.shell:Creating environment descriptor '/home/waldo/ros2_ws/src/install/motor_interfaces/share/motor_interfaces/hook/ld_library_path_lib.dsv'
[4.073s] INFO:colcon.colcon_core.shell:Creating environment hook '/home/waldo/ros2_ws/src/install/motor_interfaces/share/motor_interfaces/hook/ld_library_path_lib.sh'
[4.075s] Level 1:colcon.colcon_core.environment:checking '/home/waldo/ros2_ws/src/install/motor_interfaces/bin'
[4.075s] Level 1:colcon.colcon_core.environment:checking '/home/waldo/ros2_ws/src/install/motor_interfaces/lib/pkgconfig/motor_interfaces.pc'
[4.084s] Level 1:colcon.colcon_core.environment:checking '/home/waldo/ros2_ws/src/install/motor_interfaces/lib/python3.10/site-packages'
[4.086s] Level 1:colcon.colcon_core.environment:checking '/home/waldo/ros2_ws/src/install/motor_interfaces/bin'
[4.087s] INFO:colcon.colcon_core.shell:Creating package script '/home/waldo/ros2_ws/src/install/motor_interfaces/share/motor_interfaces/package.ps1'
[4.092s] INFO:colcon.colcon_core.shell:Creating package descriptor '/home/waldo/ros2_ws/src/install/motor_interfaces/share/motor_interfaces/package.dsv'
[4.095s] INFO:colcon.colcon_core.shell:Creating package script '/home/waldo/ros2_ws/src/install/motor_interfaces/share/motor_interfaces/package.sh'
[4.099s] INFO:colcon.colcon_core.shell:Creating package script '/home/waldo/ros2_ws/src/install/motor_interfaces/share/motor_interfaces/package.bash'
[4.103s] INFO:colcon.colcon_core.shell:Creating package script '/home/waldo/ros2_ws/src/install/motor_interfaces/share/motor_interfaces/package.zsh'
[4.107s] Level 1:colcon.colcon_core.environment:create_file_with_runtime_dependencies(/home/waldo/ros2_ws/src/install/motor_interfaces/share/colcon-core/packages/motor_interfaces)
[4.111s] Level 1:colcon.colcon_core.environment:create_environment_scripts_only(motor_interfaces)
[4.112s] Level 1:colcon.colcon_core.environment:checking '/home/waldo/ros2_ws/src/install/motor_interfaces' for CMake module files
[4.117s] Level 1:colcon.colcon_core.environment:checking '/home/waldo/ros2_ws/src/install/motor_interfaces' for CMake config files
[4.121s] Level 1:colcon.colcon_core.shell:create_environment_hook('motor_interfaces', 'cmake_prefix_path')
[4.122s] INFO:colcon.colcon_core.shell:Creating environment hook '/home/waldo/ros2_ws/src/install/motor_interfaces/share/motor_interfaces/hook/cmake_prefix_path.ps1'
[4.125s] INFO:colcon.colcon_core.shell:Creating environment descriptor '/home/waldo/ros2_ws/src/install/motor_interfaces/share/motor_interfaces/hook/cmake_prefix_path.dsv'
[4.127s] INFO:colcon.colcon_core.shell:Creating environment hook '/home/waldo/ros2_ws/src/install/motor_interfaces/share/motor_interfaces/hook/cmake_prefix_path.sh'
[4.130s] Level 1:colcon.colcon_core.environment:checking '/home/waldo/ros2_ws/src/install/motor_interfaces/lib'
[4.131s] Level 1:colcon.colcon_core.shell:create_environment_hook('motor_interfaces', 'ld_library_path_lib')
[4.132s] INFO:colcon.colcon_core.shell:Creating environment hook '/home/waldo/ros2_ws/src/install/motor_interfaces/share/motor_interfaces/hook/ld_library_path_lib.ps1'
[4.134s] INFO:colcon.colcon_core.shell:Creating environment descriptor '/home/waldo/ros2_ws/src/install/motor_interfaces/share/motor_interfaces/hook/ld_library_path_lib.dsv'
[4.136s] INFO:colcon.colcon_core.shell:Creating environment hook '/home/waldo/ros2_ws/src/install/motor_interfaces/share/motor_interfaces/hook/ld_library_path_lib.sh'
[4.139s] Level 1:colcon.colcon_core.environment:checking '/home/waldo/ros2_ws/src/install/motor_interfaces/bin'
[4.139s] Level 1:colcon.colcon_core.environment:checking '/home/waldo/ros2_ws/src/install/motor_interfaces/lib/pkgconfig/motor_interfaces.pc'
[4.140s] Level 1:colcon.colcon_core.environment:checking '/home/waldo/ros2_ws/src/install/motor_interfaces/lib/python3.10/site-packages'
[4.142s] Level 1:colcon.colcon_core.environment:checking '/home/waldo/ros2_ws/src/install/motor_interfaces/bin'
[4.144s] INFO:colcon.colcon_core.shell:Creating package script '/home/waldo/ros2_ws/src/install/motor_interfaces/share/motor_interfaces/package.ps1'
[4.147s] INFO:colcon.colcon_core.shell:Creating package descriptor '/home/waldo/ros2_ws/src/install/motor_interfaces/share/motor_interfaces/package.dsv'
[4.150s] INFO:colcon.colcon_core.shell:Creating package script '/home/waldo/ros2_ws/src/install/motor_interfaces/share/motor_interfaces/package.sh'
[4.153s] INFO:colcon.colcon_core.shell:Creating package script '/home/waldo/ros2_ws/src/install/motor_interfaces/share/motor_interfaces/package.bash'
[4.157s] INFO:colcon.colcon_core.shell:Creating package script '/home/waldo/ros2_ws/src/install/motor_interfaces/share/motor_interfaces/package.zsh'
[4.160s] Level 1:colcon.colcon_core.environment:create_file_with_runtime_dependencies(/home/waldo/ros2_ws/src/install/motor_interfaces/share/colcon-core/packages/motor_interfaces)
[4.161s] INFO:colcon.colcon_ros.task.ament_python.build:Building ROS package in '/home/waldo/ros2_ws/src/motors' with build type 'ament_python'
[4.162s] Level 1:colcon.colcon_core.shell:create_environment_hook('motors', 'ament_prefix_path')
[4.164s] INFO:colcon.colcon_core.shell:Creating environment hook '/home/waldo/ros2_ws/src/install/motors/share/motors/hook/ament_prefix_path.ps1'
[4.168s] INFO:colcon.colcon_core.shell:Creating environment descriptor '/home/waldo/ros2_ws/src/install/motors/share/motors/hook/ament_prefix_path.dsv'
[4.172s] INFO:colcon.colcon_core.shell:Creating environment hook '/home/waldo/ros2_ws/src/install/motors/share/motors/hook/ament_prefix_path.sh'
[4.177s] INFO:colcon.colcon_core.shell:Skip shell extension 'powershell' for command environment: Not usable outside of PowerShell
[4.177s] DEBUG:colcon.colcon_core.shell:Skip shell extension 'dsv' for command environment
[5.536s] INFO:colcon.colcon_core.task.python.build:Building Python package in '/home/waldo/ros2_ws/src/motors'
[5.538s] INFO:colcon.colcon_core.shell:Skip shell extension 'powershell' for command environment: Not usable outside of PowerShell
[5.538s] DEBUG:colcon.colcon_core.shell:Skip shell extension 'dsv' for command environment
[7.415s] DEBUG:colcon.colcon_core.event_handler.log_command:Invoking command in '/home/waldo/ros2_ws/src/motors': PS1=\[\e]0;\u@\h: \w\a\]${debian_chroot:+($debian_chroot)}\[\033[01;32m\]\u@\h\[\033[00m\]:\[\033[01;34m\]\w\[\033[00m\]\$ PYTHONPATH=/home/waldo/ros2_ws/src/build/motors/prefix_override:/home/waldo/.local/lib/python3.10/site-packages/colcon_core/task/python/colcon_distutils_commands:/home/waldo/ros2_ws/src/install/motors/lib/python3.10/site-packages:${PYTHONPATH} /usr/bin/python3 -W ignore:setup.py install is deprecated -W ignore:easy_install command is deprecated setup.py egg_info --egg-base ../build/motors build --build-base /home/waldo/ros2_ws/src/build/motors/build install --record /home/waldo/ros2_ws/src/build/motors/install.log --single-version-externally-managed install_data
[8.800s] Level 1:colcon.colcon_core.environment:checking '/home/waldo/ros2_ws/src/install/motors' for CMake module files
[8.802s] DEBUG:colcon.colcon_core.event_handler.log_command:Invoked command in '/home/waldo/ros2_ws/src/motors' returned '0': PS1=\[\e]0;\u@\h: \w\a\]${debian_chroot:+($debian_chroot)}\[\033[01;32m\]\u@\h\[\033[00m\]:\[\033[01;34m\]\w\[\033[00m\]\$ PYTHONPATH=/home/waldo/ros2_ws/src/build/motors/prefix_override:/home/waldo/.local/lib/python3.10/site-packages/colcon_core/task/python/colcon_distutils_commands:/home/waldo/ros2_ws/src/install/motors/lib/python3.10/site-packages:${PYTHONPATH} /usr/bin/python3 -W ignore:setup.py install is deprecated -W ignore:easy_install command is deprecated setup.py egg_info --egg-base ../build/motors build --build-base /home/waldo/ros2_ws/src/build/motors/build install --record /home/waldo/ros2_ws/src/build/motors/install.log --single-version-externally-managed install_data
[8.804s] Level 1:colcon.colcon_core.environment:checking '/home/waldo/ros2_ws/src/install/motors' for CMake config files
[8.808s] Level 1:colcon.colcon_core.environment:checking '/home/waldo/ros2_ws/src/install/motors/lib'
[8.809s] Level 1:colcon.colcon_core.environment:checking '/home/waldo/ros2_ws/src/install/motors/bin'
[8.809s] Level 1:colcon.colcon_core.environment:checking '/home/waldo/ros2_ws/src/install/motors/lib/pkgconfig/motors.pc'
[8.810s] Level 1:colcon.colcon_core.environment:checking '/home/waldo/ros2_ws/src/install/motors/lib/python3.10/site-packages'
[8.811s] Level 1:colcon.colcon_core.shell:create_environment_hook('motors', 'pythonpath')
[8.812s] INFO:colcon.colcon_core.shell:Creating environment hook '/home/waldo/ros2_ws/src/install/motors/share/motors/hook/pythonpath.ps1'
[8.814s] INFO:colcon.colcon_core.shell:Creating environment descriptor '/home/waldo/ros2_ws/src/install/motors/share/motors/hook/pythonpath.dsv'
[8.816s] INFO:colcon.colcon_core.shell:Creating environment hook '/home/waldo/ros2_ws/src/install/motors/share/motors/hook/pythonpath.sh'
[8.820s] Level 1:colcon.colcon_core.environment:checking '/home/waldo/ros2_ws/src/install/motors/bin'
[8.821s] Level 1:colcon.colcon_core.environment:create_environment_scripts_only(motors)
[8.822s] INFO:colcon.colcon_core.shell:Creating package script '/home/waldo/ros2_ws/src/install/motors/share/motors/package.ps1'
[8.825s] INFO:colcon.colcon_core.shell:Creating package descriptor '/home/waldo/ros2_ws/src/install/motors/share/motors/package.dsv'
[8.827s] INFO:colcon.colcon_core.shell:Creating package script '/home/waldo/ros2_ws/src/install/motors/share/motors/package.sh'
[8.830s] INFO:colcon.colcon_core.shell:Creating package script '/home/waldo/ros2_ws/src/install/motors/share/motors/package.bash'
[8.833s] INFO:colcon.colcon_core.shell:Creating package script '/home/waldo/ros2_ws/src/install/motors/share/motors/package.zsh'
[8.835s] Level 1:colcon.colcon_core.environment:create_file_with_runtime_dependencies(/home/waldo/ros2_ws/src/install/motors/share/colcon-core/packages/motors)
[8.837s] DEBUG:colcon.colcon_parallel_executor.executor.parallel:closing loop
[8.838s] DEBUG:colcon.colcon_parallel_executor.executor.parallel:loop closed
[8.839s] DEBUG:colcon.colcon_parallel_executor.executor.parallel:run_until_complete finished with '0'
[8.839s] DEBUG:colcon.colcon_core.event_reactor:joining thread
[8.864s] INFO:colcon.colcon_core.plugin_system:Skipping extension 'colcon_notification.desktop_notification.notify_send': Could not find 'notify-send'
[8.865s] INFO:colcon.colcon_core.plugin_system:Skipping extension 'colcon_notification.desktop_notification.terminal_notifier': Not used on non-Darwin systems
[8.865s] INFO:colcon.colcon_core.plugin_system:Skipping extension 'colcon_notification.desktop_notification.win32': Not used on non-Windows systems
[8.865s] INFO:colcon.colcon_notification.desktop_notification:Sending desktop notification using 'notify2'
[8.868s] DEBUG:colcon.colcon_notification.desktop_notification.notify2:Failed to initialize notify2: org.freedesktop.DBus.Error.ServiceUnknown: The name org.freedesktop.Notifications was not provided by any .service files
[8.869s] DEBUG:colcon.colcon_core.event_reactor:joined thread
[8.870s] INFO:colcon.colcon_core.shell:Creating prefix script '/home/waldo/ros2_ws/src/install/local_setup.ps1'
[8.875s] INFO:colcon.colcon_core.shell:Creating prefix util module '/home/waldo/ros2_ws/src/install/_local_setup_util_ps1.py'
[8.882s] INFO:colcon.colcon_core.shell:Creating prefix chain script '/home/waldo/ros2_ws/src/install/setup.ps1'
[8.888s] INFO:colcon.colcon_core.shell:Creating prefix script '/home/waldo/ros2_ws/src/install/local_setup.sh'
[8.891s] INFO:colcon.colcon_core.shell:Creating prefix util module '/home/waldo/ros2_ws/src/install/_local_setup_util_sh.py'
[8.894s] INFO:colcon.colcon_core.shell:Creating prefix chain script '/home/waldo/ros2_ws/src/install/setup.sh'
[8.900s] INFO:colcon.colcon_core.shell:Creating prefix script '/home/waldo/ros2_ws/src/install/local_setup.bash'
[8.902s] INFO:colcon.colcon_core.shell:Creating prefix chain script '/home/waldo/ros2_ws/src/install/setup.bash'
[8.908s] INFO:colcon.colcon_core.shell:Creating prefix script '/home/waldo/ros2_ws/src/install/local_setup.zsh'
[8.911s] INFO:colcon.colcon_core.shell:Creating prefix chain script '/home/waldo/ros2_ws/src/install/setup.zsh'
