[0.062s] Invoking command in '/home/waldo/ros2_ws/src/build/motor_interfaces': CMAKE_PREFIX_PATH=${CMAKE_PREFIX_PATH}:/opt/ros/humble /usr/bin/cmake --build /home/waldo/ros2_ws/src/build/motor_interfaces -- -j4 -l4
[0.181s] -- Found ament_cmake: 1.3.5 (/opt/ros/humble/share/ament_cmake/cmake)
[0.959s] -- Found rosidl_default_generators: 1.2.0 (/opt/ros/humble/share/rosidl_default_generators/cmake)
[0.968s] -- Using all available rosidl_typesupport_c: rosidl_typesupport_fastrtps_c;rosidl_typesupport_introspection_c
[0.982s] -- Found rosidl_adapter: 3.1.5 (/opt/ros/humble/share/rosidl_adapter/cmake)
[1.157s] -- Using all available rosidl_typesupport_cpp: rosidl_typesupport_fastrtps_cpp;rosidl_typesupport_introspection_cpp
[2.604s] -- Found ament_cmake_ros: 0.10.0 (/opt/ros/humble/share/ament_cmake_ros/cmake)
[3.539s] -- Using all available rosidl_typesupport_c: rosidl_typesupport_fastrtps_c;rosidl_typesupport_introspection_c
[4.763s] -- Using all available rosidl_typesupport_cpp: rosidl_typesupport_fastrtps_cpp;rosidl_typesupport_introspection_cpp
[4.881s] -- Found python_cmake_module: 0.10.0 (/opt/ros/humble/share/python_cmake_module/cmake)
[4.996s] -- Using PYTHON_EXECUTABLE: /usr/bin/python3
[4.996s] -- Using PYTHON_INCLUDE_DIRS: /usr/include/python3.10
[4.997s] -- Using PYTHON_LIBRARIES: /usr/lib/aarch64-linux-gnu/libpython3.10.so
[5.048s] -- Found ament_lint_auto: 0.12.7 (/opt/ros/humble/share/ament_lint_auto/cmake)
[5.104s] -- Added test 'lint_cmake' to check CMake code style
[5.113s] -- Added test 'xmllint' to check XML markup files
[5.126s] -- Configuring done
[5.330s] -- Generating done
[5.391s] -- Build files have been written to: /home/waldo/ros2_ws/src/build/motor_interfaces
[5.501s] [35m[1mConsolidate compiler generated dependencies of target motor_interfaces__rosidl_generator_c[0m
[5.553s] [  2%] Built target motor_interfaces__cpp
[5.577s] [ 12%] Built target motor_interfaces__rosidl_generator_c
[5.629s] [35m[1mConsolidate compiler generated dependencies of target motor_interfaces__rosidl_typesupport_cpp[0m
[5.633s] [ 12%] Built target ament_cmake_python_copy_motor_interfaces
[5.634s] [35m[1mConsolidate compiler generated dependencies of target motor_interfaces__rosidl_typesupport_fastrtps_cpp[0m
[5.653s] [35m[1mConsolidate compiler generated dependencies of target motor_interfaces__rosidl_typesupport_introspection_cpp[0m
[5.710s] [ 23%] Built target motor_interfaces__rosidl_typesupport_cpp
[5.715s] [35m[1mConsolidate compiler generated dependencies of target motor_interfaces__rosidl_typesupport_fastrtps_c[0m
[5.769s] [ 38%] Built target motor_interfaces__rosidl_typesupport_fastrtps_cpp
[5.774s] [ 43%] Built target motor_interfaces__rosidl_typesupport_introspection_cpp
[5.816s] [35m[1mConsolidate compiler generated dependencies of target motor_interfaces__rosidl_typesupport_introspection_c[0m
[5.836s] [35m[1mConsolidate compiler generated dependencies of target motor_interfaces__rosidl_typesupport_c[0m
[5.928s] [ 53%] Built target motor_interfaces__rosidl_typesupport_fastrtps_c
[5.936s] [ 64%] Built target motor_interfaces__rosidl_typesupport_c
[5.959s] [ 74%] Built target motor_interfaces__rosidl_typesupport_introspection_c
[6.069s] [ 74%] Built target motor_interfaces
[6.179s] [ 76%] Built target motor_interfaces__py
[6.234s] [35m[1mConsolidate compiler generated dependencies of target motor_interfaces__rosidl_generator_py[0m
[6.317s] [ 84%] Built target motor_interfaces__rosidl_generator_py
[6.389s] [35m[1mConsolidate compiler generated dependencies of target motor_interfaces__rosidl_typesupport_fastrtps_c__pyext[0m
[6.389s] [35m[1mConsolidate compiler generated dependencies of target motor_interfaces__rosidl_typesupport_introspection_c__pyext[0m
[6.440s] [35m[1mConsolidate compiler generated dependencies of target motor_interfaces__rosidl_typesupport_c__pyext[0m
[6.504s] [ 89%] Built target motor_interfaces__rosidl_typesupport_introspection_c__pyext
[6.513s] [ 94%] Built target motor_interfaces__rosidl_typesupport_fastrtps_c__pyext
[6.535s] [100%] Built target motor_interfaces__rosidl_typesupport_c__pyext
[7.147s] running egg_info
[7.150s] writing motor_interfaces.egg-info/PKG-INFO
[7.151s] writing dependency_links to motor_interfaces.egg-info/dependency_links.txt
[7.152s] writing top-level names to motor_interfaces.egg-info/top_level.txt
[7.164s] reading manifest file 'motor_interfaces.egg-info/SOURCES.txt'
[7.167s] writing manifest file 'motor_interfaces.egg-info/SOURCES.txt'
[7.302s] [100%] Built target ament_cmake_python_build_motor_interfaces_egg
[7.353s] Invoked command in '/home/waldo/ros2_ws/src/build/motor_interfaces' returned '0': CMAKE_PREFIX_PATH=${CMAKE_PREFIX_PATH}:/opt/ros/humble /usr/bin/cmake --build /home/waldo/ros2_ws/src/build/motor_interfaces -- -j4 -l4
[7.397s] Invoking command in '/home/waldo/ros2_ws/src/build/motor_interfaces': CMAKE_PREFIX_PATH=${CMAKE_PREFIX_PATH}:/opt/ros/humble /usr/bin/cmake --install /home/waldo/ros2_ws/src/build/motor_interfaces
[7.430s] -- Install configuration: ""
[7.430s] -- Up-to-date: /home/waldo/ros2_ws/src/install/motor_interfaces/share/ament_index/resource_index/rosidl_interfaces/motor_interfaces
[7.431s] -- Up-to-date: /home/waldo/ros2_ws/src/install/motor_interfaces/include/motor_interfaces/motor_interfaces
[7.432s] -- Up-to-date: /home/waldo/ros2_ws/src/install/motor_interfaces/include/motor_interfaces/motor_interfaces/msg
[7.432s] -- Up-to-date: /home/waldo/ros2_ws/src/install/motor_interfaces/include/motor_interfaces/motor_interfaces/msg/rosidl_generator_c__visibility_control.h
[7.433s] -- Up-to-date: /home/waldo/ros2_ws/src/install/motor_interfaces/include/motor_interfaces/motor_interfaces/srv
[7.434s] -- Up-to-date: /home/waldo/ros2_ws/src/install/motor_interfaces/include/motor_interfaces/motor_interfaces/srv/detail
[7.434s] -- Up-to-date: /home/waldo/ros2_ws/src/install/motor_interfaces/include/motor_interfaces/motor_interfaces/srv/detail/wheel_vel__type_support.h
[7.435s] -- Up-to-date: /home/waldo/ros2_ws/src/install/motor_interfaces/include/motor_interfaces/motor_interfaces/srv/detail/arm_pos__functions.h
[7.435s] -- Up-to-date: /home/waldo/ros2_ws/src/install/motor_interfaces/include/motor_interfaces/motor_interfaces/srv/detail/wheel_vel__struct.h
[7.436s] -- Up-to-date: /home/waldo/ros2_ws/src/install/motor_interfaces/include/motor_interfaces/motor_interfaces/srv/detail/arm_pos__struct.h
[7.436s] -- Up-to-date: /home/waldo/ros2_ws/src/install/motor_interfaces/include/motor_interfaces/motor_interfaces/srv/detail/arm_pos__type_support.h
[7.437s] -- Up-to-date: /home/waldo/ros2_ws/src/install/motor_interfaces/include/motor_interfaces/motor_interfaces/srv/detail/wheel_vel__functions.c
[7.437s] -- Up-to-date: /home/waldo/ros2_ws/src/install/motor_interfaces/include/motor_interfaces/motor_interfaces/srv/detail/wheel_vel__functions.h
[7.438s] -- Up-to-date: /home/waldo/ros2_ws/src/install/motor_interfaces/include/motor_interfaces/motor_interfaces/srv/detail/arm_pos__functions.c
[7.438s] -- Up-to-date: /home/waldo/ros2_ws/src/install/motor_interfaces/include/motor_interfaces/motor_interfaces/srv/arm_pos.h
[7.439s] -- Up-to-date: /home/waldo/ros2_ws/src/install/motor_interfaces/include/motor_interfaces/motor_interfaces/srv/wheel_vel.h
[7.439s] -- Up-to-date: /home/waldo/ros2_ws/src/install/motor_interfaces/share/motor_interfaces/environment/library_path.sh
[7.440s] -- Installing: /home/waldo/ros2_ws/src/install/motor_interfaces/share/motor_interfaces/environment/library_path.dsv
[7.440s] -- Up-to-date: /home/waldo/ros2_ws/src/install/motor_interfaces/lib/libmotor_interfaces__rosidl_generator_c.so
[7.442s] -- Up-to-date: /home/waldo/ros2_ws/src/install/motor_interfaces/include/motor_interfaces/motor_interfaces
[7.443s] -- Up-to-date: /home/waldo/ros2_ws/src/install/motor_interfaces/include/motor_interfaces/motor_interfaces/msg
[7.443s] -- Up-to-date: /home/waldo/ros2_ws/src/install/motor_interfaces/include/motor_interfaces/motor_interfaces/msg/rosidl_typesupport_fastrtps_c__visibility_control.h
[7.444s] -- Up-to-date: /home/waldo/ros2_ws/src/install/motor_interfaces/include/motor_interfaces/motor_interfaces/srv
[7.444s] -- Up-to-date: /home/waldo/ros2_ws/src/install/motor_interfaces/include/motor_interfaces/motor_interfaces/srv/detail
[7.445s] -- Up-to-date: /home/waldo/ros2_ws/src/install/motor_interfaces/include/motor_interfaces/motor_interfaces/srv/detail/arm_pos__rosidl_typesupport_fastrtps_c.h
[7.445s] -- Up-to-date: /home/waldo/ros2_ws/src/install/motor_interfaces/include/motor_interfaces/motor_interfaces/srv/detail/wheel_vel__rosidl_typesupport_fastrtps_c.h
[7.446s] -- Up-to-date: /home/waldo/ros2_ws/src/install/motor_interfaces/lib/libmotor_interfaces__rosidl_typesupport_fastrtps_c.so
[7.448s] -- Up-to-date: /home/waldo/ros2_ws/src/install/motor_interfaces/include/motor_interfaces/motor_interfaces
[7.448s] -- Up-to-date: /home/waldo/ros2_ws/src/install/motor_interfaces/include/motor_interfaces/motor_interfaces/msg
[7.449s] -- Up-to-date: /home/waldo/ros2_ws/src/install/motor_interfaces/include/motor_interfaces/motor_interfaces/msg/rosidl_typesupport_introspection_c__visibility_control.h
[7.449s] -- Up-to-date: /home/waldo/ros2_ws/src/install/motor_interfaces/include/motor_interfaces/motor_interfaces/srv
[7.450s] -- Up-to-date: /home/waldo/ros2_ws/src/install/motor_interfaces/include/motor_interfaces/motor_interfaces/srv/detail
[7.450s] -- Up-to-date: /home/waldo/ros2_ws/src/install/motor_interfaces/include/motor_interfaces/motor_interfaces/srv/detail/arm_pos__rosidl_typesupport_introspection_c.h
[7.451s] -- Up-to-date: /home/waldo/ros2_ws/src/install/motor_interfaces/include/motor_interfaces/motor_interfaces/srv/detail/arm_pos__type_support.c
[7.451s] -- Up-to-date: /home/waldo/ros2_ws/src/install/motor_interfaces/include/motor_interfaces/motor_interfaces/srv/detail/wheel_vel__rosidl_typesupport_introspection_c.h
[7.452s] -- Up-to-date: /home/waldo/ros2_ws/src/install/motor_interfaces/include/motor_interfaces/motor_interfaces/srv/detail/wheel_vel__type_support.c
[7.452s] -- Up-to-date: /home/waldo/ros2_ws/src/install/motor_interfaces/lib/libmotor_interfaces__rosidl_typesupport_introspection_c.so
[7.455s] -- Up-to-date: /home/waldo/ros2_ws/src/install/motor_interfaces/lib/libmotor_interfaces__rosidl_typesupport_c.so
[7.456s] -- Up-to-date: /home/waldo/ros2_ws/src/install/motor_interfaces/include/motor_interfaces/motor_interfaces
[7.457s] -- Up-to-date: /home/waldo/ros2_ws/src/install/motor_interfaces/include/motor_interfaces/motor_interfaces/srv
[7.457s] -- Up-to-date: /home/waldo/ros2_ws/src/install/motor_interfaces/include/motor_interfaces/motor_interfaces/srv/detail
[7.458s] -- Up-to-date: /home/waldo/ros2_ws/src/install/motor_interfaces/include/motor_interfaces/motor_interfaces/srv/detail/wheel_vel__builder.hpp
[7.459s] -- Up-to-date: /home/waldo/ros2_ws/src/install/motor_interfaces/include/motor_interfaces/motor_interfaces/srv/detail/wheel_vel__struct.hpp
[7.460s] -- Up-to-date: /home/waldo/ros2_ws/src/install/motor_interfaces/include/motor_interfaces/motor_interfaces/srv/detail/wheel_vel__traits.hpp
[7.461s] -- Up-to-date: /home/waldo/ros2_ws/src/install/motor_interfaces/include/motor_interfaces/motor_interfaces/srv/detail/arm_pos__struct.hpp
[7.461s] -- Up-to-date: /home/waldo/ros2_ws/src/install/motor_interfaces/include/motor_interfaces/motor_interfaces/srv/detail/arm_pos__builder.hpp
[7.462s] -- Up-to-date: /home/waldo/ros2_ws/src/install/motor_interfaces/include/motor_interfaces/motor_interfaces/srv/detail/arm_pos__traits.hpp
[7.463s] -- Up-to-date: /home/waldo/ros2_ws/src/install/motor_interfaces/include/motor_interfaces/motor_interfaces/srv/arm_pos.hpp
[7.463s] -- Up-to-date: /home/waldo/ros2_ws/src/install/motor_interfaces/include/motor_interfaces/motor_interfaces/srv/wheel_vel.hpp
[7.464s] -- Up-to-date: /home/waldo/ros2_ws/src/install/motor_interfaces/include/motor_interfaces/motor_interfaces
[7.464s] -- Up-to-date: /home/waldo/ros2_ws/src/install/motor_interfaces/include/motor_interfaces/motor_interfaces/msg
[7.465s] -- Up-to-date: /home/waldo/ros2_ws/src/install/motor_interfaces/include/motor_interfaces/motor_interfaces/msg/rosidl_typesupport_fastrtps_cpp__visibility_control.h
[7.466s] -- Up-to-date: /home/waldo/ros2_ws/src/install/motor_interfaces/include/motor_interfaces/motor_interfaces/srv
[7.466s] -- Up-to-date: /home/waldo/ros2_ws/src/install/motor_interfaces/include/motor_interfaces/motor_interfaces/srv/detail
[7.467s] -- Up-to-date: /home/waldo/ros2_ws/src/install/motor_interfaces/include/motor_interfaces/motor_interfaces/srv/detail/dds_fastrtps
[7.468s] -- Up-to-date: /home/waldo/ros2_ws/src/install/motor_interfaces/include/motor_interfaces/motor_interfaces/srv/detail/arm_pos__rosidl_typesupport_fastrtps_cpp.hpp
[7.468s] -- Up-to-date: /home/waldo/ros2_ws/src/install/motor_interfaces/include/motor_interfaces/motor_interfaces/srv/detail/wheel_vel__rosidl_typesupport_fastrtps_cpp.hpp
[7.469s] -- Up-to-date: /home/waldo/ros2_ws/src/install/motor_interfaces/lib/libmotor_interfaces__rosidl_typesupport_fastrtps_cpp.so
[7.470s] -- Up-to-date: /home/waldo/ros2_ws/src/install/motor_interfaces/include/motor_interfaces/motor_interfaces
[7.470s] -- Up-to-date: /home/waldo/ros2_ws/src/install/motor_interfaces/include/motor_interfaces/motor_interfaces/srv
[7.470s] -- Up-to-date: /home/waldo/ros2_ws/src/install/motor_interfaces/include/motor_interfaces/motor_interfaces/srv/detail
[7.471s] -- Up-to-date: /home/waldo/ros2_ws/src/install/motor_interfaces/include/motor_interfaces/motor_interfaces/srv/detail/arm_pos__rosidl_typesupport_introspection_cpp.hpp
[7.471s] -- Up-to-date: /home/waldo/ros2_ws/src/install/motor_interfaces/include/motor_interfaces/motor_interfaces/srv/detail/wheel_vel__rosidl_typesupport_introspection_cpp.hpp
[7.472s] -- Up-to-date: /home/waldo/ros2_ws/src/install/motor_interfaces/include/motor_interfaces/motor_interfaces/srv/detail/arm_pos__type_support.cpp
[7.472s] -- Up-to-date: /home/waldo/ros2_ws/src/install/motor_interfaces/include/motor_interfaces/motor_interfaces/srv/detail/wheel_vel__type_support.cpp
[7.473s] -- Up-to-date: /home/waldo/ros2_ws/src/install/motor_interfaces/lib/libmotor_interfaces__rosidl_typesupport_introspection_cpp.so
[7.474s] -- Up-to-date: /home/waldo/ros2_ws/src/install/motor_interfaces/lib/libmotor_interfaces__rosidl_typesupport_cpp.so
[7.476s] -- Up-to-date: /home/waldo/ros2_ws/src/install/motor_interfaces/share/motor_interfaces/environment/pythonpath.sh
[7.476s] -- Installing: /home/waldo/ros2_ws/src/install/motor_interfaces/share/motor_interfaces/environment/pythonpath.dsv
[7.478s] -- Up-to-date: /home/waldo/ros2_ws/src/install/motor_interfaces/local/lib/python3.10/dist-packages/motor_interfaces-0.0.0-py3.10.egg-info
[7.478s] -- Installing: /home/waldo/ros2_ws/src/install/motor_interfaces/local/lib/python3.10/dist-packages/motor_interfaces-0.0.0-py3.10.egg-info/SOURCES.txt
[7.481s] -- Installing: /home/waldo/ros2_ws/src/install/motor_interfaces/local/lib/python3.10/dist-packages/motor_interfaces-0.0.0-py3.10.egg-info/dependency_links.txt
[7.482s] -- Installing: /home/waldo/ros2_ws/src/install/motor_interfaces/local/lib/python3.10/dist-packages/motor_interfaces-0.0.0-py3.10.egg-info/PKG-INFO
[7.483s] -- Installing: /home/waldo/ros2_ws/src/install/motor_interfaces/local/lib/python3.10/dist-packages/motor_interfaces-0.0.0-py3.10.egg-info/top_level.txt
[7.485s] -- Up-to-date: /home/waldo/ros2_ws/src/install/motor_interfaces/local/lib/python3.10/dist-packages/motor_interfaces
[7.485s] -- Up-to-date: /home/waldo/ros2_ws/src/install/motor_interfaces/local/lib/python3.10/dist-packages/motor_interfaces/motor_interfaces_s__rosidl_typesupport_c.cpython-310-aarch64-linux-gnu.so
[7.486s] -- Up-to-date: /home/waldo/ros2_ws/src/install/motor_interfaces/local/lib/python3.10/dist-packages/motor_interfaces/_motor_interfaces_s.ep.rosidl_typesupport_c.c
[7.486s] -- Up-to-date: /home/waldo/ros2_ws/src/install/motor_interfaces/local/lib/python3.10/dist-packages/motor_interfaces/motor_interfaces_s__rosidl_typesupport_introspection_c.cpython-310-aarch64-linux-gnu.so
[7.487s] -- Up-to-date: /home/waldo/ros2_ws/src/install/motor_interfaces/local/lib/python3.10/dist-packages/motor_interfaces/libmotor_interfaces__rosidl_generator_py.so
[7.488s] -- Up-to-date: /home/waldo/ros2_ws/src/install/motor_interfaces/local/lib/python3.10/dist-packages/motor_interfaces/srv
[7.488s] -- Up-to-date: /home/waldo/ros2_ws/src/install/motor_interfaces/local/lib/python3.10/dist-packages/motor_interfaces/srv/_arm_pos.py
[7.489s] -- Up-to-date: /home/waldo/ros2_ws/src/install/motor_interfaces/local/lib/python3.10/dist-packages/motor_interfaces/srv/__init__.py
[7.489s] -- Up-to-date: /home/waldo/ros2_ws/src/install/motor_interfaces/local/lib/python3.10/dist-packages/motor_interfaces/srv/_arm_pos_s.c
[7.490s] -- Up-to-date: /home/waldo/ros2_ws/src/install/motor_interfaces/local/lib/python3.10/dist-packages/motor_interfaces/srv/_wheel_vel.py
[7.490s] -- Up-to-date: /home/waldo/ros2_ws/src/install/motor_interfaces/local/lib/python3.10/dist-packages/motor_interfaces/srv/_wheel_vel_s.c
[7.491s] -- Up-to-date: /home/waldo/ros2_ws/src/install/motor_interfaces/local/lib/python3.10/dist-packages/motor_interfaces/motor_interfaces_s__rosidl_typesupport_fastrtps_c.cpython-310-aarch64-linux-gnu.so
[7.491s] -- Installing: /home/waldo/ros2_ws/src/install/motor_interfaces/local/lib/python3.10/dist-packages/motor_interfaces/__init__.py
[7.492s] -- Up-to-date: /home/waldo/ros2_ws/src/install/motor_interfaces/local/lib/python3.10/dist-packages/motor_interfaces/_motor_interfaces_s.ep.rosidl_typesupport_fastrtps_c.c
[7.492s] -- Up-to-date: /home/waldo/ros2_ws/src/install/motor_interfaces/local/lib/python3.10/dist-packages/motor_interfaces/_motor_interfaces_s.ep.rosidl_typesupport_introspection_c.c
[7.658s] Listing '/home/waldo/ros2_ws/src/install/motor_interfaces/local/lib/python3.10/dist-packages/motor_interfaces'...
[7.660s] Compiling '/home/waldo/ros2_ws/src/install/motor_interfaces/local/lib/python3.10/dist-packages/motor_interfaces/__init__.py'...
[7.662s] Listing '/home/waldo/ros2_ws/src/install/motor_interfaces/local/lib/python3.10/dist-packages/motor_interfaces/srv'...
[7.688s] -- Up-to-date: /home/waldo/ros2_ws/src/install/motor_interfaces/local/lib/python3.10/dist-packages/motor_interfaces/motor_interfaces_s__rosidl_typesupport_fastrtps_c.cpython-310-aarch64-linux-gnu.so
[7.690s] -- Up-to-date: /home/waldo/ros2_ws/src/install/motor_interfaces/local/lib/python3.10/dist-packages/motor_interfaces/motor_interfaces_s__rosidl_typesupport_introspection_c.cpython-310-aarch64-linux-gnu.so
[7.694s] -- Up-to-date: /home/waldo/ros2_ws/src/install/motor_interfaces/local/lib/python3.10/dist-packages/motor_interfaces/motor_interfaces_s__rosidl_typesupport_c.cpython-310-aarch64-linux-gnu.so
[7.699s] -- Up-to-date: /home/waldo/ros2_ws/src/install/motor_interfaces/lib/libmotor_interfaces__rosidl_generator_py.so
[7.701s] -- Up-to-date: /home/waldo/ros2_ws/src/install/motor_interfaces/share/motor_interfaces/srv/ArmPos.idl
[7.704s] -- Up-to-date: /home/waldo/ros2_ws/src/install/motor_interfaces/share/motor_interfaces/srv/WheelVel.idl
[7.707s] -- Installing: /home/waldo/ros2_ws/src/install/motor_interfaces/share/motor_interfaces/srv/ArmPos.srv
[7.710s] -- Up-to-date: /home/waldo/ros2_ws/src/install/motor_interfaces/share/motor_interfaces/srv/ArmPos_Request.msg
[7.711s] -- Up-to-date: /home/waldo/ros2_ws/src/install/motor_interfaces/share/motor_interfaces/srv/ArmPos_Response.msg
[7.714s] -- Up-to-date: /home/waldo/ros2_ws/src/install/motor_interfaces/share/motor_interfaces/srv/WheelVel.srv
[7.716s] -- Up-to-date: /home/waldo/ros2_ws/src/install/motor_interfaces/share/motor_interfaces/srv/WheelVel_Request.msg
[7.718s] -- Up-to-date: /home/waldo/ros2_ws/src/install/motor_interfaces/share/motor_interfaces/srv/WheelVel_Response.msg
[7.719s] -- Up-to-date: /home/waldo/ros2_ws/src/install/motor_interfaces/share/ament_index/resource_index/package_run_dependencies/motor_interfaces
[7.719s] -- Installing: /home/waldo/ros2_ws/src/install/motor_interfaces/share/ament_index/resource_index/parent_prefix_path/motor_interfaces
[7.720s] -- Up-to-date: /home/waldo/ros2_ws/src/install/motor_interfaces/share/motor_interfaces/environment/ament_prefix_path.sh
[7.724s] -- Installing: /home/waldo/ros2_ws/src/install/motor_interfaces/share/motor_interfaces/environment/ament_prefix_path.dsv
[7.725s] -- Up-to-date: /home/waldo/ros2_ws/src/install/motor_interfaces/share/motor_interfaces/environment/path.sh
[7.729s] -- Installing: /home/waldo/ros2_ws/src/install/motor_interfaces/share/motor_interfaces/environment/path.dsv
[7.729s] -- Up-to-date: /home/waldo/ros2_ws/src/install/motor_interfaces/share/motor_interfaces/local_setup.bash
[7.732s] -- Up-to-date: /home/waldo/ros2_ws/src/install/motor_interfaces/share/motor_interfaces/local_setup.sh
[7.733s] -- Up-to-date: /home/waldo/ros2_ws/src/install/motor_interfaces/share/motor_interfaces/local_setup.zsh
[7.733s] -- Installing: /home/waldo/ros2_ws/src/install/motor_interfaces/share/motor_interfaces/local_setup.dsv
[7.734s] -- Installing: /home/waldo/ros2_ws/src/install/motor_interfaces/share/motor_interfaces/package.dsv
[7.735s] -- Up-to-date: /home/waldo/ros2_ws/src/install/motor_interfaces/share/ament_index/resource_index/packages/motor_interfaces
[7.736s] -- Up-to-date: /home/waldo/ros2_ws/src/install/motor_interfaces/share/motor_interfaces/cmake/export_motor_interfaces__rosidl_generator_cExport.cmake
[7.736s] -- Up-to-date: /home/waldo/ros2_ws/src/install/motor_interfaces/share/motor_interfaces/cmake/export_motor_interfaces__rosidl_generator_cExport-noconfig.cmake
[7.737s] -- Up-to-date: /home/waldo/ros2_ws/src/install/motor_interfaces/share/motor_interfaces/cmake/export_motor_interfaces__rosidl_typesupport_fastrtps_cExport.cmake
[7.738s] -- Up-to-date: /home/waldo/ros2_ws/src/install/motor_interfaces/share/motor_interfaces/cmake/export_motor_interfaces__rosidl_typesupport_fastrtps_cExport-noconfig.cmake
[7.739s] -- Up-to-date: /home/waldo/ros2_ws/src/install/motor_interfaces/share/motor_interfaces/cmake/motor_interfaces__rosidl_typesupport_introspection_cExport.cmake
[7.740s] -- Up-to-date: /home/waldo/ros2_ws/src/install/motor_interfaces/share/motor_interfaces/cmake/motor_interfaces__rosidl_typesupport_introspection_cExport-noconfig.cmake
[7.741s] -- Up-to-date: /home/waldo/ros2_ws/src/install/motor_interfaces/share/motor_interfaces/cmake/motor_interfaces__rosidl_typesupport_cExport.cmake
[7.742s] -- Up-to-date: /home/waldo/ros2_ws/src/install/motor_interfaces/share/motor_interfaces/cmake/motor_interfaces__rosidl_typesupport_cExport-noconfig.cmake
[7.743s] -- Up-to-date: /home/waldo/ros2_ws/src/install/motor_interfaces/share/motor_interfaces/cmake/export_motor_interfaces__rosidl_generator_cppExport.cmake
[7.744s] -- Up-to-date: /home/waldo/ros2_ws/src/install/motor_interfaces/share/motor_interfaces/cmake/export_motor_interfaces__rosidl_typesupport_fastrtps_cppExport.cmake
[7.745s] -- Up-to-date: /home/waldo/ros2_ws/src/install/motor_interfaces/share/motor_interfaces/cmake/export_motor_interfaces__rosidl_typesupport_fastrtps_cppExport-noconfig.cmake
[7.746s] -- Up-to-date: /home/waldo/ros2_ws/src/install/motor_interfaces/share/motor_interfaces/cmake/motor_interfaces__rosidl_typesupport_introspection_cppExport.cmake
[7.747s] -- Up-to-date: /home/waldo/ros2_ws/src/install/motor_interfaces/share/motor_interfaces/cmake/motor_interfaces__rosidl_typesupport_introspection_cppExport-noconfig.cmake
[7.748s] -- Up-to-date: /home/waldo/ros2_ws/src/install/motor_interfaces/share/motor_interfaces/cmake/motor_interfaces__rosidl_typesupport_cppExport.cmake
[7.750s] -- Up-to-date: /home/waldo/ros2_ws/src/install/motor_interfaces/share/motor_interfaces/cmake/motor_interfaces__rosidl_typesupport_cppExport-noconfig.cmake
[7.751s] -- Up-to-date: /home/waldo/ros2_ws/src/install/motor_interfaces/share/motor_interfaces/cmake/export_motor_interfaces__rosidl_generator_pyExport.cmake
[7.752s] -- Up-to-date: /home/waldo/ros2_ws/src/install/motor_interfaces/share/motor_interfaces/cmake/export_motor_interfaces__rosidl_generator_pyExport-noconfig.cmake
[7.752s] -- Up-to-date: /home/waldo/ros2_ws/src/install/motor_interfaces/share/motor_interfaces/cmake/rosidl_cmake-extras.cmake
[7.753s] -- Up-to-date: /home/waldo/ros2_ws/src/install/motor_interfaces/share/motor_interfaces/cmake/ament_cmake_export_include_directories-extras.cmake
[7.753s] -- Up-to-date: /home/waldo/ros2_ws/src/install/motor_interfaces/share/motor_interfaces/cmake/ament_cmake_export_libraries-extras.cmake
[7.754s] -- Up-to-date: /home/waldo/ros2_ws/src/install/motor_interfaces/share/motor_interfaces/cmake/ament_cmake_export_targets-extras.cmake
[7.755s] -- Up-to-date: /home/waldo/ros2_ws/src/install/motor_interfaces/share/motor_interfaces/cmake/rosidl_cmake_export_typesupport_targets-extras.cmake
[7.757s] -- Up-to-date: /home/waldo/ros2_ws/src/install/motor_interfaces/share/motor_interfaces/cmake/ament_cmake_export_dependencies-extras.cmake
[7.759s] -- Up-to-date: /home/waldo/ros2_ws/src/install/motor_interfaces/share/motor_interfaces/cmake/rosidl_cmake_export_typesupport_libraries-extras.cmake
[7.760s] -- Up-to-date: /home/waldo/ros2_ws/src/install/motor_interfaces/share/motor_interfaces/cmake/motor_interfacesConfig.cmake
[7.761s] -- Up-to-date: /home/waldo/ros2_ws/src/install/motor_interfaces/share/motor_interfaces/cmake/motor_interfacesConfig-version.cmake
[7.762s] -- Up-to-date: /home/waldo/ros2_ws/src/install/motor_interfaces/share/motor_interfaces/package.xml
[7.763s] Invoked command in '/home/waldo/ros2_ws/src/build/motor_interfaces' returned '0': CMAKE_PREFIX_PATH=${CMAKE_PREFIX_PATH}:/opt/ros/humble /usr/bin/cmake --install /home/waldo/ros2_ws/src/build/motor_interfaces
