[0.870s] DEBUG:colcon:Command line arguments: ['/home/waldo/.local/bin/colcon', 'build']
[0.871s] DEBUG:colcon:Parsed command line arguments: Namespace(log_base=None, log_level=None, verb_name='build', build_base='build', install_base='install', merge_install=False, symlink_install=False, test_result_base=None, continue_on_error=False, executor='parallel', parallel_workers=4, event_handlers=None, ignore_user_meta=False, metas=['./colcon.meta'], base_paths=['.'], packages_ignore=None, packages_ignore_regex=None, paths=None, packages_up_to=None, packages_up_to_regex=None, packages_above=None, packages_above_and_dependencies=None, packages_above_depth=None, packages_select_by_dep=None, packages_skip_by_dep=None, packages_skip_up_to=None, packages_select_build_failed=False, packages_skip_build_finished=False, packages_select_test_failures=False, packages_skip_test_passed=False, packages_select=None, packages_skip=None, packages_select_regex=None, packages_skip_regex=None, packages_start=None, packages_end=None, cmake_args=None, cmake_target=None, cmake_target_skip_unavailable=False, cmake_clean_cache=False, cmake_clean_first=False, cmake_force_configure=False, ament_cmake_args=None, catkin_cmake_args=None, catkin_skip_building_tests=False, verb_parser=<colcon_defaults.argument_parser.defaults.DefaultArgumentsDecorator object at 0xffff8b56d780>, verb_extension=<colcon_core.verb.build.BuildVerb object at 0xffff8b79e470>, main=<bound method BuildVerb.main of <colcon_core.verb.build.BuildVerb object at 0xffff8b79e470>>)
[1.648s] Level 1:colcon.colcon_core.package_discovery:discover_packages(colcon_meta) check parameters
[1.648s] Level 1:colcon.colcon_core.package_discovery:discover_packages(recursive) check parameters
[1.649s] Level 1:colcon.colcon_core.package_discovery:discover_packages(ignore) check parameters
[1.649s] Level 1:colcon.colcon_core.package_discovery:discover_packages(path) check parameters
[1.649s] Level 1:colcon.colcon_core.package_discovery:discover_packages(colcon_meta) discover
[1.649s] Level 1:colcon.colcon_core.package_discovery:discover_packages(recursive) discover
[1.649s] INFO:colcon.colcon_core.package_discovery:Crawling recursively for packages in '/home/waldo/ros2_ws/src'
[1.650s] Level 1:colcon.colcon_core.package_identification:_identify(.) by extensions ['ignore', 'ignore_ament_install']
[1.650s] Level 1:colcon.colcon_core.package_identification:_identify(.) by extension 'ignore'
[1.650s] Level 1:colcon.colcon_core.package_identification:_identify(.) by extension 'ignore_ament_install'
[1.651s] Level 1:colcon.colcon_core.package_identification:_identify(.) by extensions ['colcon_pkg']
[1.651s] Level 1:colcon.colcon_core.package_identification:_identify(.) by extension 'colcon_pkg'
[1.651s] Level 1:colcon.colcon_core.package_identification:_identify(.) by extensions ['colcon_meta']
[1.651s] Level 1:colcon.colcon_core.package_identification:_identify(.) by extension 'colcon_meta'
[1.652s] Level 1:colcon.colcon_core.package_identification:_identify(.) by extensions ['ros']
[1.652s] Level 1:colcon.colcon_core.package_identification:_identify(.) by extension 'ros'
[1.720s] Level 1:colcon.colcon_core.package_identification:_identify(.) by extensions ['cmake', 'python']
[1.720s] Level 1:colcon.colcon_core.package_identification:_identify(.) by extension 'cmake'
[1.720s] Level 1:colcon.colcon_core.package_identification:_identify(.) by extension 'python'
[1.720s] Level 1:colcon.colcon_core.package_identification:_identify(.) by extensions ['python_setup_py']
[1.721s] Level 1:colcon.colcon_core.package_identification:_identify(.) by extension 'python_setup_py'
[1.721s] Level 1:colcon.colcon_core.package_identification:_identify(build) by extensions ['ignore', 'ignore_ament_install']
[1.722s] Level 1:colcon.colcon_core.package_identification:_identify(build) by extension 'ignore'
[1.722s] Level 1:colcon.colcon_core.package_identification:_identify(build) ignored
[1.723s] Level 1:colcon.colcon_core.package_identification:_identify(install) by extensions ['ignore', 'ignore_ament_install']
[1.723s] Level 1:colcon.colcon_core.package_identification:_identify(install) by extension 'ignore'
[1.723s] Level 1:colcon.colcon_core.package_identification:_identify(install) ignored
[1.724s] Level 1:colcon.colcon_core.package_identification:_identify(log) by extensions ['ignore', 'ignore_ament_install']
[1.724s] Level 1:colcon.colcon_core.package_identification:_identify(log) by extension 'ignore'
[1.724s] Level 1:colcon.colcon_core.package_identification:_identify(log) ignored
[1.725s] Level 1:colcon.colcon_core.package_identification:_identify(motor_interfaces) by extensions ['ignore', 'ignore_ament_install']
[1.725s] Level 1:colcon.colcon_core.package_identification:_identify(motor_interfaces) by extension 'ignore'
[1.725s] Level 1:colcon.colcon_core.package_identification:_identify(motor_interfaces) by extension 'ignore_ament_install'
[1.726s] Level 1:colcon.colcon_core.package_identification:_identify(motor_interfaces) by extensions ['colcon_pkg']
[1.726s] Level 1:colcon.colcon_core.package_identification:_identify(motor_interfaces) by extension 'colcon_pkg'
[1.726s] Level 1:colcon.colcon_core.package_identification:_identify(motor_interfaces) by extensions ['colcon_meta']
[1.726s] Level 1:colcon.colcon_core.package_identification:_identify(motor_interfaces) by extension 'colcon_meta'
[1.726s] Level 1:colcon.colcon_core.package_identification:_identify(motor_interfaces) by extensions ['ros']
[1.727s] Level 1:colcon.colcon_core.package_identification:_identify(motor_interfaces) by extension 'ros'
[1.739s] DEBUG:colcon.colcon_core.package_identification:Package 'motor_interfaces' with type 'ros.ament_cmake' and name 'motor_interfaces'
[1.740s] Level 1:colcon.colcon_core.package_identification:_identify(motors) by extensions ['ignore', 'ignore_ament_install']
[1.741s] Level 1:colcon.colcon_core.package_identification:_identify(motors) by extension 'ignore'
[1.741s] Level 1:colcon.colcon_core.package_identification:_identify(motors) by extension 'ignore_ament_install'
[1.742s] Level 1:colcon.colcon_core.package_identification:_identify(motors) by extensions ['colcon_pkg']
[1.742s] Level 1:colcon.colcon_core.package_identification:_identify(motors) by extension 'colcon_pkg'
[1.742s] Level 1:colcon.colcon_core.package_identification:_identify(motors) by extensions ['colcon_meta']
[1.742s] Level 1:colcon.colcon_core.package_identification:_identify(motors) by extension 'colcon_meta'
[1.742s] Level 1:colcon.colcon_core.package_identification:_identify(motors) by extensions ['ros']
[1.743s] Level 1:colcon.colcon_core.package_identification:_identify(motors) by extension 'ros'
[1.745s] DEBUG:colcon.colcon_core.package_identification:Package 'motors' with type 'ros.ament_python' and name 'motors'
[1.746s] Level 1:colcon.colcon_core.package_discovery:discover_packages(recursive) using defaults
[1.746s] Level 1:colcon.colcon_core.package_discovery:discover_packages(ignore) discover
[1.746s] Level 1:colcon.colcon_core.package_discovery:discover_packages(ignore) using defaults
[1.746s] Level 1:colcon.colcon_core.package_discovery:discover_packages(path) discover
[1.746s] Level 1:colcon.colcon_core.package_discovery:discover_packages(path) using defaults
[1.850s] Level 5:colcon.colcon_core.verb:set package 'motor_interfaces' build argument 'cmake_args' from command line to 'None'
[1.850s] Level 5:colcon.colcon_core.verb:set package 'motor_interfaces' build argument 'cmake_target' from command line to 'None'
[1.850s] Level 5:colcon.colcon_core.verb:set package 'motor_interfaces' build argument 'cmake_target_skip_unavailable' from command line to 'False'
[1.850s] Level 5:colcon.colcon_core.verb:set package 'motor_interfaces' build argument 'cmake_clean_cache' from command line to 'False'
[1.850s] Level 5:colcon.colcon_core.verb:set package 'motor_interfaces' build argument 'cmake_clean_first' from command line to 'False'
[1.850s] Level 5:colcon.colcon_core.verb:set package 'motor_interfaces' build argument 'cmake_force_configure' from command line to 'False'
[1.851s] Level 5:colcon.colcon_core.verb:set package 'motor_interfaces' build argument 'ament_cmake_args' from command line to 'None'
[1.851s] Level 5:colcon.colcon_core.verb:set package 'motor_interfaces' build argument 'catkin_cmake_args' from command line to 'None'
[1.851s] Level 5:colcon.colcon_core.verb:set package 'motor_interfaces' build argument 'catkin_skip_building_tests' from command line to 'False'
[1.851s] DEBUG:colcon.colcon_core.verb:Building package 'motor_interfaces' with the following arguments: {'ament_cmake_args': None, 'build_base': '/home/waldo/ros2_ws/src/build/motor_interfaces', 'catkin_cmake_args': None, 'catkin_skip_building_tests': False, 'cmake_args': None, 'cmake_clean_cache': False, 'cmake_clean_first': False, 'cmake_force_configure': False, 'cmake_target': None, 'cmake_target_skip_unavailable': False, 'install_base': '/home/waldo/ros2_ws/src/install/motor_interfaces', 'merge_install': False, 'path': '/home/waldo/ros2_ws/src/motor_interfaces', 'symlink_install': False, 'test_result_base': None}
[1.853s] Level 5:colcon.colcon_core.verb:set package 'motors' build argument 'cmake_args' from command line to 'None'
[1.853s] Level 5:colcon.colcon_core.verb:set package 'motors' build argument 'cmake_target' from command line to 'None'
[1.853s] Level 5:colcon.colcon_core.verb:set package 'motors' build argument 'cmake_target_skip_unavailable' from command line to 'False'
[1.853s] Level 5:colcon.colcon_core.verb:set package 'motors' build argument 'cmake_clean_cache' from command line to 'False'
[1.854s] Level 5:colcon.colcon_core.verb:set package 'motors' build argument 'cmake_clean_first' from command line to 'False'
[1.854s] Level 5:colcon.colcon_core.verb:set package 'motors' build argument 'cmake_force_configure' from command line to 'False'
[1.854s] Level 5:colcon.colcon_core.verb:set package 'motors' build argument 'ament_cmake_args' from command line to 'None'
[1.854s] Level 5:colcon.colcon_core.verb:set package 'motors' build argument 'catkin_cmake_args' from command line to 'None'
[1.854s] Level 5:colcon.colcon_core.verb:set package 'motors' build argument 'catkin_skip_building_tests' from command line to 'False'
[1.854s] DEBUG:colcon.colcon_core.verb:Building package 'motors' with the following arguments: {'ament_cmake_args': None, 'build_base': '/home/waldo/ros2_ws/src/build/motors', 'catkin_cmake_args': None, 'catkin_skip_building_tests': False, 'cmake_args': None, 'cmake_clean_cache': False, 'cmake_clean_first': False, 'cmake_force_configure': False, 'cmake_target': None, 'cmake_target_skip_unavailable': False, 'install_base': '/home/waldo/ros2_ws/src/install/motors', 'merge_install': False, 'path': '/home/waldo/ros2_ws/src/motors', 'symlink_install': False, 'test_result_base': None}
[1.855s] INFO:colcon.colcon_core.executor:Executing jobs using 'parallel' executor
[1.859s] DEBUG:colcon.colcon_parallel_executor.executor.parallel:run_until_complete
[1.860s] INFO:colcon.colcon_ros.task.ament_cmake.build:Building ROS package in '/home/waldo/ros2_ws/src/motor_interfaces' with build type 'ament_cmake'
[1.861s] INFO:colcon.colcon_cmake.task.cmake.build:Building CMake package in '/home/waldo/ros2_ws/src/motor_interfaces'
[1.883s] INFO:colcon.colcon_core.plugin_system:Skipping extension 'colcon_core.shell.bat': Not used on non-Windows systems
[1.883s] INFO:colcon.colcon_core.shell:Skip shell extension 'powershell' for command environment: Not usable outside of PowerShell
[1.884s] DEBUG:colcon.colcon_core.shell:Skip shell extension 'dsv' for command environment
[1.927s] DEBUG:colcon.colcon_core.event_handler.log_command:Invoking command in '/home/waldo/ros2_ws/src/build/motor_interfaces': CMAKE_PREFIX_PATH=/opt/ros/humble /usr/bin/cmake /home/waldo/ros2_ws/src/motor_interfaces -DCMAKE_INSTALL_PREFIX=/home/waldo/ros2_ws/src/install/motor_interfaces
[11.324s] DEBUG:colcon.colcon_core.event_handler.log_command:Invoked command in '/home/waldo/ros2_ws/src/build/motor_interfaces' returned '0': CMAKE_PREFIX_PATH=/opt/ros/humble /usr/bin/cmake /home/waldo/ros2_ws/src/motor_interfaces -DCMAKE_INSTALL_PREFIX=/home/waldo/ros2_ws/src/install/motor_interfaces
[11.335s] DEBUG:colcon.colcon_core.event_handler.log_command:Invoking command in '/home/waldo/ros2_ws/src/build/motor_interfaces': CMAKE_PREFIX_PATH=/opt/ros/humble /usr/bin/cmake --build /home/waldo/ros2_ws/src/build/motor_interfaces -- -j4 -l4
[24.884s] DEBUG:colcon.colcon_core.event_handler.log_command:Invoked command in '/home/waldo/ros2_ws/src/build/motor_interfaces' returned '0': CMAKE_PREFIX_PATH=/opt/ros/humble /usr/bin/cmake --build /home/waldo/ros2_ws/src/build/motor_interfaces -- -j4 -l4
[24.927s] DEBUG:colcon.colcon_core.event_handler.log_command:Invoking command in '/home/waldo/ros2_ws/src/build/motor_interfaces': CMAKE_PREFIX_PATH=/opt/ros/humble /usr/bin/cmake --install /home/waldo/ros2_ws/src/build/motor_interfaces
[25.367s] Level 1:colcon.colcon_core.environment:create_environment_scripts_only(motor_interfaces)
[25.369s] DEBUG:colcon.colcon_core.event_handler.log_command:Invoked command in '/home/waldo/ros2_ws/src/build/motor_interfaces' returned '0': CMAKE_PREFIX_PATH=/opt/ros/humble /usr/bin/cmake --install /home/waldo/ros2_ws/src/build/motor_interfaces
[25.394s] Level 1:colcon.colcon_core.environment:checking '/home/waldo/ros2_ws/src/install/motor_interfaces' for CMake module files
[25.399s] Level 1:colcon.colcon_core.environment:checking '/home/waldo/ros2_ws/src/install/motor_interfaces' for CMake config files
[25.404s] Level 1:colcon.colcon_core.shell:create_environment_hook('motor_interfaces', 'cmake_prefix_path')
[25.405s] INFO:colcon.colcon_core.shell:Creating environment hook '/home/waldo/ros2_ws/src/install/motor_interfaces/share/motor_interfaces/hook/cmake_prefix_path.ps1'
[25.409s] INFO:colcon.colcon_core.shell:Creating environment descriptor '/home/waldo/ros2_ws/src/install/motor_interfaces/share/motor_interfaces/hook/cmake_prefix_path.dsv'
[25.412s] INFO:colcon.colcon_core.shell:Creating environment hook '/home/waldo/ros2_ws/src/install/motor_interfaces/share/motor_interfaces/hook/cmake_prefix_path.sh'
[25.417s] Level 1:colcon.colcon_core.environment:checking '/home/waldo/ros2_ws/src/install/motor_interfaces/lib'
[25.418s] Level 1:colcon.colcon_core.shell:create_environment_hook('motor_interfaces', 'ld_library_path_lib')
[25.419s] INFO:colcon.colcon_core.shell:Creating environment hook '/home/waldo/ros2_ws/src/install/motor_interfaces/share/motor_interfaces/hook/ld_library_path_lib.ps1'
[25.421s] INFO:colcon.colcon_core.shell:Creating environment descriptor '/home/waldo/ros2_ws/src/install/motor_interfaces/share/motor_interfaces/hook/ld_library_path_lib.dsv'
[25.423s] INFO:colcon.colcon_core.shell:Creating environment hook '/home/waldo/ros2_ws/src/install/motor_interfaces/share/motor_interfaces/hook/ld_library_path_lib.sh'
[25.425s] Level 1:colcon.colcon_core.environment:checking '/home/waldo/ros2_ws/src/install/motor_interfaces/bin'
[25.425s] Level 1:colcon.colcon_core.environment:checking '/home/waldo/ros2_ws/src/install/motor_interfaces/lib/pkgconfig/motor_interfaces.pc'
[25.433s] Level 1:colcon.colcon_core.environment:checking '/home/waldo/ros2_ws/src/install/motor_interfaces/lib/python3.10/site-packages'
[25.435s] Level 1:colcon.colcon_core.environment:checking '/home/waldo/ros2_ws/src/install/motor_interfaces/bin'
[25.436s] INFO:colcon.colcon_core.shell:Creating package script '/home/waldo/ros2_ws/src/install/motor_interfaces/share/motor_interfaces/package.ps1'
[25.441s] INFO:colcon.colcon_core.shell:Creating package descriptor '/home/waldo/ros2_ws/src/install/motor_interfaces/share/motor_interfaces/package.dsv'
[25.445s] INFO:colcon.colcon_core.shell:Creating package script '/home/waldo/ros2_ws/src/install/motor_interfaces/share/motor_interfaces/package.sh'
[25.450s] INFO:colcon.colcon_core.shell:Creating package script '/home/waldo/ros2_ws/src/install/motor_interfaces/share/motor_interfaces/package.bash'
[25.455s] INFO:colcon.colcon_core.shell:Creating package script '/home/waldo/ros2_ws/src/install/motor_interfaces/share/motor_interfaces/package.zsh'
[25.460s] Level 1:colcon.colcon_core.environment:create_file_with_runtime_dependencies(/home/waldo/ros2_ws/src/install/motor_interfaces/share/colcon-core/packages/motor_interfaces)
[25.464s] Level 1:colcon.colcon_core.environment:create_environment_scripts_only(motor_interfaces)
[25.465s] Level 1:colcon.colcon_core.environment:checking '/home/waldo/ros2_ws/src/install/motor_interfaces' for CMake module files
[25.470s] Level 1:colcon.colcon_core.environment:checking '/home/waldo/ros2_ws/src/install/motor_interfaces' for CMake config files
[25.475s] Level 1:colcon.colcon_core.shell:create_environment_hook('motor_interfaces', 'cmake_prefix_path')
[25.476s] INFO:colcon.colcon_core.shell:Creating environment hook '/home/waldo/ros2_ws/src/install/motor_interfaces/share/motor_interfaces/hook/cmake_prefix_path.ps1'
[25.478s] INFO:colcon.colcon_core.shell:Creating environment descriptor '/home/waldo/ros2_ws/src/install/motor_interfaces/share/motor_interfaces/hook/cmake_prefix_path.dsv'
[25.481s] INFO:colcon.colcon_core.shell:Creating environment hook '/home/waldo/ros2_ws/src/install/motor_interfaces/share/motor_interfaces/hook/cmake_prefix_path.sh'
[25.484s] Level 1:colcon.colcon_core.environment:checking '/home/waldo/ros2_ws/src/install/motor_interfaces/lib'
[25.484s] Level 1:colcon.colcon_core.shell:create_environment_hook('motor_interfaces', 'ld_library_path_lib')
[25.485s] INFO:colcon.colcon_core.shell:Creating environment hook '/home/waldo/ros2_ws/src/install/motor_interfaces/share/motor_interfaces/hook/ld_library_path_lib.ps1'
[25.488s] INFO:colcon.colcon_core.shell:Creating environment descriptor '/home/waldo/ros2_ws/src/install/motor_interfaces/share/motor_interfaces/hook/ld_library_path_lib.dsv'
[25.490s] INFO:colcon.colcon_core.shell:Creating environment hook '/home/waldo/ros2_ws/src/install/motor_interfaces/share/motor_interfaces/hook/ld_library_path_lib.sh'
[25.492s] Level 1:colcon.colcon_core.environment:checking '/home/waldo/ros2_ws/src/install/motor_interfaces/bin'
[25.493s] Level 1:colcon.colcon_core.environment:checking '/home/waldo/ros2_ws/src/install/motor_interfaces/lib/pkgconfig/motor_interfaces.pc'
[25.494s] Level 1:colcon.colcon_core.environment:checking '/home/waldo/ros2_ws/src/install/motor_interfaces/lib/python3.10/site-packages'
[25.496s] Level 1:colcon.colcon_core.environment:checking '/home/waldo/ros2_ws/src/install/motor_interfaces/bin'
[25.497s] INFO:colcon.colcon_core.shell:Creating package script '/home/waldo/ros2_ws/src/install/motor_interfaces/share/motor_interfaces/package.ps1'
[25.500s] INFO:colcon.colcon_core.shell:Creating package descriptor '/home/waldo/ros2_ws/src/install/motor_interfaces/share/motor_interfaces/package.dsv'
[25.503s] INFO:colcon.colcon_core.shell:Creating package script '/home/waldo/ros2_ws/src/install/motor_interfaces/share/motor_interfaces/package.sh'
[25.506s] INFO:colcon.colcon_core.shell:Creating package script '/home/waldo/ros2_ws/src/install/motor_interfaces/share/motor_interfaces/package.bash'
[25.508s] INFO:colcon.colcon_core.shell:Creating package script '/home/waldo/ros2_ws/src/install/motor_interfaces/share/motor_interfaces/package.zsh'
[25.511s] Level 1:colcon.colcon_core.environment:create_file_with_runtime_dependencies(/home/waldo/ros2_ws/src/install/motor_interfaces/share/colcon-core/packages/motor_interfaces)
[25.512s] INFO:colcon.colcon_ros.task.ament_python.build:Building ROS package in '/home/waldo/ros2_ws/src/motors' with build type 'ament_python'
[25.513s] Level 1:colcon.colcon_core.shell:create_environment_hook('motors', 'ament_prefix_path')
[25.514s] INFO:colcon.colcon_core.shell:Creating environment hook '/home/waldo/ros2_ws/src/install/motors/share/motors/hook/ament_prefix_path.ps1'
[25.533s] INFO:colcon.colcon_core.shell:Creating environment descriptor '/home/waldo/ros2_ws/src/install/motors/share/motors/hook/ament_prefix_path.dsv'
[25.535s] INFO:colcon.colcon_core.shell:Creating environment hook '/home/waldo/ros2_ws/src/install/motors/share/motors/hook/ament_prefix_path.sh'
[25.538s] INFO:colcon.colcon_core.shell:Skip shell extension 'powershell' for command environment: Not usable outside of PowerShell
[25.538s] DEBUG:colcon.colcon_core.shell:Skip shell extension 'dsv' for command environment
[26.790s] INFO:colcon.colcon_core.task.python.build:Building Python package in '/home/waldo/ros2_ws/src/motors'
[26.791s] INFO:colcon.colcon_core.shell:Skip shell extension 'powershell' for command environment: Not usable outside of PowerShell
[26.792s] DEBUG:colcon.colcon_core.shell:Skip shell extension 'dsv' for command environment
[28.967s] DEBUG:colcon.colcon_core.event_handler.log_command:Invoking command in '/home/waldo/ros2_ws/src/motors': AMENT_PREFIX_PATH=/home/waldo/ros2_ws/src/install/motor_interfaces:${AMENT_PREFIX_PATH} CMAKE_PREFIX_PATH=/home/waldo/ros2_ws/src/install/motor_interfaces LD_LIBRARY_PATH=/home/waldo/ros2_ws/src/install/motor_interfaces/lib:${LD_LIBRARY_PATH} PYTHONPATH=/home/waldo/ros2_ws/src/build/motors/prefix_override:/home/waldo/.local/lib/python3.10/site-packages/colcon_core/task/python/colcon_distutils_commands:/home/waldo/ros2_ws/src/install/motors/lib/python3.10/site-packages:/home/waldo/ros2_ws/src/install/motor_interfaces/local/lib/python3.10/dist-packages:${PYTHONPATH} /usr/bin/python3 -W ignore:setup.py install is deprecated -W ignore:easy_install command is deprecated setup.py egg_info --egg-base ../build/motors build --build-base /home/waldo/ros2_ws/src/build/motors/build install --record /home/waldo/ros2_ws/src/build/motors/install.log --single-version-externally-managed install_data
[30.352s] Level 1:colcon.colcon_core.environment:checking '/home/waldo/ros2_ws/src/install/motors' for CMake module files
[30.354s] DEBUG:colcon.colcon_core.event_handler.log_command:Invoked command in '/home/waldo/ros2_ws/src/motors' returned '0': AMENT_PREFIX_PATH=/home/waldo/ros2_ws/src/install/motor_interfaces:${AMENT_PREFIX_PATH} CMAKE_PREFIX_PATH=/home/waldo/ros2_ws/src/install/motor_interfaces LD_LIBRARY_PATH=/home/waldo/ros2_ws/src/install/motor_interfaces/lib:${LD_LIBRARY_PATH} PYTHONPATH=/home/waldo/ros2_ws/src/build/motors/prefix_override:/home/waldo/.local/lib/python3.10/site-packages/colcon_core/task/python/colcon_distutils_commands:/home/waldo/ros2_ws/src/install/motors/lib/python3.10/site-packages:/home/waldo/ros2_ws/src/install/motor_interfaces/local/lib/python3.10/dist-packages:${PYTHONPATH} /usr/bin/python3 -W ignore:setup.py install is deprecated -W ignore:easy_install command is deprecated setup.py egg_info --egg-base ../build/motors build --build-base /home/waldo/ros2_ws/src/build/motors/build install --record /home/waldo/ros2_ws/src/build/motors/install.log --single-version-externally-managed install_data
[30.356s] Level 1:colcon.colcon_core.environment:checking '/home/waldo/ros2_ws/src/install/motors' for CMake config files
[30.360s] Level 1:colcon.colcon_core.environment:checking '/home/waldo/ros2_ws/src/install/motors/lib'
[30.360s] Level 1:colcon.colcon_core.environment:checking '/home/waldo/ros2_ws/src/install/motors/bin'
[30.361s] Level 1:colcon.colcon_core.environment:checking '/home/waldo/ros2_ws/src/install/motors/lib/pkgconfig/motors.pc'
[30.361s] Level 1:colcon.colcon_core.environment:checking '/home/waldo/ros2_ws/src/install/motors/lib/python3.10/site-packages'
[30.362s] Level 1:colcon.colcon_core.shell:create_environment_hook('motors', 'pythonpath')
[30.363s] INFO:colcon.colcon_core.shell:Creating environment hook '/home/waldo/ros2_ws/src/install/motors/share/motors/hook/pythonpath.ps1'
[30.365s] INFO:colcon.colcon_core.shell:Creating environment descriptor '/home/waldo/ros2_ws/src/install/motors/share/motors/hook/pythonpath.dsv'
[30.367s] INFO:colcon.colcon_core.shell:Creating environment hook '/home/waldo/ros2_ws/src/install/motors/share/motors/hook/pythonpath.sh'
[30.371s] Level 1:colcon.colcon_core.environment:checking '/home/waldo/ros2_ws/src/install/motors/bin'
[30.371s] Level 1:colcon.colcon_core.environment:create_environment_scripts_only(motors)
[30.372s] INFO:colcon.colcon_core.shell:Creating package script '/home/waldo/ros2_ws/src/install/motors/share/motors/package.ps1'
[30.375s] INFO:colcon.colcon_core.shell:Creating package descriptor '/home/waldo/ros2_ws/src/install/motors/share/motors/package.dsv'
[30.377s] INFO:colcon.colcon_core.shell:Creating package script '/home/waldo/ros2_ws/src/install/motors/share/motors/package.sh'
[30.379s] INFO:colcon.colcon_core.shell:Creating package script '/home/waldo/ros2_ws/src/install/motors/share/motors/package.bash'
[30.382s] INFO:colcon.colcon_core.shell:Creating package script '/home/waldo/ros2_ws/src/install/motors/share/motors/package.zsh'
[30.384s] Level 1:colcon.colcon_core.environment:create_file_with_runtime_dependencies(/home/waldo/ros2_ws/src/install/motors/share/colcon-core/packages/motors)
[30.386s] DEBUG:colcon.colcon_parallel_executor.executor.parallel:closing loop
[30.388s] DEBUG:colcon.colcon_parallel_executor.executor.parallel:loop closed
[30.388s] DEBUG:colcon.colcon_parallel_executor.executor.parallel:run_until_complete finished with '0'
[30.389s] DEBUG:colcon.colcon_core.event_reactor:joining thread
[30.420s] INFO:colcon.colcon_core.plugin_system:Skipping extension 'colcon_notification.desktop_notification.notify_send': Could not find 'notify-send'
[30.420s] INFO:colcon.colcon_core.plugin_system:Skipping extension 'colcon_notification.desktop_notification.terminal_notifier': Not used on non-Darwin systems
[30.421s] INFO:colcon.colcon_core.plugin_system:Skipping extension 'colcon_notification.desktop_notification.win32': Not used on non-Windows systems
[30.421s] INFO:colcon.colcon_notification.desktop_notification:Sending desktop notification using 'notify2'
[30.469s] DEBUG:colcon.colcon_notification.desktop_notification.notify2:Failed to initialize notify2: org.freedesktop.DBus.Error.ServiceUnknown: The name org.freedesktop.Notifications was not provided by any .service files
[30.469s] DEBUG:colcon.colcon_core.event_reactor:joined thread
[30.470s] INFO:colcon.colcon_core.shell:Creating prefix script '/home/waldo/ros2_ws/src/install/local_setup.ps1'
[30.475s] INFO:colcon.colcon_core.shell:Creating prefix util module '/home/waldo/ros2_ws/src/install/_local_setup_util_ps1.py'
[30.484s] INFO:colcon.colcon_core.shell:Creating prefix chain script '/home/waldo/ros2_ws/src/install/setup.ps1'
[30.489s] INFO:colcon.colcon_core.shell:Creating prefix script '/home/waldo/ros2_ws/src/install/local_setup.sh'
[30.493s] INFO:colcon.colcon_core.shell:Creating prefix util module '/home/waldo/ros2_ws/src/install/_local_setup_util_sh.py'
[30.496s] INFO:colcon.colcon_core.shell:Creating prefix chain script '/home/waldo/ros2_ws/src/install/setup.sh'
[30.501s] INFO:colcon.colcon_core.shell:Creating prefix script '/home/waldo/ros2_ws/src/install/local_setup.bash'
[30.505s] INFO:colcon.colcon_core.shell:Creating prefix chain script '/home/waldo/ros2_ws/src/install/setup.bash'
[30.510s] INFO:colcon.colcon_core.shell:Creating prefix script '/home/waldo/ros2_ws/src/install/local_setup.zsh'
[30.513s] INFO:colcon.colcon_core.shell:Creating prefix chain script '/home/waldo/ros2_ws/src/install/setup.zsh'
