[35m[1mConsolidate compiler generated dependencies of target motor_interfaces__rosidl_generator_c[0m
[  3%] Built target motor_interfaces__cpp
[ 12%] Built target motor_interfaces__rosidl_generator_c
[ 12%] Built target ament_cmake_python_copy_motor_interfaces
[35m[1mConsolidate compiler generated dependencies of target motor_interfaces__rosidl_typesupport_introspection_cpp[0m
[35m[1mConsolidate compiler generated dependencies of target motor_interfaces__rosidl_typesupport_cpp[0m
[35m[1mConsolidate compiler generated dependencies of target motor_interfaces__rosidl_typesupport_fastrtps_cpp[0m
[35m[1mConsolidate compiler generated dependencies of target motor_interfaces__rosidl_typesupport_fastrtps_c[0m
[ 22%] Built target motor_interfaces__rosidl_typesupport_introspection_cpp
[ 32%] Built target motor_interfaces__rosidl_typesupport_cpp
[ 41%] Built target motor_interfaces__rosidl_typesupport_fastrtps_cpp
[35m[1mConsolidate compiler generated dependencies of target motor_interfaces__rosidl_typesupport_introspection_c[0m
[ 51%] Built target motor_interfaces__rosidl_typesupport_fastrtps_c
[35m[1mConsolidate compiler generated dependencies of target motor_interfaces__rosidl_typesupport_c[0m
[ 61%] Built target motor_interfaces__rosidl_typesupport_introspection_c
[ 70%] Built target motor_interfaces__rosidl_typesupport_c
[ 70%] Built target motor_interfaces
[ 74%] Built target motor_interfaces__py
[35m[1mConsolidate compiler generated dependencies of target motor_interfaces__rosidl_generator_py[0m
[ 80%] Built target motor_interfaces__rosidl_generator_py
[35m[1mConsolidate compiler generated dependencies of target motor_interfaces__rosidl_typesupport_introspection_c__pyext[0m
[35m[1mConsolidate compiler generated dependencies of target motor_interfaces__rosidl_typesupport_fastrtps_c__pyext[0m
[35m[1mConsolidate compiler generated dependencies of target motor_interfaces__rosidl_typesupport_c__pyext[0m
[ 87%] Built target motor_interfaces__rosidl_typesupport_fastrtps_c__pyext
[ 93%] Built target motor_interfaces__rosidl_typesupport_introspection_c__pyext
[100%] Built target motor_interfaces__rosidl_typesupport_c__pyext
running egg_info
writing motor_interfaces.egg-info/PKG-INFO
writing dependency_links to motor_interfaces.egg-info/dependency_links.txt
writing top-level names to motor_interfaces.egg-info/top_level.txt
reading manifest file 'motor_interfaces.egg-info/SOURCES.txt'
writing manifest file 'motor_interfaces.egg-info/SOURCES.txt'
[100%] Built target ament_cmake_python_build_motor_interfaces_egg
-- Install configuration: ""
-- Up-to-date: /home/waldo/ros2_ws/src/install/motor_interfaces/share/ament_index/resource_index/rosidl_interfaces/motor_interfaces
-- Up-to-date: /home/waldo/ros2_ws/src/install/motor_interfaces/include/motor_interfaces/motor_interfaces
-- Up-to-date: /home/waldo/ros2_ws/src/install/motor_interfaces/include/motor_interfaces/motor_interfaces/msg
-- Up-to-date: /home/waldo/ros2_ws/src/install/motor_interfaces/include/motor_interfaces/motor_interfaces/msg/rosidl_generator_c__visibility_control.h
-- Up-to-date: /home/waldo/ros2_ws/src/install/motor_interfaces/include/motor_interfaces/motor_interfaces/srv
-- Up-to-date: /home/waldo/ros2_ws/src/install/motor_interfaces/include/motor_interfaces/motor_interfaces/srv/detail
-- Up-to-date: /home/waldo/ros2_ws/src/install/motor_interfaces/include/motor_interfaces/motor_interfaces/srv/detail/arm_pos__functions.h
-- Up-to-date: /home/waldo/ros2_ws/src/install/motor_interfaces/include/motor_interfaces/motor_interfaces/srv/detail/arm_pos__struct.h
-- Up-to-date: /home/waldo/ros2_ws/src/install/motor_interfaces/include/motor_interfaces/motor_interfaces/srv/detail/arm_pos__type_support.h
-- Up-to-date: /home/waldo/ros2_ws/src/install/motor_interfaces/include/motor_interfaces/motor_interfaces/srv/detail/arm_pos__functions.c
-- Up-to-date: /home/waldo/ros2_ws/src/install/motor_interfaces/include/motor_interfaces/motor_interfaces/srv/arm_pos.h
-- Up-to-date: /home/waldo/ros2_ws/src/install/motor_interfaces/share/motor_interfaces/environment/library_path.sh
-- Up-to-date: /home/waldo/ros2_ws/src/install/motor_interfaces/share/motor_interfaces/environment/library_path.dsv
-- Up-to-date: /home/waldo/ros2_ws/src/install/motor_interfaces/lib/libmotor_interfaces__rosidl_generator_c.so
-- Up-to-date: /home/waldo/ros2_ws/src/install/motor_interfaces/include/motor_interfaces/motor_interfaces
-- Up-to-date: /home/waldo/ros2_ws/src/install/motor_interfaces/include/motor_interfaces/motor_interfaces/msg
-- Up-to-date: /home/waldo/ros2_ws/src/install/motor_interfaces/include/motor_interfaces/motor_interfaces/msg/rosidl_typesupport_fastrtps_c__visibility_control.h
-- Up-to-date: /home/waldo/ros2_ws/src/install/motor_interfaces/include/motor_interfaces/motor_interfaces/srv
-- Up-to-date: /home/waldo/ros2_ws/src/install/motor_interfaces/include/motor_interfaces/motor_interfaces/srv/detail
-- Up-to-date: /home/waldo/ros2_ws/src/install/motor_interfaces/include/motor_interfaces/motor_interfaces/srv/detail/arm_pos__rosidl_typesupport_fastrtps_c.h
-- Up-to-date: /home/waldo/ros2_ws/src/install/motor_interfaces/lib/libmotor_interfaces__rosidl_typesupport_fastrtps_c.so
-- Up-to-date: /home/waldo/ros2_ws/src/install/motor_interfaces/include/motor_interfaces/motor_interfaces
-- Up-to-date: /home/waldo/ros2_ws/src/install/motor_interfaces/include/motor_interfaces/motor_interfaces/msg
-- Up-to-date: /home/waldo/ros2_ws/src/install/motor_interfaces/include/motor_interfaces/motor_interfaces/msg/rosidl_typesupport_introspection_c__visibility_control.h
-- Up-to-date: /home/waldo/ros2_ws/src/install/motor_interfaces/include/motor_interfaces/motor_interfaces/srv
-- Up-to-date: /home/waldo/ros2_ws/src/install/motor_interfaces/include/motor_interfaces/motor_interfaces/srv/detail
-- Up-to-date: /home/waldo/ros2_ws/src/install/motor_interfaces/include/motor_interfaces/motor_interfaces/srv/detail/arm_pos__rosidl_typesupport_introspection_c.h
-- Up-to-date: /home/waldo/ros2_ws/src/install/motor_interfaces/include/motor_interfaces/motor_interfaces/srv/detail/arm_pos__type_support.c
-- Up-to-date: /home/waldo/ros2_ws/src/install/motor_interfaces/lib/libmotor_interfaces__rosidl_typesupport_introspection_c.so
-- Up-to-date: /home/waldo/ros2_ws/src/install/motor_interfaces/lib/libmotor_interfaces__rosidl_typesupport_c.so
-- Up-to-date: /home/waldo/ros2_ws/src/install/motor_interfaces/include/motor_interfaces/motor_interfaces
-- Up-to-date: /home/waldo/ros2_ws/src/install/motor_interfaces/include/motor_interfaces/motor_interfaces/srv
-- Up-to-date: /home/waldo/ros2_ws/src/install/motor_interfaces/include/motor_interfaces/motor_interfaces/srv/detail
-- Up-to-date: /home/waldo/ros2_ws/src/install/motor_interfaces/include/motor_interfaces/motor_interfaces/srv/detail/arm_pos__struct.hpp
-- Up-to-date: /home/waldo/ros2_ws/src/install/motor_interfaces/include/motor_interfaces/motor_interfaces/srv/detail/arm_pos__builder.hpp
-- Up-to-date: /home/waldo/ros2_ws/src/install/motor_interfaces/include/motor_interfaces/motor_interfaces/srv/detail/arm_pos__traits.hpp
-- Up-to-date: /home/waldo/ros2_ws/src/install/motor_interfaces/include/motor_interfaces/motor_interfaces/srv/arm_pos.hpp
-- Up-to-date: /home/waldo/ros2_ws/src/install/motor_interfaces/include/motor_interfaces/motor_interfaces
-- Up-to-date: /home/waldo/ros2_ws/src/install/motor_interfaces/include/motor_interfaces/motor_interfaces/msg
-- Up-to-date: /home/waldo/ros2_ws/src/install/motor_interfaces/include/motor_interfaces/motor_interfaces/msg/rosidl_typesupport_fastrtps_cpp__visibility_control.h
-- Up-to-date: /home/waldo/ros2_ws/src/install/motor_interfaces/include/motor_interfaces/motor_interfaces/srv
-- Up-to-date: /home/waldo/ros2_ws/src/install/motor_interfaces/include/motor_interfaces/motor_interfaces/srv/detail
-- Up-to-date: /home/waldo/ros2_ws/src/install/motor_interfaces/include/motor_interfaces/motor_interfaces/srv/detail/dds_fastrtps
-- Up-to-date: /home/waldo/ros2_ws/src/install/motor_interfaces/include/motor_interfaces/motor_interfaces/srv/detail/arm_pos__rosidl_typesupport_fastrtps_cpp.hpp
-- Up-to-date: /home/waldo/ros2_ws/src/install/motor_interfaces/lib/libmotor_interfaces__rosidl_typesupport_fastrtps_cpp.so
-- Up-to-date: /home/waldo/ros2_ws/src/install/motor_interfaces/include/motor_interfaces/motor_interfaces
-- Up-to-date: /home/waldo/ros2_ws/src/install/motor_interfaces/include/motor_interfaces/motor_interfaces/srv
-- Up-to-date: /home/waldo/ros2_ws/src/install/motor_interfaces/include/motor_interfaces/motor_interfaces/srv/detail
-- Up-to-date: /home/waldo/ros2_ws/src/install/motor_interfaces/include/motor_interfaces/motor_interfaces/srv/detail/arm_pos__rosidl_typesupport_introspection_cpp.hpp
-- Up-to-date: /home/waldo/ros2_ws/src/install/motor_interfaces/include/motor_interfaces/motor_interfaces/srv/detail/arm_pos__type_support.cpp
-- Up-to-date: /home/waldo/ros2_ws/src/install/motor_interfaces/lib/libmotor_interfaces__rosidl_typesupport_introspection_cpp.so
-- Up-to-date: /home/waldo/ros2_ws/src/install/motor_interfaces/lib/libmotor_interfaces__rosidl_typesupport_cpp.so
-- Up-to-date: /home/waldo/ros2_ws/src/install/motor_interfaces/share/motor_interfaces/environment/pythonpath.sh
-- Up-to-date: /home/waldo/ros2_ws/src/install/motor_interfaces/share/motor_interfaces/environment/pythonpath.dsv
-- Up-to-date: /home/waldo/ros2_ws/src/install/motor_interfaces/local/lib/python3.10/dist-packages/motor_interfaces-0.0.0-py3.10.egg-info
-- Installing: /home/waldo/ros2_ws/src/install/motor_interfaces/local/lib/python3.10/dist-packages/motor_interfaces-0.0.0-py3.10.egg-info/SOURCES.txt
-- Installing: /home/waldo/ros2_ws/src/install/motor_interfaces/local/lib/python3.10/dist-packages/motor_interfaces-0.0.0-py3.10.egg-info/dependency_links.txt
-- Installing: /home/waldo/ros2_ws/src/install/motor_interfaces/local/lib/python3.10/dist-packages/motor_interfaces-0.0.0-py3.10.egg-info/PKG-INFO
-- Installing: /home/waldo/ros2_ws/src/install/motor_interfaces/local/lib/python3.10/dist-packages/motor_interfaces-0.0.0-py3.10.egg-info/top_level.txt
-- Up-to-date: /home/waldo/ros2_ws/src/install/motor_interfaces/local/lib/python3.10/dist-packages/motor_interfaces
-- Up-to-date: /home/waldo/ros2_ws/src/install/motor_interfaces/local/lib/python3.10/dist-packages/motor_interfaces/motor_interfaces_s__rosidl_typesupport_c.cpython-310-aarch64-linux-gnu.so
-- Up-to-date: /home/waldo/ros2_ws/src/install/motor_interfaces/local/lib/python3.10/dist-packages/motor_interfaces/_motor_interfaces_s.ep.rosidl_typesupport_c.c
-- Up-to-date: /home/waldo/ros2_ws/src/install/motor_interfaces/local/lib/python3.10/dist-packages/motor_interfaces/motor_interfaces_s__rosidl_typesupport_introspection_c.cpython-310-aarch64-linux-gnu.so
-- Up-to-date: /home/waldo/ros2_ws/src/install/motor_interfaces/local/lib/python3.10/dist-packages/motor_interfaces/libmotor_interfaces__rosidl_generator_py.so
-- Up-to-date: /home/waldo/ros2_ws/src/install/motor_interfaces/local/lib/python3.10/dist-packages/motor_interfaces/srv
-- Up-to-date: /home/waldo/ros2_ws/src/install/motor_interfaces/local/lib/python3.10/dist-packages/motor_interfaces/srv/_arm_pos.py
-- Up-to-date: /home/waldo/ros2_ws/src/install/motor_interfaces/local/lib/python3.10/dist-packages/motor_interfaces/srv/__init__.py
-- Up-to-date: /home/waldo/ros2_ws/src/install/motor_interfaces/local/lib/python3.10/dist-packages/motor_interfaces/srv/_arm_pos_s.c
-- Up-to-date: /home/waldo/ros2_ws/src/install/motor_interfaces/local/lib/python3.10/dist-packages/motor_interfaces/motor_interfaces_s__rosidl_typesupport_fastrtps_c.cpython-310-aarch64-linux-gnu.so
-- Up-to-date: /home/waldo/ros2_ws/src/install/motor_interfaces/local/lib/python3.10/dist-packages/motor_interfaces/__init__.py
-- Up-to-date: /home/waldo/ros2_ws/src/install/motor_interfaces/local/lib/python3.10/dist-packages/motor_interfaces/_motor_interfaces_s.ep.rosidl_typesupport_fastrtps_c.c
-- Up-to-date: /home/waldo/ros2_ws/src/install/motor_interfaces/local/lib/python3.10/dist-packages/motor_interfaces/_motor_interfaces_s.ep.rosidl_typesupport_introspection_c.c
Listing '/home/waldo/ros2_ws/src/install/motor_interfaces/local/lib/python3.10/dist-packages/motor_interfaces'...
Listing '/home/waldo/ros2_ws/src/install/motor_interfaces/local/lib/python3.10/dist-packages/motor_interfaces/srv'...
-- Up-to-date: /home/waldo/ros2_ws/src/install/motor_interfaces/local/lib/python3.10/dist-packages/motor_interfaces/motor_interfaces_s__rosidl_typesupport_fastrtps_c.cpython-310-aarch64-linux-gnu.so
-- Up-to-date: /home/waldo/ros2_ws/src/install/motor_interfaces/local/lib/python3.10/dist-packages/motor_interfaces/motor_interfaces_s__rosidl_typesupport_introspection_c.cpython-310-aarch64-linux-gnu.so
-- Up-to-date: /home/waldo/ros2_ws/src/install/motor_interfaces/local/lib/python3.10/dist-packages/motor_interfaces/motor_interfaces_s__rosidl_typesupport_c.cpython-310-aarch64-linux-gnu.so
-- Up-to-date: /home/waldo/ros2_ws/src/install/motor_interfaces/lib/libmotor_interfaces__rosidl_generator_py.so
-- Up-to-date: /home/waldo/ros2_ws/src/install/motor_interfaces/share/motor_interfaces/srv/ArmPos.idl
-- Up-to-date: /home/waldo/ros2_ws/src/install/motor_interfaces/share/motor_interfaces/srv/ArmPos.srv
-- Up-to-date: /home/waldo/ros2_ws/src/install/motor_interfaces/share/motor_interfaces/srv/ArmPos_Request.msg
-- Up-to-date: /home/waldo/ros2_ws/src/install/motor_interfaces/share/motor_interfaces/srv/ArmPos_Response.msg
-- Up-to-date: /home/waldo/ros2_ws/src/install/motor_interfaces/share/ament_index/resource_index/package_run_dependencies/motor_interfaces
-- Up-to-date: /home/waldo/ros2_ws/src/install/motor_interfaces/share/ament_index/resource_index/parent_prefix_path/motor_interfaces
-- Up-to-date: /home/waldo/ros2_ws/src/install/motor_interfaces/share/motor_interfaces/environment/ament_prefix_path.sh
-- Up-to-date: /home/waldo/ros2_ws/src/install/motor_interfaces/share/motor_interfaces/environment/ament_prefix_path.dsv
-- Up-to-date: /home/waldo/ros2_ws/src/install/motor_interfaces/share/motor_interfaces/environment/path.sh
-- Up-to-date: /home/waldo/ros2_ws/src/install/motor_interfaces/share/motor_interfaces/environment/path.dsv
-- Up-to-date: /home/waldo/ros2_ws/src/install/motor_interfaces/share/motor_interfaces/local_setup.bash
-- Up-to-date: /home/waldo/ros2_ws/src/install/motor_interfaces/share/motor_interfaces/local_setup.sh
-- Up-to-date: /home/waldo/ros2_ws/src/install/motor_interfaces/share/motor_interfaces/local_setup.zsh
-- Up-to-date: /home/waldo/ros2_ws/src/install/motor_interfaces/share/motor_interfaces/local_setup.dsv
-- Installing: /home/waldo/ros2_ws/src/install/motor_interfaces/share/motor_interfaces/package.dsv
-- Up-to-date: /home/waldo/ros2_ws/src/install/motor_interfaces/share/ament_index/resource_index/packages/motor_interfaces
-- Up-to-date: /home/waldo/ros2_ws/src/install/motor_interfaces/share/motor_interfaces/cmake/export_motor_interfaces__rosidl_generator_cExport.cmake
-- Up-to-date: /home/waldo/ros2_ws/src/install/motor_interfaces/share/motor_interfaces/cmake/export_motor_interfaces__rosidl_generator_cExport-noconfig.cmake
-- Up-to-date: /home/waldo/ros2_ws/src/install/motor_interfaces/share/motor_interfaces/cmake/export_motor_interfaces__rosidl_typesupport_fastrtps_cExport.cmake
-- Up-to-date: /home/waldo/ros2_ws/src/install/motor_interfaces/share/motor_interfaces/cmake/export_motor_interfaces__rosidl_typesupport_fastrtps_cExport-noconfig.cmake
-- Up-to-date: /home/waldo/ros2_ws/src/install/motor_interfaces/share/motor_interfaces/cmake/motor_interfaces__rosidl_typesupport_introspection_cExport.cmake
-- Up-to-date: /home/waldo/ros2_ws/src/install/motor_interfaces/share/motor_interfaces/cmake/motor_interfaces__rosidl_typesupport_introspection_cExport-noconfig.cmake
-- Up-to-date: /home/waldo/ros2_ws/src/install/motor_interfaces/share/motor_interfaces/cmake/motor_interfaces__rosidl_typesupport_cExport.cmake
-- Up-to-date: /home/waldo/ros2_ws/src/install/motor_interfaces/share/motor_interfaces/cmake/motor_interfaces__rosidl_typesupport_cExport-noconfig.cmake
-- Up-to-date: /home/waldo/ros2_ws/src/install/motor_interfaces/share/motor_interfaces/cmake/export_motor_interfaces__rosidl_generator_cppExport.cmake
-- Up-to-date: /home/waldo/ros2_ws/src/install/motor_interfaces/share/motor_interfaces/cmake/export_motor_interfaces__rosidl_typesupport_fastrtps_cppExport.cmake
-- Up-to-date: /home/waldo/ros2_ws/src/install/motor_interfaces/share/motor_interfaces/cmake/export_motor_interfaces__rosidl_typesupport_fastrtps_cppExport-noconfig.cmake
-- Up-to-date: /home/waldo/ros2_ws/src/install/motor_interfaces/share/motor_interfaces/cmake/motor_interfaces__rosidl_typesupport_introspection_cppExport.cmake
-- Up-to-date: /home/waldo/ros2_ws/src/install/motor_interfaces/share/motor_interfaces/cmake/motor_interfaces__rosidl_typesupport_introspection_cppExport-noconfig.cmake
-- Up-to-date: /home/waldo/ros2_ws/src/install/motor_interfaces/share/motor_interfaces/cmake/motor_interfaces__rosidl_typesupport_cppExport.cmake
-- Up-to-date: /home/waldo/ros2_ws/src/install/motor_interfaces/share/motor_interfaces/cmake/motor_interfaces__rosidl_typesupport_cppExport-noconfig.cmake
-- Up-to-date: /home/waldo/ros2_ws/src/install/motor_interfaces/share/motor_interfaces/cmake/export_motor_interfaces__rosidl_generator_pyExport.cmake
-- Up-to-date: /home/waldo/ros2_ws/src/install/motor_interfaces/share/motor_interfaces/cmake/export_motor_interfaces__rosidl_generator_pyExport-noconfig.cmake
-- Up-to-date: /home/waldo/ros2_ws/src/install/motor_interfaces/share/motor_interfaces/cmake/rosidl_cmake-extras.cmake
-- Up-to-date: /home/waldo/ros2_ws/src/install/motor_interfaces/share/motor_interfaces/cmake/ament_cmake_export_include_directories-extras.cmake
-- Up-to-date: /home/waldo/ros2_ws/src/install/motor_interfaces/share/motor_interfaces/cmake/ament_cmake_export_libraries-extras.cmake
-- Up-to-date: /home/waldo/ros2_ws/src/install/motor_interfaces/share/motor_interfaces/cmake/ament_cmake_export_targets-extras.cmake
-- Up-to-date: /home/waldo/ros2_ws/src/install/motor_interfaces/share/motor_interfaces/cmake/rosidl_cmake_export_typesupport_targets-extras.cmake
-- Up-to-date: /home/waldo/ros2_ws/src/install/motor_interfaces/share/motor_interfaces/cmake/ament_cmake_export_dependencies-extras.cmake
-- Up-to-date: /home/waldo/ros2_ws/src/install/motor_interfaces/share/motor_interfaces/cmake/rosidl_cmake_export_typesupport_libraries-extras.cmake
-- Up-to-date: /home/waldo/ros2_ws/src/install/motor_interfaces/share/motor_interfaces/cmake/motor_interfacesConfig.cmake
-- Up-to-date: /home/waldo/ros2_ws/src/install/motor_interfaces/share/motor_interfaces/cmake/motor_interfacesConfig-version.cmake
-- Up-to-date: /home/waldo/ros2_ws/src/install/motor_interfaces/share/motor_interfaces/package.xml
